[ 2015-11-11T11:42:17+08:00 ] 127.0.0.1 /99m/index.php/Home/User/register.html
INFO: [ app_init ] --START--
INFO: Run Behavior\BuildLiteBehavior [ RunTime:0.000000s ]
INFO: [ app_init ] --END-- [ RunTime:0.017001s ]
INFO: [ app_begin ] --START--
INFO: Run Behavior\ReadHtmlCacheBehavior [ RunTime:0.001000s ]
INFO: [ app_begin ] --END-- [ RunTime:0.001000s ]
INFO: [ view_parse ] --START--
INFO: [ template_filter ] --START--
INFO: Run Behavior\ContentReplaceBehavior [ RunTime:0.017001s ]
INFO: [ template_filter ] --END-- [ RunTime:0.017001s ]
INFO: Run Behavior\ParseTemplateBehavior [ RunTime:0.028002s ]
INFO: [ view_parse ] --END-- [ RunTime:0.028002s ]
INFO: [ view_filter ] --START--
INFO: Run Behavior\WriteHtmlCacheBehavior [ RunTime:0.002000s ]
INFO: [ view_filter ] --END-- [ RunTime:0.002000s ]
INFO: [ app_end ] --START--
INFO: Run Behavior\ShowPageTraceBehavior [ RunTime:0.002000s ]
INFO: [ app_end ] --END-- [ RunTime:0.002000s ]

[ 2015-11-11T11:56:16+08:00 ] 127.0.0.1 /99m/index.php/Home/User/register.html
INFO: [ app_init ] --START--
INFO: Run Behavior\BuildLiteBehavior [ RunTime:0.000000s ]
INFO: [ app_init ] --END-- [ RunTime:0.001000s ]
INFO: [ app_begin ] --START--
INFO: Run Behavior\ReadHtmlCacheBehavior [ RunTime:0.001000s ]
INFO: [ app_begin ] --END-- [ RunTime:0.002000s ]
INFO: [ view_parse ] --START--
INFO: [ template_filter ] --START--
INFO: Run Behavior\ContentReplaceBehavior [ RunTime:0.000000s ]
INFO: [ template_filter ] --END-- [ RunTime:0.000000s ]
INFO: Run Behavior\ParseTemplateBehavior [ RunTime:0.023001s ]
INFO: [ view_parse ] --END-- [ RunTime:0.023001s ]
INFO: [ view_filter ] --START--
INFO: Run Behavior\WriteHtmlCacheBehavior [ RunTime:0.012001s ]
INFO: [ view_filter ] --END-- [ RunTime:0.012001s ]
INFO: [ app_end ] --START--
INFO: Run Behavior\ShowPageTraceBehavior [ RunTime:0.007000s ]
INFO: [ app_end ] --END-- [ RunTime:0.007000s ]

[ 2015-11-11T11:56:45+08:00 ] 127.0.0.1 /99m/index.php/Home/User/register.html
INFO: [ app_init ] --START--
INFO: Run Behavior\BuildLiteBehavior [ RunTime:0.000000s ]
INFO: [ app_init ] --END-- [ RunTime:0.001000s ]
INFO: [ app_begin ] --START--
INFO: Run Behavior\ReadHtmlCacheBehavior [ RunTime:0.002000s ]
INFO: [ app_begin ] --END-- [ RunTime:0.002000s ]
SQL: SHOW COLUMNS FROM `tp_user` [ RunTime:0.0560s ]
NOTIC: [2] Illegal string offset 'username' D:\wamp\www\99m\99m\Home\Model\UserModel.class.php 第 14 行.
SQL: SELECT * FROM `tp_user` WHERE ( uname='1' )  [ RunTime:0.0170s ]
NOTIC: [2] Illegal string offset 'pwd' D:\wamp\www\99m\99m\Home\Model\UserModel.class.php 第 21 行.
NOTIC: [2] Illegal string offset 'pwd' D:\wamp\www\99m\99m\Home\Model\UserModel.class.php 第 28 行.
NOTIC: [2] Illegal string offset 'pwd_confirm' D:\wamp\www\99m\99m\Home\Model\UserModel.class.php 第 28 行.
NOTIC: [2] Illegal string offset 'username' D:\wamp\www\99m\99m\Home\Model\UserModel.class.php 第 54 行.
NOTIC: [2] Illegal string offset 'pwd' D:\wamp\www\99m\99m\Home\Model\UserModel.class.php 第 55 行.

[ 2015-11-11T11:58:59+08:00 ] 127.0.0.1 /99m/index.php/Home/User/register.html
INFO: [ app_init ] --START--
INFO: Run Behavior\BuildLiteBehavior [ RunTime:0.000000s ]
INFO: [ app_init ] --END-- [ RunTime:0.001000s ]
INFO: [ app_begin ] --START--
INFO: Run Behavior\ReadHtmlCacheBehavior [ RunTime:0.003000s ]
INFO: [ app_begin ] --END-- [ RunTime:0.003000s ]
SQL: SHOW COLUMNS FROM `tp_user` [ RunTime:0.0080s ]
NOTIC: [2] Illegal string offset 'username' D:\wamp\www\99m\99m\Home\Model\UserModel.class.php 第 14 行.
SQL: SELECT * FROM `tp_user` WHERE ( uname='1' )  [ RunTime:0.0010s ]
NOTIC: [2] Illegal string offset 'pwd' D:\wamp\www\99m\99m\Home\Model\UserModel.class.php 第 21 行.
NOTIC: [2] Illegal string offset 'pwd' D:\wamp\www\99m\99m\Home\Model\UserModel.class.php 第 28 行.
NOTIC: [2] Illegal string offset 'pwd_confirm' D:\wamp\www\99m\99m\Home\Model\UserModel.class.php 第 28 行.
NOTIC: [2] Illegal string offset 'username' D:\wamp\www\99m\99m\Home\Model\UserModel.class.php 第 54 行.
NOTIC: [2] Illegal string offset 'pwd' D:\wamp\www\99m\99m\Home\Model\UserModel.class.php 第 55 行.

[ 2015-11-11T11:59:03+08:00 ] 127.0.0.1 /99m/index.php/Home/User/register.html
INFO: [ app_init ] --START--
INFO: Run Behavior\BuildLiteBehavior [ RunTime:0.000000s ]
INFO: [ app_init ] --END-- [ RunTime:0.002000s ]
INFO: [ app_begin ] --START--
INFO: Run Behavior\ReadHtmlCacheBehavior [ RunTime:0.004001s ]
INFO: [ app_begin ] --END-- [ RunTime:0.004001s ]
INFO: [ view_parse ] --START--
INFO: [ template_filter ] --START--
INFO: Run Behavior\ContentReplaceBehavior [ RunTime:0.001000s ]
INFO: [ template_filter ] --END-- [ RunTime:0.001000s ]
INFO: Run Behavior\ParseTemplateBehavior [ RunTime:0.019001s ]
INFO: [ view_parse ] --END-- [ RunTime:0.019001s ]
INFO: [ view_filter ] --START--
INFO: Run Behavior\WriteHtmlCacheBehavior [ RunTime:0.003000s ]
INFO: [ view_filter ] --END-- [ RunTime:0.003000s ]
INFO: [ app_end ] --START--
INFO: Run Behavior\ShowPageTraceBehavior [ RunTime:0.003000s ]
INFO: [ app_end ] --END-- [ RunTime:0.003000s ]

[ 2015-11-11T11:59:11+08:00 ] 127.0.0.1 /99m/index.php/Home/User/register.html
INFO: [ app_init ] --START--
INFO: Run Behavior\BuildLiteBehavior [ RunTime:0.000000s ]
INFO: [ app_init ] --END-- [ RunTime:0.001000s ]
INFO: [ app_begin ] --START--
INFO: Run Behavior\ReadHtmlCacheBehavior [ RunTime:0.001000s ]
INFO: [ app_begin ] --END-- [ RunTime:0.001000s ]
SQL: SHOW COLUMNS FROM `tp_user` [ RunTime:0.0080s ]
NOTIC: [8] Undefined index: pwd D:\wamp\www\99m\99m\Home\Controller\UserController.class.php 第 15 行.
NOTIC: [8] Undefined index: username D:\wamp\www\99m\99m\Home\Controller\UserController.class.php 第 15 行.
NOTIC: [8] Undefined index: pwd_confirm D:\wamp\www\99m\99m\Home\Controller\UserController.class.php 第 15 行.
SQL: SELECT * FROM `tp_user` WHERE ( uname='' )  [ RunTime:0.0010s ]

[ 2015-11-11T12:01:57+08:00 ] 127.0.0.1 /99m/index.php/Home/User/register.html
INFO: [ app_init ] --START--
INFO: Run Behavior\BuildLiteBehavior [ RunTime:0.000000s ]
INFO: [ app_init ] --END-- [ RunTime:0.001000s ]
INFO: [ app_begin ] --START--
INFO: Run Behavior\ReadHtmlCacheBehavior [ RunTime:0.002000s ]
INFO: [ app_begin ] --END-- [ RunTime:0.002000s ]
INFO: [ view_parse ] --START--
INFO: [ template_filter ] --START--
INFO: Run Behavior\ContentReplaceBehavior [ RunTime:0.000000s ]
INFO: [ template_filter ] --END-- [ RunTime:0.000000s ]
INFO: Run Behavior\ParseTemplateBehavior [ RunTime:0.014001s ]
INFO: [ view_parse ] --END-- [ RunTime:0.015001s ]
INFO: [ view_filter ] --START--
INFO: Run Behavior\WriteHtmlCacheBehavior [ RunTime:0.002000s ]
INFO: [ view_filter ] --END-- [ RunTime:0.002000s ]
INFO: [ app_end ] --START--
INFO: Run Behavior\ShowPageTraceBehavior [ RunTime:0.002000s ]
INFO: [ app_end ] --END-- [ RunTime:0.003000s ]

[ 2015-11-11T12:02:05+08:00 ] 127.0.0.1 /99m/index.php/Home/User/register.html
INFO: [ app_init ] --START--
INFO: Run Behavior\BuildLiteBehavior [ RunTime:0.000000s ]
INFO: [ app_init ] --END-- [ RunTime:0.001000s ]
INFO: [ app_begin ] --START--
INFO: Run Behavior\ReadHtmlCacheBehavior [ RunTime:0.002000s ]
INFO: [ app_begin ] --END-- [ RunTime:0.002000s ]
SQL: SHOW COLUMNS FROM `tp_user` [ RunTime:0.0060s ]
NOTIC: [2] Illegal string offset 'username' D:\wamp\www\99m\99m\Home\Model\UserModel.class.php 第 14 行.
SQL: SELECT * FROM `tp_user` WHERE ( uname='1' )  [ RunTime:0.0010s ]
NOTIC: [2] Illegal string offset 'pwd' D:\wamp\www\99m\99m\Home\Model\UserModel.class.php 第 21 行.
NOTIC: [2] Illegal string offset 'pwd' D:\wamp\www\99m\99m\Home\Model\UserModel.class.php 第 28 行.
NOTIC: [2] Illegal string offset 'pwd_confirm' D:\wamp\www\99m\99m\Home\Model\UserModel.class.php 第 28 行.
NOTIC: [2] Illegal string offset 'username' D:\wamp\www\99m\99m\Home\Model\UserModel.class.php 第 54 行.
NOTIC: [2] Illegal string offset 'pwd' D:\wamp\www\99m\99m\Home\Model\UserModel.class.php 第 55 行.

[ 2015-11-11T14:00:23+08:00 ] 127.0.0.1 /99m/index.php/Home/User/register.html
INFO: [ app_init ] --START--
INFO: Run Behavior\BuildLiteBehavior [ RunTime:0.000000s ]
INFO: [ app_init ] --END-- [ RunTime:0.104006s ]
INFO: [ app_begin ] --START--
INFO: Run Behavior\ReadHtmlCacheBehavior [ RunTime:0.002000s ]
INFO: [ app_begin ] --END-- [ RunTime:0.002000s ]
INFO: [ view_parse ] --START--
INFO: [ template_filter ] --START--
INFO: Run Behavior\ContentReplaceBehavior [ RunTime:0.046003s ]
INFO: [ template_filter ] --END-- [ RunTime:0.046003s ]
INFO: Run Behavior\ParseTemplateBehavior [ RunTime:0.237013s ]
INFO: [ view_parse ] --END-- [ RunTime:0.237013s ]
INFO: [ view_filter ] --START--
INFO: Run Behavior\WriteHtmlCacheBehavior [ RunTime:0.022001s ]
INFO: [ view_filter ] --END-- [ RunTime:0.022001s ]
INFO: [ app_end ] --START--
INFO: Run Behavior\ShowPageTraceBehavior [ RunTime:0.015001s ]
INFO: [ app_end ] --END-- [ RunTime:0.015001s ]

[ 2015-11-11T14:00:41+08:00 ] 127.0.0.1 /99m/index.php/Home/User/register.html
INFO: [ app_init ] --START--
INFO: Run Behavior\BuildLiteBehavior [ RunTime:0.000000s ]
INFO: [ app_init ] --END-- [ RunTime:0.001000s ]
INFO: [ app_begin ] --START--
INFO: Run Behavior\ReadHtmlCacheBehavior [ RunTime:0.001000s ]
INFO: [ app_begin ] --END-- [ RunTime:0.001000s ]
SQL: SHOW COLUMNS FROM `tp_user` [ RunTime:0.4300s ]
NOTIC: [2] Illegal string offset 'username' D:\wamp\www\99m\99m\Home\Model\UserModel.class.php 第 14 行.
SQL: SELECT * FROM `tp_user` WHERE ( uname='1' )  [ RunTime:0.0410s ]
NOTIC: [2] Illegal string offset 'pwd' D:\wamp\www\99m\99m\Home\Model\UserModel.class.php 第 21 行.
NOTIC: [2] Illegal string offset 'pwd' D:\wamp\www\99m\99m\Home\Model\UserModel.class.php 第 28 行.
NOTIC: [2] Illegal string offset 'pwd_confirm' D:\wamp\www\99m\99m\Home\Model\UserModel.class.php 第 28 行.
NOTIC: [2] Illegal string offset 'username' D:\wamp\www\99m\99m\Home\Model\UserModel.class.php 第 54 行.
NOTIC: [2] Illegal string offset 'pwd' D:\wamp\www\99m\99m\Home\Model\UserModel.class.php 第 55 行.

[ 2015-11-11T14:01:20+08:00 ] 127.0.0.1 /99m/index.php/Home/User/register.html
INFO: [ app_init ] --START--
INFO: Run Behavior\BuildLiteBehavior [ RunTime:0.000000s ]
INFO: [ app_init ] --END-- [ RunTime:0.000000s ]
INFO: [ app_begin ] --START--
INFO: Run Behavior\ReadHtmlCacheBehavior [ RunTime:0.001000s ]
INFO: [ app_begin ] --END-- [ RunTime:0.001000s ]
INFO: [ view_parse ] --START--
INFO: [ template_filter ] --START--
INFO: Run Behavior\ContentReplaceBehavior [ RunTime:0.000000s ]
INFO: [ template_filter ] --END-- [ RunTime:0.000000s ]
INFO: Run Behavior\ParseTemplateBehavior [ RunTime:0.009001s ]
INFO: [ view_parse ] --END-- [ RunTime:0.009001s ]
INFO: [ view_filter ] --START--
INFO: Run Behavior\WriteHtmlCacheBehavior [ RunTime:0.001000s ]
INFO: [ view_filter ] --END-- [ RunTime:0.002000s ]
INFO: [ app_end ] --START--
INFO: Run Behavior\ShowPageTraceBehavior [ RunTime:0.001000s ]
INFO: [ app_end ] --END-- [ RunTime:0.001000s ]

[ 2015-11-11T14:01:29+08:00 ] 127.0.0.1 /99m/index.php/Home/User/register.html
INFO: [ app_init ] --START--
INFO: Run Behavior\BuildLiteBehavior [ RunTime:0.000000s ]
INFO: [ app_init ] --END-- [ RunTime:0.001000s ]
INFO: [ app_begin ] --START--
INFO: Run Behavior\ReadHtmlCacheBehavior [ RunTime:0.002000s ]
INFO: [ app_begin ] --END-- [ RunTime:0.002000s ]
SQL: SHOW COLUMNS FROM `tp_user` [ RunTime:0.0070s ]
NOTIC: [2] Illegal string offset 'username' D:\wamp\www\99m\99m\Home\Model\UserModel.class.php 第 14 行.
SQL: SELECT * FROM `tp_user` WHERE ( uname='m' )  [ RunTime:0.0010s ]
NOTIC: [2] Illegal string offset 'pwd' D:\wamp\www\99m\99m\Home\Model\UserModel.class.php 第 21 行.
NOTIC: [2] Illegal string offset 'pwd' D:\wamp\www\99m\99m\Home\Model\UserModel.class.php 第 28 行.
NOTIC: [2] Illegal string offset 'pwd_confirm' D:\wamp\www\99m\99m\Home\Model\UserModel.class.php 第 28 行.
NOTIC: [2] Illegal string offset 'username' D:\wamp\www\99m\99m\Home\Model\UserModel.class.php 第 54 行.
NOTIC: [2] Illegal string offset 'pwd' D:\wamp\www\99m\99m\Home\Model\UserModel.class.php 第 55 行.

[ 2015-11-11T15:48:24+08:00 ] 127.0.0.1 /99m/index.php/Home/User/register.html
INFO: [ app_init ] --START--
INFO: Run Behavior\BuildLiteBehavior [ RunTime:0.000000s ]
INFO: [ app_init ] --END-- [ RunTime:0.053003s ]
INFO: [ app_begin ] --START--
INFO: Run Behavior\ReadHtmlCacheBehavior [ RunTime:0.003000s ]
INFO: [ app_begin ] --END-- [ RunTime:0.004000s ]
INFO: [ view_parse ] --START--
INFO: [ template_filter ] --START--
INFO: Run Behavior\ContentReplaceBehavior [ RunTime:0.001000s ]
INFO: [ template_filter ] --END-- [ RunTime:0.001000s ]
INFO: Run Behavior\ParseTemplateBehavior [ RunTime:0.119007s ]
INFO: [ view_parse ] --END-- [ RunTime:0.119007s ]
INFO: [ view_filter ] --START--
INFO: Run Behavior\WriteHtmlCacheBehavior [ RunTime:0.019001s ]
INFO: [ view_filter ] --END-- [ RunTime:0.020001s ]
INFO: [ app_end ] --START--
INFO: Run Behavior\ShowPageTraceBehavior [ RunTime:0.006000s ]
INFO: [ app_end ] --END-- [ RunTime:0.006000s ]

[ 2015-11-11T15:48:44+08:00 ] 127.0.0.1 /99m/index.php/Home/User/register.html
INFO: [ app_init ] --START--
INFO: Run Behavior\BuildLiteBehavior [ RunTime:0.000000s ]
INFO: [ app_init ] --END-- [ RunTime:0.000000s ]
INFO: [ app_begin ] --START--
INFO: Run Behavior\ReadHtmlCacheBehavior [ RunTime:0.001000s ]
INFO: [ app_begin ] --END-- [ RunTime:0.002000s ]
SQL: SHOW COLUMNS FROM `tp_user` [ RunTime:0.3120s ]
NOTIC: [2] Illegal string offset 'username' D:\wamp\www\99m\99m\Home\Model\UserModel.class.php 第 12 行.
SQL: SELECT * FROM `tp_user` WHERE ( uname='t' )  [ RunTime:0.0240s ]
NOTIC: [2] Illegal string offset 'pwd' D:\wamp\www\99m\99m\Home\Model\UserModel.class.php 第 19 行.
NOTIC: [2] Illegal string offset 'pwd' D:\wamp\www\99m\99m\Home\Model\UserModel.class.php 第 26 行.
NOTIC: [2] Illegal string offset 'pwd_confirm' D:\wamp\www\99m\99m\Home\Model\UserModel.class.php 第 26 行.
NOTIC: [2] Illegal string offset 'pwd' D:\wamp\www\99m\99m\Home\Model\UserModel.class.php 第 34 行.

[ 2015-11-11T15:51:06+08:00 ] 127.0.0.1 /99m/index.php/Home/User/register.html
INFO: [ app_init ] --START--
INFO: Run Behavior\BuildLiteBehavior [ RunTime:0.000000s ]
INFO: [ app_init ] --END-- [ RunTime:0.001000s ]
INFO: [ app_begin ] --START--
INFO: Run Behavior\ReadHtmlCacheBehavior [ RunTime:0.002000s ]
INFO: [ app_begin ] --END-- [ RunTime:0.002000s ]
SQL: SHOW COLUMNS FROM `tp_user` [ RunTime:0.0090s ]
NOTIC: [2] Illegal string offset 'username' D:\wamp\www\99m\99m\Home\Model\UserModel.class.php 第 12 行.
SQL: SELECT * FROM `tp_user` WHERE ( uname='t' )  [ RunTime:0.0010s ]
NOTIC: [2] Illegal string offset 'pwd' D:\wamp\www\99m\99m\Home\Model\UserModel.class.php 第 19 行.
NOTIC: [2] Illegal string offset 'pwd' D:\wamp\www\99m\99m\Home\Model\UserModel.class.php 第 26 行.
NOTIC: [2] Illegal string offset 'pwd_confirm' D:\wamp\www\99m\99m\Home\Model\UserModel.class.php 第 26 行.
NOTIC: [2] Illegal string offset 'pwd' D:\wamp\www\99m\99m\Home\Model\UserModel.class.php 第 34 行.

[ 2015-11-11T15:51:10+08:00 ] 127.0.0.1 /99m/index.php/Home/User/register.html
INFO: [ app_init ] --START--
INFO: Run Behavior\BuildLiteBehavior [ RunTime:0.000000s ]
INFO: [ app_init ] --END-- [ RunTime:0.001000s ]
INFO: [ app_begin ] --START--
INFO: Run Behavior\ReadHtmlCacheBehavior [ RunTime:0.001000s ]
INFO: [ app_begin ] --END-- [ RunTime:0.001000s ]
INFO: [ view_parse ] --START--
INFO: [ template_filter ] --START--
INFO: Run Behavior\ContentReplaceBehavior [ RunTime:0.000000s ]
INFO: [ template_filter ] --END-- [ RunTime:0.000000s ]
INFO: Run Behavior\ParseTemplateBehavior [ RunTime:0.011001s ]
INFO: [ view_parse ] --END-- [ RunTime:0.011001s ]
INFO: [ view_filter ] --START--
INFO: Run Behavior\WriteHtmlCacheBehavior [ RunTime:0.002000s ]
INFO: [ view_filter ] --END-- [ RunTime:0.002000s ]
INFO: [ app_end ] --START--
INFO: Run Behavior\ShowPageTraceBehavior [ RunTime:0.001000s ]
INFO: [ app_end ] --END-- [ RunTime:0.002000s ]

[ 2015-11-11T15:51:20+08:00 ] 127.0.0.1 /99m/index.php/Home/User/register.html
INFO: [ app_init ] --START--
INFO: Run Behavior\BuildLiteBehavior [ RunTime:0.000000s ]
INFO: [ app_init ] --END-- [ RunTime:0.001000s ]
INFO: [ app_begin ] --START--
INFO: Run Behavior\ReadHtmlCacheBehavior [ RunTime:0.002000s ]
INFO: [ app_begin ] --END-- [ RunTime:0.002000s ]
SQL: SHOW COLUMNS FROM `tp_user` [ RunTime:0.0070s ]
NOTIC: [2] Illegal string offset 'username' D:\wamp\www\99m\99m\Home\Model\UserModel.class.php 第 12 行.
SQL: SELECT * FROM `tp_user` WHERE ( uname='c' )  [ RunTime:0.0000s ]
NOTIC: [2] Illegal string offset 'pwd' D:\wamp\www\99m\99m\Home\Model\UserModel.class.php 第 19 行.
NOTIC: [2] Illegal string offset 'pwd' D:\wamp\www\99m\99m\Home\Model\UserModel.class.php 第 26 行.
NOTIC: [2] Illegal string offset 'pwd_confirm' D:\wamp\www\99m\99m\Home\Model\UserModel.class.php 第 26 行.
NOTIC: [2] Illegal string offset 'pwd' D:\wamp\www\99m\99m\Home\Model\UserModel.class.php 第 34 行.

[ 2015-11-11T15:53:31+08:00 ] 127.0.0.1 /99m/index.php/Home/User/register.html
INFO: [ app_init ] --START--
INFO: Run Behavior\BuildLiteBehavior [ RunTime:0.000000s ]
INFO: [ app_init ] --END-- [ RunTime:0.000000s ]
INFO: [ app_begin ] --START--
INFO: Run Behavior\ReadHtmlCacheBehavior [ RunTime:0.002000s ]
INFO: [ app_begin ] --END-- [ RunTime:0.002000s ]
ERR: Think\Controller:D方法不存在！

[ 2015-11-11T15:54:24+08:00 ] 127.0.0.1 /99m/index.php/Home/User/register.html
INFO: [ app_init ] --START--
INFO: Run Behavior\BuildLiteBehavior [ RunTime:0.000000s ]
INFO: [ app_init ] --END-- [ RunTime:0.001000s ]
INFO: [ app_begin ] --START--
INFO: Run Behavior\ReadHtmlCacheBehavior [ RunTime:0.001000s ]
INFO: [ app_begin ] --END-- [ RunTime:0.002000s ]
ERR: Think\Controller:D方法不存在！

[ 2015-11-11T15:58:03+08:00 ] 127.0.0.1 /99m/index.php/Home/User/register.html
INFO: [ app_init ] --START--
INFO: Run Behavior\BuildLiteBehavior [ RunTime:0.000000s ]
INFO: [ app_init ] --END-- [ RunTime:0.001000s ]
INFO: [ app_begin ] --START--
INFO: Run Behavior\ReadHtmlCacheBehavior [ RunTime:0.001000s ]
INFO: [ app_begin ] --END-- [ RunTime:0.002000s ]
INFO: [ view_parse ] --START--
INFO: [ template_filter ] --START--
INFO: Run Behavior\ContentReplaceBehavior [ RunTime:0.000000s ]
INFO: [ template_filter ] --END-- [ RunTime:0.000000s ]
INFO: Run Behavior\ParseTemplateBehavior [ RunTime:0.013001s ]
INFO: [ view_parse ] --END-- [ RunTime:0.013001s ]
INFO: [ view_filter ] --START--
INFO: Run Behavior\WriteHtmlCacheBehavior [ RunTime:0.001000s ]
INFO: [ view_filter ] --END-- [ RunTime:0.002000s ]
INFO: [ app_end ] --START--
INFO: Run Behavior\ShowPageTraceBehavior [ RunTime:0.001000s ]
INFO: [ app_end ] --END-- [ RunTime:0.001000s ]

[ 2015-11-11T15:58:14+08:00 ] 127.0.0.1 /99m/index.php/Home/User/register.html
INFO: [ app_init ] --START--
INFO: Run Behavior\BuildLiteBehavior [ RunTime:0.000000s ]
INFO: [ app_init ] --END-- [ RunTime:0.001000s ]
INFO: [ app_begin ] --START--
INFO: Run Behavior\ReadHtmlCacheBehavior [ RunTime:0.001000s ]
INFO: [ app_begin ] --END-- [ RunTime:0.001000s ]
SQL: SHOW COLUMNS FROM `tp_user` [ RunTime:0.0070s ]
NOTIC: [2] Illegal string offset 'username' D:\wamp\www\99m\99m\Home\Model\UserModel.class.php 第 12 行.
SQL: SELECT * FROM `tp_user` WHERE ( uname='c' )  [ RunTime:0.0010s ]
NOTIC: [2] Illegal string offset 'pwd' D:\wamp\www\99m\99m\Home\Model\UserModel.class.php 第 19 行.
NOTIC: [2] Illegal string offset 'pwd' D:\wamp\www\99m\99m\Home\Model\UserModel.class.php 第 26 行.
NOTIC: [2] Illegal string offset 'pwd_confirm' D:\wamp\www\99m\99m\Home\Model\UserModel.class.php 第 26 行.
NOTIC: [2] Illegal string offset 'username' D:\wamp\www\99m\99m\Home\Model\UserModel.class.php 第 52 行.
NOTIC: [2] Illegal string offset 'pwd' D:\wamp\www\99m\99m\Home\Model\UserModel.class.php 第 53 行.
SQL: INSERT INTO `tp_user` (`uname`,`upwd`,`ip`,`last_time`) VALUES ('c','c','127.0.0.1','1447228694') [ RunTime:0.0630s ]

[ 2015-11-11T16:54:56+08:00 ] 127.0.0.1 /99m/index.php/Home/User/register.html
INFO: [ app_init ] --START--
INFO: Run Behavior\BuildLiteBehavior [ RunTime:0.000000s ]
INFO: [ app_init ] --END-- [ RunTime:0.001000s ]
INFO: [ app_begin ] --START--
INFO: Run Behavior\ReadHtmlCacheBehavior [ RunTime:0.002000s ]
INFO: [ app_begin ] --END-- [ RunTime:0.002000s ]
INFO: [ view_parse ] --START--
INFO: [ template_filter ] --START--
INFO: Run Behavior\ContentReplaceBehavior [ RunTime:0.045003s ]
INFO: [ template_filter ] --END-- [ RunTime:0.045003s ]
INFO: Run Behavior\ParseTemplateBehavior [ RunTime:0.163009s ]
INFO: [ view_parse ] --END-- [ RunTime:0.163009s ]
INFO: [ view_filter ] --START--
INFO: Run Behavior\WriteHtmlCacheBehavior [ RunTime:0.030002s ]
INFO: [ view_filter ] --END-- [ RunTime:0.030002s ]
INFO: [ app_end ] --START--
INFO: Run Behavior\ShowPageTraceBehavior [ RunTime:0.040002s ]
INFO: [ app_end ] --END-- [ RunTime:0.040002s ]

[ 2015-11-11T16:55:42+08:00 ] 127.0.0.1 /99m/index.php/Home/User/register.html
INFO: [ app_init ] --START--
INFO: Run Behavior\BuildLiteBehavior [ RunTime:0.000000s ]
INFO: [ app_init ] --END-- [ RunTime:0.001000s ]
INFO: [ app_begin ] --START--
INFO: Run Behavior\ReadHtmlCacheBehavior [ RunTime:0.002000s ]
INFO: [ app_begin ] --END-- [ RunTime:0.002000s ]
INFO: [ view_parse ] --START--
INFO: [ template_filter ] --START--
INFO: Run Behavior\ContentReplaceBehavior [ RunTime:0.000000s ]
INFO: [ template_filter ] --END-- [ RunTime:0.000000s ]
INFO: Run Behavior\ParseTemplateBehavior [ RunTime:0.021002s ]
INFO: [ view_parse ] --END-- [ RunTime:0.022002s ]
INFO: [ view_filter ] --START--
INFO: Run Behavior\WriteHtmlCacheBehavior [ RunTime:0.001000s ]
INFO: [ view_filter ] --END-- [ RunTime:0.001000s ]
INFO: [ app_end ] --START--
INFO: Run Behavior\ShowPageTraceBehavior [ RunTime:0.002000s ]
INFO: [ app_end ] --END-- [ RunTime:0.003000s ]

[ 2015-11-11T16:55:52+08:00 ] 127.0.0.1 /99m/index.php/Home/User/register.html
INFO: [ app_init ] --START--
INFO: Run Behavior\BuildLiteBehavior [ RunTime:0.000000s ]
INFO: [ app_init ] --END-- [ RunTime:0.001000s ]
INFO: [ app_begin ] --START--
INFO: Run Behavior\ReadHtmlCacheBehavior [ RunTime:0.003000s ]
INFO: [ app_begin ] --END-- [ RunTime:0.003000s ]
SQL: SHOW COLUMNS FROM `tp_user` [ RunTime:0.4930s ]
NOTIC: [2] Illegal string offset 'username' D:\wamp\www\99m\App\Home\Model\UserModel.class.php 第 12 行.
SQL: SELECT * FROM `tp_user` WHERE ( uname='a' )  [ RunTime:0.0160s ]
NOTIC: [2] Illegal string offset 'pwd' D:\wamp\www\99m\App\Home\Model\UserModel.class.php 第 19 行.
NOTIC: [2] Illegal string offset 'pwd' D:\wamp\www\99m\App\Home\Model\UserModel.class.php 第 26 行.
NOTIC: [2] Illegal string offset 'pwd_confirm' D:\wamp\www\99m\App\Home\Model\UserModel.class.php 第 26 行.
NOTIC: [2] Illegal string offset 'username' D:\wamp\www\99m\App\Home\Model\UserModel.class.php 第 52 行.
NOTIC: [2] Illegal string offset 'pwd' D:\wamp\www\99m\App\Home\Model\UserModel.class.php 第 53 行.
SQL: INSERT INTO `tp_user` (`uname`,`upwd`,`ip`,`last_time`) VALUES ('a','a','127.0.0.1','1447232152') [ RunTime:0.0080s ]

[ 2015-11-11T16:56:48+08:00 ] 127.0.0.1 /99m/index.php/Home/User/register.html
INFO: [ app_init ] --START--
INFO: Run Behavior\BuildLiteBehavior [ RunTime:0.000000s ]
INFO: [ app_init ] --END-- [ RunTime:0.001000s ]
INFO: [ app_begin ] --START--
INFO: Run Behavior\ReadHtmlCacheBehavior [ RunTime:0.002000s ]
INFO: [ app_begin ] --END-- [ RunTime:0.002000s ]
INFO: [ view_parse ] --START--
INFO: [ template_filter ] --START--
INFO: Run Behavior\ContentReplaceBehavior [ RunTime:0.000000s ]
INFO: [ template_filter ] --END-- [ RunTime:0.000000s ]
INFO: Run Behavior\ParseTemplateBehavior [ RunTime:0.014000s ]
INFO: [ view_parse ] --END-- [ RunTime:0.014000s ]
INFO: [ view_filter ] --START--
INFO: Run Behavior\WriteHtmlCacheBehavior [ RunTime:0.002000s ]
INFO: [ view_filter ] --END-- [ RunTime:0.002000s ]
INFO: [ app_end ] --START--
INFO: Run Behavior\ShowPageTraceBehavior [ RunTime:0.002001s ]
INFO: [ app_end ] --END-- [ RunTime:0.002001s ]

[ 2015-11-11T17:16:59+08:00 ] 127.0.0.1 /99m/index.php/Home/User/register.html
INFO: [ app_init ] --START--
INFO: Run Behavior\BuildLiteBehavior [ RunTime:0.000000s ]
INFO: [ app_init ] --END-- [ RunTime:0.017001s ]
INFO: [ app_begin ] --START--
INFO: Run Behavior\ReadHtmlCacheBehavior [ RunTime:0.002000s ]
INFO: [ app_begin ] --END-- [ RunTime:0.002000s ]
INFO: [ view_parse ] --START--
INFO: [ template_filter ] --START--
INFO: Run Behavior\ContentReplaceBehavior [ RunTime:0.000000s ]
INFO: [ template_filter ] --END-- [ RunTime:0.001000s ]
INFO: Run Behavior\ParseTemplateBehavior [ RunTime:0.047002s ]
INFO: [ view_parse ] --END-- [ RunTime:0.048002s ]
INFO: [ view_filter ] --START--
INFO: Run Behavior\WriteHtmlCacheBehavior [ RunTime:0.002001s ]
INFO: [ view_filter ] --END-- [ RunTime:0.002001s ]
INFO: [ app_end ] --START--
INFO: Run Behavior\ShowPageTraceBehavior [ RunTime:0.002000s ]
INFO: [ app_end ] --END-- [ RunTime:0.002000s ]

[ 2015-11-11T17:18:21+08:00 ] 127.0.0.1 /99m/index.php/Home/User/register.html
INFO: [ app_init ] --START--
INFO: Run Behavior\BuildLiteBehavior [ RunTime:0.000000s ]
INFO: [ app_init ] --END-- [ RunTime:0.001000s ]
INFO: [ app_begin ] --START--
INFO: Run Behavior\ReadHtmlCacheBehavior [ RunTime:0.002000s ]
INFO: [ app_begin ] --END-- [ RunTime:0.002000s ]
SQL: SHOW COLUMNS FROM `tp_user` [ RunTime:0.0630s ]
NOTIC: [2] Illegal string offset 'username' D:\wamp\www\99m\App\Home\Model\UserModel.class.php 第 12 行.
SQL: SELECT * FROM `tp_user` WHERE ( uname='c' )  [ RunTime:0.0010s ]
NOTIC: [2] Illegal string offset 'pwd' D:\wamp\www\99m\App\Home\Model\UserModel.class.php 第 19 行.
NOTIC: [2] Illegal string offset 'pwd' D:\wamp\www\99m\App\Home\Model\UserModel.class.php 第 26 行.
NOTIC: [2] Illegal string offset 'pwd_confirm' D:\wamp\www\99m\App\Home\Model\UserModel.class.php 第 26 行.
NOTIC: [2] Illegal string offset 'pwd' D:\wamp\www\99m\App\Home\Model\UserModel.class.php 第 33 行.

[ 2015-11-11T17:18:43+08:00 ] 127.0.0.1 /99m/index.php/Home/User/register.html
INFO: [ app_init ] --START--
INFO: Run Behavior\BuildLiteBehavior [ RunTime:0.000000s ]
INFO: [ app_init ] --END-- [ RunTime:0.000000s ]
INFO: [ app_begin ] --START--
INFO: Run Behavior\ReadHtmlCacheBehavior [ RunTime:0.002000s ]
INFO: [ app_begin ] --END-- [ RunTime:0.002000s ]
INFO: [ view_parse ] --START--
INFO: [ template_filter ] --START--
INFO: Run Behavior\ContentReplaceBehavior [ RunTime:0.001000s ]
INFO: [ template_filter ] --END-- [ RunTime:0.001000s ]
INFO: Run Behavior\ParseTemplateBehavior [ RunTime:0.011001s ]
INFO: [ view_parse ] --END-- [ RunTime:0.011001s ]
INFO: [ view_filter ] --START--
INFO: Run Behavior\WriteHtmlCacheBehavior [ RunTime:0.009001s ]
INFO: [ view_filter ] --END-- [ RunTime:0.009001s ]
INFO: [ app_end ] --START--
INFO: Run Behavior\ShowPageTraceBehavior [ RunTime:0.001000s ]
INFO: [ app_end ] --END-- [ RunTime:0.001000s ]

[ 2015-11-11T17:18:51+08:00 ] 127.0.0.1 /99m/index.php/Home/User/register.html
INFO: [ app_init ] --START--
INFO: Run Behavior\BuildLiteBehavior [ RunTime:0.000000s ]
INFO: [ app_init ] --END-- [ RunTime:0.001000s ]
INFO: [ app_begin ] --START--
INFO: Run Behavior\ReadHtmlCacheBehavior [ RunTime:0.002000s ]
INFO: [ app_begin ] --END-- [ RunTime:0.002000s ]
SQL: SHOW COLUMNS FROM `tp_user` [ RunTime:0.0340s ]
NOTIC: [2] Illegal string offset 'username' D:\wamp\www\99m\App\Home\Model\UserModel.class.php 第 12 行.
SQL: SELECT * FROM `tp_user` WHERE ( uname='c' )  [ RunTime:0.0000s ]
NOTIC: [2] Illegal string offset 'pwd' D:\wamp\www\99m\App\Home\Model\UserModel.class.php 第 19 行.
NOTIC: [2] Illegal string offset 'pwd' D:\wamp\www\99m\App\Home\Model\UserModel.class.php 第 26 行.
NOTIC: [2] Illegal string offset 'pwd_confirm' D:\wamp\www\99m\App\Home\Model\UserModel.class.php 第 26 行.
NOTIC: [2] Illegal string offset 'username' D:\wamp\www\99m\App\Home\Model\UserModel.class.php 第 51 行.
NOTIC: [2] Illegal string offset 'pwd' D:\wamp\www\99m\App\Home\Model\UserModel.class.php 第 52 行.
SQL: INSERT INTO `tp_user` (`uname`,`upwd`,`ip`,`last_time`) VALUES ('c','c','127.0.0.1','1447233531') [ RunTime:0.0160s ]

[ 2015-11-11T17:19:52+08:00 ] 127.0.0.1 /99m/index.php/Home/User/register.html
INFO: [ app_init ] --START--
INFO: Run Behavior\BuildLiteBehavior [ RunTime:0.001000s ]
INFO: [ app_init ] --END-- [ RunTime:0.001000s ]
INFO: [ app_begin ] --START--
INFO: Run Behavior\ReadHtmlCacheBehavior [ RunTime:0.001000s ]
INFO: [ app_begin ] --END-- [ RunTime:0.001000s ]
SQL: SHOW COLUMNS FROM `tp_user` [ RunTime:0.0070s ]
NOTIC: [2] Illegal string offset 'username' D:\wamp\www\99m\App\Home\Model\UserModel.class.php 第 12 行.
SQL: SELECT * FROM `tp_user` WHERE ( uname='c' )  [ RunTime:0.0000s ]
NOTIC: [2] Illegal string offset 'pwd' D:\wamp\www\99m\App\Home\Model\UserModel.class.php 第 19 行.
NOTIC: [2] Illegal string offset 'pwd' D:\wamp\www\99m\App\Home\Model\UserModel.class.php 第 26 行.
NOTIC: [2] Illegal string offset 'pwd_confirm' D:\wamp\www\99m\App\Home\Model\UserModel.class.php 第 26 行.
NOTIC: [2] Illegal string offset 'username' D:\wamp\www\99m\App\Home\Model\UserModel.class.php 第 51 行.
NOTIC: [2] Illegal string offset 'pwd' D:\wamp\www\99m\App\Home\Model\UserModel.class.php 第 52 行.
SQL: INSERT INTO `tp_user` (`uname`,`upwd`,`ip`,`last_time`) VALUES ('c','c','127.0.0.1','1447233592') [ RunTime:0.0010s ]

[ 2015-11-11T17:19:56+08:00 ] 127.0.0.1 /99m/index.php/Home/User/register.html
INFO: [ app_init ] --START--
INFO: Run Behavior\BuildLiteBehavior [ RunTime:0.000000s ]
INFO: [ app_init ] --END-- [ RunTime:0.001000s ]
INFO: [ app_begin ] --START--
INFO: Run Behavior\ReadHtmlCacheBehavior [ RunTime:0.001000s ]
INFO: [ app_begin ] --END-- [ RunTime:0.002000s ]
INFO: [ view_parse ] --START--
INFO: [ template_filter ] --START--
INFO: Run Behavior\ContentReplaceBehavior [ RunTime:0.000000s ]
INFO: [ template_filter ] --END-- [ RunTime:0.001000s ]
INFO: Run Behavior\ParseTemplateBehavior [ RunTime:0.011000s ]
INFO: [ view_parse ] --END-- [ RunTime:0.011000s ]
INFO: [ view_filter ] --START--
INFO: Run Behavior\WriteHtmlCacheBehavior [ RunTime:0.001000s ]
INFO: [ view_filter ] --END-- [ RunTime:0.001000s ]
INFO: [ app_end ] --START--
INFO: Run Behavior\ShowPageTraceBehavior [ RunTime:0.002000s ]
INFO: [ app_end ] --END-- [ RunTime:0.002000s ]

[ 2015-11-11T17:20:12+08:00 ] 127.0.0.1 /99m/index.php/Home/User/register.html
INFO: [ app_init ] --START--
INFO: Run Behavior\BuildLiteBehavior [ RunTime:0.001000s ]
INFO: [ app_init ] --END-- [ RunTime:0.001000s ]
INFO: [ app_begin ] --START--
INFO: Run Behavior\ReadHtmlCacheBehavior [ RunTime:0.001000s ]
INFO: [ app_begin ] --END-- [ RunTime:0.001000s ]
SQL: SHOW COLUMNS FROM `tp_user` [ RunTime:0.0080s ]
NOTIC: [2] Illegal string offset 'username' D:\wamp\www\99m\App\Home\Model\UserModel.class.php 第 12 行.
SQL: SELECT * FROM `tp_user` WHERE ( uname='w' )  [ RunTime:0.0000s ]
NOTIC: [2] Illegal string offset 'pwd' D:\wamp\www\99m\App\Home\Model\UserModel.class.php 第 19 行.
NOTIC: [2] Illegal string offset 'pwd' D:\wamp\www\99m\App\Home\Model\UserModel.class.php 第 26 行.
NOTIC: [2] Illegal string offset 'pwd_confirm' D:\wamp\www\99m\App\Home\Model\UserModel.class.php 第 26 行.
NOTIC: [2] Illegal string offset 'username' D:\wamp\www\99m\App\Home\Model\UserModel.class.php 第 51 行.
NOTIC: [2] Illegal string offset 'pwd' D:\wamp\www\99m\App\Home\Model\UserModel.class.php 第 52 行.
SQL: INSERT INTO `tp_user` (`uname`,`upwd`,`ip`,`last_time`) VALUES ('w','w','127.0.0.1','1447233612') [ RunTime:0.0010s ]

