[ 2015-11-10T12:22:14+08:00 ] 127.0.0.1 /99m/index.php/Home/User/register.html
INFO: [ app_init ] --START--
INFO: Run Behavior\BuildLiteBehavior [ RunTime:0.000000s ]
INFO: [ app_init ] --END-- [ RunTime:0.040002s ]
INFO: [ app_begin ] --START--
INFO: Run Behavior\ReadHtmlCacheBehavior [ RunTime:0.001000s ]
INFO: [ app_begin ] --END-- [ RunTime:0.001000s ]
INFO: [ view_parse ] --START--
INFO: [ template_filter ] --START--
INFO: Run Behavior\ContentReplaceBehavior [ RunTime:0.001000s ]
INFO: [ template_filter ] --END-- [ RunTime:0.002000s ]
INFO: Run Behavior\ParseTemplateBehavior [ RunTime:0.055003s ]
INFO: [ view_parse ] --END-- [ RunTime:0.055003s ]
INFO: [ view_filter ] --START--
INFO: Run Behavior\WriteHtmlCacheBehavior [ RunTime:0.002000s ]
INFO: [ view_filter ] --END-- [ RunTime:0.002000s ]
INFO: [ app_end ] --START--
INFO: Run Behavior\ShowPageTraceBehavior [ RunTime:0.002000s ]
INFO: [ app_end ] --END-- [ RunTime:0.002000s ]

[ 2015-11-10T12:23:48+08:00 ] 127.0.0.1 /99m/index.php/Home/User/register.html
INFO: [ app_init ] --START--
INFO: Run Behavior\BuildLiteBehavior [ RunTime:0.000000s ]
INFO: [ app_init ] --END-- [ RunTime:0.000000s ]
INFO: [ app_begin ] --START--
INFO: Run Behavior\ReadHtmlCacheBehavior [ RunTime:0.003000s ]
INFO: [ app_begin ] --END-- [ RunTime:0.003000s ]
SQL: SHOW COLUMNS FROM `tp_user` [ RunTime:0.0120s ]
NOTIC: [2] Illegal string offset 'username' D:\wamp\www\99m\99m\Home\Model\UserModel.class.php 第 21 行.
SQL: SELECT * FROM `tp_user` WHERE ( uname='x' )  [ RunTime:0.0010s ]
NOTIC: [2] Illegal string offset 'pwd' D:\wamp\www\99m\99m\Home\Model\UserModel.class.php 第 28 行.
NOTIC: [2] Illegal string offset 'pwd' D:\wamp\www\99m\99m\Home\Model\UserModel.class.php 第 45 行.
NOTIC: [2] Illegal string offset 'pwd_confirm' D:\wamp\www\99m\99m\Home\Model\UserModel.class.php 第 45 行.
NOTIC: [2] Illegal string offset 'username' D:\wamp\www\99m\99m\Home\Model\UserModel.class.php 第 53 行.
NOTIC: [2] Illegal string offset 'pwd' D:\wamp\www\99m\99m\Home\Model\UserModel.class.php 第 54 行.
SQL: INSERT INTO `tp_user` (`uname`,`upwd`,`ip`,`last_time`) VALUES ('x','x','127.0.0.1','1447129428') [ RunTime:0.0140s ]

[ 2015-11-10T12:29:52+08:00 ] 127.0.0.1 /99m/index.php/Home/User/register.html
INFO: [ app_init ] --START--
INFO: Run Behavior\BuildLiteBehavior [ RunTime:0.000000s ]
INFO: [ app_init ] --END-- [ RunTime:0.000000s ]
INFO: [ app_begin ] --START--
INFO: Run Behavior\ReadHtmlCacheBehavior [ RunTime:0.002000s ]
INFO: [ app_begin ] --END-- [ RunTime:0.002000s ]
SQL: SHOW COLUMNS FROM `tp_user` [ RunTime:0.0070s ]
NOTIC: [2] Illegal string offset 'username' D:\wamp\www\99m\99m\Home\Model\UserModel.class.php 第 10 行.

[ 2015-11-10T12:30:33+08:00 ] 127.0.0.1 /99m/index.php/Home/User/register.html
INFO: [ app_init ] --START--
INFO: Run Behavior\BuildLiteBehavior [ RunTime:0.000000s ]
INFO: [ app_init ] --END-- [ RunTime:0.000000s ]
INFO: [ app_begin ] --START--
INFO: Run Behavior\ReadHtmlCacheBehavior [ RunTime:0.002000s ]
INFO: [ app_begin ] --END-- [ RunTime:0.002000s ]

[ 2015-11-10T12:30:46+08:00 ] 127.0.0.1 /99m/index.php/Home/User/register.html
INFO: [ app_init ] --START--
INFO: Run Behavior\BuildLiteBehavior [ RunTime:0.000000s ]
INFO: [ app_init ] --END-- [ RunTime:0.000000s ]
INFO: [ app_begin ] --START--
INFO: Run Behavior\ReadHtmlCacheBehavior [ RunTime:0.002000s ]
INFO: [ app_begin ] --END-- [ RunTime:0.002000s ]
SQL: SHOW COLUMNS FROM `tp_user` [ RunTime:0.0070s ]
NOTIC: [2] Illegal string offset 'username' D:\wamp\www\99m\99m\Home\Model\UserModel.class.php 第 10 行.

[ 2015-11-10T12:31:24+08:00 ] 127.0.0.1 /99m/index.php/Home/User/register.html
INFO: [ app_init ] --START--
INFO: Run Behavior\BuildLiteBehavior [ RunTime:0.001000s ]
INFO: [ app_init ] --END-- [ RunTime:0.001000s ]
INFO: [ app_begin ] --START--
INFO: Run Behavior\ReadHtmlCacheBehavior [ RunTime:0.001000s ]
INFO: [ app_begin ] --END-- [ RunTime:0.001000s ]
SQL: SHOW COLUMNS FROM `tp_user` [ RunTime:0.0080s ]
NOTIC: [2] Illegal string offset 'username' D:\wamp\www\99m\99m\Home\Model\UserModel.class.php 第 10 行.

[ 2015-11-10T13:11:47+08:00 ] 127.0.0.1 /99m/index.php/Home/User/register.html
INFO: [ app_init ] --START--
INFO: Run Behavior\BuildLiteBehavior [ RunTime:0.000000s ]
INFO: [ app_init ] --END-- [ RunTime:0.017001s ]
INFO: [ app_begin ] --START--
INFO: Run Behavior\ReadHtmlCacheBehavior [ RunTime:0.003000s ]
INFO: [ app_begin ] --END-- [ RunTime:0.003000s ]
INFO: [ view_parse ] --START--
INFO: [ template_filter ] --START--
INFO: Run Behavior\ContentReplaceBehavior [ RunTime:0.001000s ]
INFO: [ template_filter ] --END-- [ RunTime:0.002000s ]
INFO: Run Behavior\ParseTemplateBehavior [ RunTime:0.025001s ]
INFO: [ view_parse ] --END-- [ RunTime:0.027001s ]
INFO: [ view_filter ] --START--
INFO: Run Behavior\WriteHtmlCacheBehavior [ RunTime:0.008001s ]
INFO: [ view_filter ] --END-- [ RunTime:0.008001s ]
INFO: [ app_end ] --START--
INFO: Run Behavior\ShowPageTraceBehavior [ RunTime:0.007000s ]
INFO: [ app_end ] --END-- [ RunTime:0.007000s ]

[ 2015-11-10T13:14:49+08:00 ] 127.0.0.1 /99m/index.php/Home/User/register.html
INFO: [ app_init ] --START--
INFO: Run Behavior\BuildLiteBehavior [ RunTime:0.000000s ]
INFO: [ app_init ] --END-- [ RunTime:0.000000s ]
INFO: [ app_begin ] --START--
INFO: Run Behavior\ReadHtmlCacheBehavior [ RunTime:0.001000s ]
INFO: [ app_begin ] --END-- [ RunTime:0.001000s ]
SQL: SHOW COLUMNS FROM `tp_user` [ RunTime:0.9891s ]
NOTIC: [2] Illegal string offset 'username' D:\wamp\www\99m\99m\Home\Model\UserModel.class.php 第 10 行.

[ 2015-11-10T16:12:36+08:00 ] 127.0.0.1 /99m/index.php/Home/User/register.html
INFO: [ app_init ] --START--
INFO: Run Behavior\BuildLiteBehavior [ RunTime:0.000000s ]
INFO: [ app_init ] --END-- [ RunTime:0.000000s ]
INFO: [ app_begin ] --START--
INFO: Run Behavior\ReadHtmlCacheBehavior [ RunTime:0.002000s ]
INFO: [ app_begin ] --END-- [ RunTime:0.002000s ]
INFO: [ view_parse ] --START--
INFO: [ template_filter ] --START--
INFO: Run Behavior\ContentReplaceBehavior [ RunTime:0.000000s ]
INFO: [ template_filter ] --END-- [ RunTime:0.001000s ]
INFO: Run Behavior\ParseTemplateBehavior [ RunTime:0.026002s ]
INFO: [ view_parse ] --END-- [ RunTime:0.027002s ]
INFO: [ view_filter ] --START--
INFO: Run Behavior\WriteHtmlCacheBehavior [ RunTime:0.002000s ]
INFO: [ view_filter ] --END-- [ RunTime:0.002000s ]
INFO: [ app_end ] --START--
INFO: Run Behavior\ShowPageTraceBehavior [ RunTime:0.002000s ]
INFO: [ app_end ] --END-- [ RunTime:0.002000s ]

[ 2015-11-10T16:13:02+08:00 ] 127.0.0.1 /99m/index.php/Home/User/register.html
INFO: [ app_init ] --START--
INFO: Run Behavior\BuildLiteBehavior [ RunTime:0.000000s ]
INFO: [ app_init ] --END-- [ RunTime:0.000000s ]
INFO: [ app_begin ] --START--
INFO: Run Behavior\ReadHtmlCacheBehavior [ RunTime:0.004001s ]
INFO: [ app_begin ] --END-- [ RunTime:0.004001s ]
SQL: SHOW COLUMNS FROM `tp_user` [ RunTime:0.2530s ]
NOTIC: [2] Illegal string offset 'username' D:\wamp\www\99m\99m\Home\Model\UserModel.class.php 第 10 行.

[ 2015-11-10T16:14:24+08:00 ] 127.0.0.1 /99m/index.php/Home/User/register.html
INFO: [ app_init ] --START--
INFO: Run Behavior\BuildLiteBehavior [ RunTime:0.000000s ]
INFO: [ app_init ] --END-- [ RunTime:0.000000s ]
INFO: [ app_begin ] --START--
INFO: Run Behavior\ReadHtmlCacheBehavior [ RunTime:0.004000s ]
INFO: [ app_begin ] --END-- [ RunTime:0.004000s ]
SQL: SHOW COLUMNS FROM `tp_user` [ RunTime:0.0130s ]
NOTIC: [2] Illegal string offset 'username' D:\wamp\www\99m\99m\Home\Model\UserModel.class.php 第 10 行.

[ 2015-11-10T16:14:32+08:00 ] 127.0.0.1 /99m/index.php/Home/User/register.html
INFO: [ app_init ] --START--
INFO: Run Behavior\BuildLiteBehavior [ RunTime:0.000000s ]
INFO: [ app_init ] --END-- [ RunTime:0.001000s ]
INFO: [ app_begin ] --START--
INFO: Run Behavior\ReadHtmlCacheBehavior [ RunTime:0.002000s ]
INFO: [ app_begin ] --END-- [ RunTime:0.002000s ]
SQL: SHOW COLUMNS FROM `tp_user` [ RunTime:0.0100s ]
NOTIC: [2] Illegal string offset 'username' D:\wamp\www\99m\99m\Home\Model\UserModel.class.php 第 10 行.

[ 2015-11-10T16:14:47+08:00 ] 127.0.0.1 /99m/index.php/Home/User/register.html
INFO: [ app_init ] --START--
INFO: Run Behavior\BuildLiteBehavior [ RunTime:0.000000s ]
INFO: [ app_init ] --END-- [ RunTime:0.001000s ]
INFO: [ app_begin ] --START--
INFO: Run Behavior\ReadHtmlCacheBehavior [ RunTime:0.002001s ]
INFO: [ app_begin ] --END-- [ RunTime:0.002001s ]
SQL: SHOW COLUMNS FROM `tp_user` [ RunTime:0.0120s ]
NOTIC: [2] Illegal string offset 'username' D:\wamp\www\99m\99m\Home\Model\UserModel.class.php 第 53 行.
NOTIC: [2] Illegal string offset 'pwd' D:\wamp\www\99m\99m\Home\Model\UserModel.class.php 第 54 行.
NOTIC: [2] Illegal string offset 'username' D:\wamp\www\99m\99m\Home\Model\UserModel.class.php 第 57 行.
NOTIC: [2] Illegal string offset 'pwd' D:\wamp\www\99m\99m\Home\Model\UserModel.class.php 第 58 行.

[ 2015-11-10T16:15:42+08:00 ] 127.0.0.1 /99m/index.php/Home/User/register.html
INFO: [ app_init ] --START--
INFO: Run Behavior\BuildLiteBehavior [ RunTime:0.000000s ]
INFO: [ app_init ] --END-- [ RunTime:0.000000s ]
INFO: [ app_begin ] --START--
INFO: Run Behavior\ReadHtmlCacheBehavior [ RunTime:0.002000s ]
INFO: [ app_begin ] --END-- [ RunTime:0.002000s ]
SQL: SHOW COLUMNS FROM `tp_user` [ RunTime:0.0180s ]

[ 2015-11-10T16:15:57+08:00 ] 127.0.0.1 /99m/index.php/Home/User/register.html
INFO: [ app_init ] --START--
INFO: Run Behavior\BuildLiteBehavior [ RunTime:0.000000s ]
INFO: [ app_init ] --END-- [ RunTime:0.000000s ]
INFO: [ app_begin ] --START--
INFO: Run Behavior\ReadHtmlCacheBehavior [ RunTime:0.002000s ]
INFO: [ app_begin ] --END-- [ RunTime:0.002000s ]
INFO: [ view_parse ] --START--
INFO: [ template_filter ] --START--
INFO: Run Behavior\ContentReplaceBehavior [ RunTime:0.000000s ]
INFO: [ template_filter ] --END-- [ RunTime:0.000000s ]
INFO: Run Behavior\ParseTemplateBehavior [ RunTime:0.013001s ]
INFO: [ view_parse ] --END-- [ RunTime:0.013001s ]
INFO: [ view_filter ] --START--
INFO: Run Behavior\WriteHtmlCacheBehavior [ RunTime:0.002000s ]
INFO: [ view_filter ] --END-- [ RunTime:0.002000s ]
INFO: [ app_end ] --START--
INFO: Run Behavior\ShowPageTraceBehavior [ RunTime:0.002000s ]
INFO: [ app_end ] --END-- [ RunTime:0.002000s ]

[ 2015-11-10T16:16:20+08:00 ] 127.0.0.1 /99m/index.php/Home/User/register.html
INFO: [ app_init ] --START--
INFO: Run Behavior\BuildLiteBehavior [ RunTime:0.000000s ]
INFO: [ app_init ] --END-- [ RunTime:0.000000s ]
INFO: [ app_begin ] --START--
INFO: Run Behavior\ReadHtmlCacheBehavior [ RunTime:0.001000s ]
INFO: [ app_begin ] --END-- [ RunTime:0.001000s ]
SQL: SHOW COLUMNS FROM `tp_user` [ RunTime:0.0090s ]

[ 2015-11-10T16:16:39+08:00 ] 127.0.0.1 /99m/index.php/Home/User/register.html
INFO: [ app_init ] --START--
INFO: Run Behavior\BuildLiteBehavior [ RunTime:0.000000s ]
INFO: [ app_init ] --END-- [ RunTime:0.000000s ]
INFO: [ app_begin ] --START--
INFO: Run Behavior\ReadHtmlCacheBehavior [ RunTime:0.000000s ]
INFO: [ app_begin ] --END-- [ RunTime:0.001000s ]
SQL: SHOW COLUMNS FROM `tp_user` [ RunTime:0.0080s ]

[ 2015-11-10T16:19:39+08:00 ] 127.0.0.1 /99m/index.php/Home/User/register.html
INFO: [ app_init ] --START--
INFO: Run Behavior\BuildLiteBehavior [ RunTime:0.000000s ]
INFO: [ app_init ] --END-- [ RunTime:0.001000s ]
INFO: [ app_begin ] --START--
INFO: Run Behavior\ReadHtmlCacheBehavior [ RunTime:0.001000s ]
INFO: [ app_begin ] --END-- [ RunTime:0.001000s ]
SQL: SHOW COLUMNS FROM `tp_user` [ RunTime:0.0230s ]

[ 2015-11-10T16:19:44+08:00 ] 127.0.0.1 /99m/index.php/Home/User/register.html
INFO: [ app_init ] --START--
INFO: Run Behavior\BuildLiteBehavior [ RunTime:0.000000s ]
INFO: [ app_init ] --END-- [ RunTime:0.001000s ]
INFO: [ app_begin ] --START--
INFO: Run Behavior\ReadHtmlCacheBehavior [ RunTime:0.001000s ]
INFO: [ app_begin ] --END-- [ RunTime:0.001000s ]
INFO: [ view_parse ] --START--
INFO: [ template_filter ] --START--
INFO: Run Behavior\ContentReplaceBehavior [ RunTime:0.000000s ]
INFO: [ template_filter ] --END-- [ RunTime:0.000000s ]
INFO: Run Behavior\ParseTemplateBehavior [ RunTime:0.032002s ]
INFO: [ view_parse ] --END-- [ RunTime:0.032002s ]
INFO: [ view_filter ] --START--
INFO: Run Behavior\WriteHtmlCacheBehavior [ RunTime:0.001000s ]
INFO: [ view_filter ] --END-- [ RunTime:0.001000s ]
INFO: [ app_end ] --START--
INFO: Run Behavior\ShowPageTraceBehavior [ RunTime:0.001000s ]
INFO: [ app_end ] --END-- [ RunTime:0.001000s ]

[ 2015-11-10T16:19:52+08:00 ] 127.0.0.1 /99m/index.php/Home/User/register.html
INFO: [ app_init ] --START--
INFO: Run Behavior\BuildLiteBehavior [ RunTime:0.000000s ]
INFO: [ app_init ] --END-- [ RunTime:0.001000s ]
INFO: [ app_begin ] --START--
INFO: Run Behavior\ReadHtmlCacheBehavior [ RunTime:0.002000s ]
INFO: [ app_begin ] --END-- [ RunTime:0.002000s ]
SQL: SHOW COLUMNS FROM `tp_user` [ RunTime:0.0090s ]

[ 2015-11-10T16:20:17+08:00 ] 127.0.0.1 /99m/index.php/Home/User/register.html
INFO: [ app_init ] --START--
INFO: Run Behavior\BuildLiteBehavior [ RunTime:0.000000s ]
INFO: [ app_init ] --END-- [ RunTime:0.001000s ]
INFO: [ app_begin ] --START--
INFO: Run Behavior\ReadHtmlCacheBehavior [ RunTime:0.002000s ]
INFO: [ app_begin ] --END-- [ RunTime:0.002000s ]
SQL: SHOW COLUMNS FROM `tp_user` [ RunTime:0.0090s ]

[ 2015-11-10T16:20:21+08:00 ] 127.0.0.1 /99m/index.php/Home/User/register.html
INFO: [ app_init ] --START--
INFO: Run Behavior\BuildLiteBehavior [ RunTime:0.000000s ]
INFO: [ app_init ] --END-- [ RunTime:0.000000s ]
INFO: [ app_begin ] --START--
INFO: Run Behavior\ReadHtmlCacheBehavior [ RunTime:0.002000s ]
INFO: [ app_begin ] --END-- [ RunTime:0.002000s ]
SQL: SHOW COLUMNS FROM `tp_user` [ RunTime:0.0160s ]

[ 2015-11-10T16:21:45+08:00 ] 127.0.0.1 /99m/index.php/Home/User/register.html
INFO: [ app_init ] --START--
INFO: Run Behavior\BuildLiteBehavior [ RunTime:0.000000s ]
INFO: [ app_init ] --END-- [ RunTime:0.001000s ]
INFO: [ app_begin ] --START--
INFO: Run Behavior\ReadHtmlCacheBehavior [ RunTime:0.002000s ]
INFO: [ app_begin ] --END-- [ RunTime:0.002000s ]
SQL: SHOW COLUMNS FROM `tp_user` [ RunTime:0.0100s ]
SQL: SELECT * FROM `tp_user` WHERE ( uname='liuge' )  [ RunTime:0.0130s ]
SQL: INSERT INTO `tp_user` (`uname`,`upwd`,`ip`,`last_time`) VALUES ('liuge','111111','127.0.0.1','1447143705') [ RunTime:0.1000s ]

[ 2015-11-10T16:21:56+08:00 ] 127.0.0.1 /99m/index.php/Home/User/register.html
INFO: [ app_init ] --START--
INFO: Run Behavior\BuildLiteBehavior [ RunTime:0.000000s ]
INFO: [ app_init ] --END-- [ RunTime:0.001000s ]
INFO: [ app_begin ] --START--
INFO: Run Behavior\ReadHtmlCacheBehavior [ RunTime:0.002000s ]
INFO: [ app_begin ] --END-- [ RunTime:0.002000s ]
SQL: SHOW COLUMNS FROM `tp_user` [ RunTime:0.0090s ]
SQL: SELECT * FROM `tp_user` WHERE ( uname='liuge' )  [ RunTime:0.0000s ]

[ 2015-11-10T16:21:59+08:00 ] 127.0.0.1 /99m/index.php/Home/User/register.html
INFO: [ app_init ] --START--
INFO: Run Behavior\BuildLiteBehavior [ RunTime:0.000000s ]
INFO: [ app_init ] --END-- [ RunTime:0.001000s ]
INFO: [ app_begin ] --START--
INFO: Run Behavior\ReadHtmlCacheBehavior [ RunTime:0.002000s ]
INFO: [ app_begin ] --END-- [ RunTime:0.002000s ]
INFO: [ view_parse ] --START--
INFO: [ template_filter ] --START--
INFO: Run Behavior\ContentReplaceBehavior [ RunTime:0.000000s ]
INFO: [ template_filter ] --END-- [ RunTime:0.000000s ]
INFO: Run Behavior\ParseTemplateBehavior [ RunTime:0.042002s ]
INFO: [ view_parse ] --END-- [ RunTime:0.042002s ]
INFO: [ view_filter ] --START--
INFO: Run Behavior\WriteHtmlCacheBehavior [ RunTime:0.001001s ]
INFO: [ view_filter ] --END-- [ RunTime:0.001001s ]
INFO: [ app_end ] --START--
INFO: Run Behavior\ShowPageTraceBehavior [ RunTime:0.001000s ]
INFO: [ app_end ] --END-- [ RunTime:0.001000s ]

[ 2015-11-10T16:22:08+08:00 ] 127.0.0.1 /99m/index.php/Home/User/register.html
INFO: [ app_init ] --START--
INFO: Run Behavior\BuildLiteBehavior [ RunTime:0.000000s ]
INFO: [ app_init ] --END-- [ RunTime:0.001000s ]
INFO: [ app_begin ] --START--
INFO: Run Behavior\ReadHtmlCacheBehavior [ RunTime:0.001000s ]
INFO: [ app_begin ] --END-- [ RunTime:0.001000s ]
SQL: SHOW COLUMNS FROM `tp_user` [ RunTime:0.0090s ]
SQL: SELECT * FROM `tp_user` WHERE ( uname='xiaoge' )  [ RunTime:0.0000s ]
SQL: INSERT INTO `tp_user` (`uname`,`upwd`,`ip`,`last_time`) VALUES ('xiaoge','111111','127.0.0.1','1447143728') [ RunTime:0.0010s ]

[ 2015-11-10T16:22:42+08:00 ] 127.0.0.1 /99m/index.php/Home/User/register.html
INFO: [ app_init ] --START--
INFO: Run Behavior\BuildLiteBehavior [ RunTime:0.000000s ]
INFO: [ app_init ] --END-- [ RunTime:0.001000s ]
INFO: [ app_begin ] --START--
INFO: Run Behavior\ReadHtmlCacheBehavior [ RunTime:0.000000s ]
INFO: [ app_begin ] --END-- [ RunTime:0.001000s ]
SQL: SHOW COLUMNS FROM `tp_user` [ RunTime:0.0080s ]
NOTIC: [2] Illegal string offset 'username' D:\wamp\www\99m\99m\Home\Model\UserModel.class.php 第 10 行.

[ 2015-11-10T16:28:37+08:00 ] 127.0.0.1 /99m/index.php/Home/User/register.html
INFO: [ app_init ] --START--
INFO: Run Behavior\BuildLiteBehavior [ RunTime:0.000000s ]
INFO: [ app_init ] --END-- [ RunTime:0.001000s ]
INFO: [ app_begin ] --START--
INFO: Run Behavior\ReadHtmlCacheBehavior [ RunTime:0.001000s ]
INFO: [ app_begin ] --END-- [ RunTime:0.001000s ]
SQL: SHOW COLUMNS FROM `tp_user` [ RunTime:0.0090s ]
NOTIC: [2] Illegal string offset 'username' D:\wamp\www\99m\99m\Home\Model\UserModel.class.php 第 12 行.
SQL: SELECT * FROM `tp_user` WHERE ( uname='x' )  [ RunTime:0.0010s ]
NOTIC: [2] Illegal string offset 'pwd' D:\wamp\www\99m\99m\Home\Model\UserModel.class.php 第 19 行.
NOTIC: [2] Illegal string offset 'pwd' D:\wamp\www\99m\99m\Home\Model\UserModel.class.php 第 26 行.
NOTIC: [2] Illegal string offset 'pwd_confirm' D:\wamp\www\99m\99m\Home\Model\UserModel.class.php 第 26 行.
NOTIC: [2] Illegal string offset 'pwd' D:\wamp\www\99m\99m\Home\Model\UserModel.class.php 第 34 行.

[ 2015-11-10T16:28:57+08:00 ] 127.0.0.1 /99m/index.php/Home/User/register.html
INFO: [ app_init ] --START--
INFO: Run Behavior\BuildLiteBehavior [ RunTime:0.000000s ]
INFO: [ app_init ] --END-- [ RunTime:0.001000s ]
INFO: [ app_begin ] --START--
INFO: Run Behavior\ReadHtmlCacheBehavior [ RunTime:0.001000s ]
INFO: [ app_begin ] --END-- [ RunTime:0.001000s ]
SQL: SHOW COLUMNS FROM `tp_user` [ RunTime:0.0100s ]
NOTIC: [2] Illegal string offset 'username' D:\wamp\www\99m\99m\Home\Model\UserModel.class.php 第 12 行.
SQL: SELECT * FROM `tp_user` WHERE ( uname='x' )  [ RunTime:0.0000s ]
NOTIC: [2] Illegal string offset 'pwd' D:\wamp\www\99m\99m\Home\Model\UserModel.class.php 第 19 行.
NOTIC: [2] Illegal string offset 'pwd' D:\wamp\www\99m\99m\Home\Model\UserModel.class.php 第 26 行.
NOTIC: [2] Illegal string offset 'pwd_confirm' D:\wamp\www\99m\99m\Home\Model\UserModel.class.php 第 26 行.
NOTIC: [2] Illegal string offset 'username' D:\wamp\www\99m\99m\Home\Model\UserModel.class.php 第 52 行.
NOTIC: [2] Illegal string offset 'pwd' D:\wamp\www\99m\99m\Home\Model\UserModel.class.php 第 53 行.
SQL: INSERT INTO `tp_user` (`uname`,`upwd`,`ip`,`last_time`) VALUES ('x','x','127.0.0.1','1447144137') [ RunTime:0.0000s ]

[ 2015-11-10T16:29:52+08:00 ] 127.0.0.1 /99m/index.php/Home/User/register.html
INFO: [ app_init ] --START--
INFO: Run Behavior\BuildLiteBehavior [ RunTime:0.000000s ]
INFO: [ app_init ] --END-- [ RunTime:0.001000s ]
INFO: [ app_begin ] --START--
INFO: Run Behavior\ReadHtmlCacheBehavior [ RunTime:0.001000s ]
INFO: [ app_begin ] --END-- [ RunTime:0.002000s ]
SQL: SHOW COLUMNS FROM `tp_user` [ RunTime:0.0100s ]
NOTIC: [2] Illegal string offset 'username' D:\wamp\www\99m\99m\Home\Model\UserModel.class.php 第 12 行.
SQL: SELECT * FROM `tp_user` WHERE ( uname='x' )  [ RunTime:0.0010s ]
NOTIC: [2] Illegal string offset 'pwd' D:\wamp\www\99m\99m\Home\Model\UserModel.class.php 第 19 行.
NOTIC: [2] Illegal string offset 'pwd' D:\wamp\www\99m\99m\Home\Model\UserModel.class.php 第 26 行.
NOTIC: [2] Illegal string offset 'pwd_confirm' D:\wamp\www\99m\99m\Home\Model\UserModel.class.php 第 26 行.
NOTIC: [2] Illegal string offset 'username' D:\wamp\www\99m\99m\Home\Model\UserModel.class.php 第 52 行.
NOTIC: [2] Illegal string offset 'pwd' D:\wamp\www\99m\99m\Home\Model\UserModel.class.php 第 53 行.
SQL: INSERT INTO `tp_user` (`uname`,`upwd`,`ip`,`last_time`) VALUES ('x','x','127.0.0.1','1447144192') [ RunTime:0.0050s ]

[ 2015-11-10T16:30:24+08:00 ] 127.0.0.1 /99m/index.php/Home/User/register.html
INFO: [ app_init ] --START--
INFO: Run Behavior\BuildLiteBehavior [ RunTime:0.000000s ]
INFO: [ app_init ] --END-- [ RunTime:0.002000s ]
INFO: [ app_begin ] --START--
INFO: Run Behavior\ReadHtmlCacheBehavior [ RunTime:0.001000s ]
INFO: [ app_begin ] --END-- [ RunTime:0.001000s ]
SQL: SHOW COLUMNS FROM `tp_user` [ RunTime:0.0130s ]
NOTIC: [2] Illegal string offset 'username' D:\wamp\www\99m\99m\Home\Model\UserModel.class.php 第 12 行.
ERR: 1064:You have an error in your SQL syntax; check the manual that corresponds to your MySQL server version for the right syntax to use near '=='x' )' at line 1
 [ SQL语句 ] : SELECT * FROM `tp_user` WHERE ( uname=='x' ) 
ERR: 1064:You have an error in your SQL syntax; check the manual that corresponds to your MySQL server version for the right syntax to use near '=='x' )' at line 1
 [ SQL语句 ] : SELECT * FROM `tp_user` WHERE ( uname=='x' ) 

[ 2015-11-10T16:54:32+08:00 ] 127.0.0.1 /99m/index.php/Home/User/register.html
INFO: [ app_init ] --START--
INFO: Run Behavior\BuildLiteBehavior [ RunTime:0.000000s ]
INFO: [ app_init ] --END-- [ RunTime:0.018001s ]
INFO: [ app_begin ] --START--
INFO: Run Behavior\ReadHtmlCacheBehavior [ RunTime:0.003000s ]
INFO: [ app_begin ] --END-- [ RunTime:0.007000s ]
SQL: SHOW COLUMNS FROM `tp_user` [ RunTime:0.0460s ]
NOTIC: [2] Illegal string offset 'username' D:\wamp\www\99m\99m\Home\Model\UserModel.class.php 第 12 行.
SQL: SELECT * FROM `tp_user` WHERE ( uname='x' )  [ RunTime:0.0010s ]
NOTIC: [2] Illegal string offset 'pwd' D:\wamp\www\99m\99m\Home\Model\UserModel.class.php 第 19 行.
NOTIC: [2] Illegal string offset 'pwd' D:\wamp\www\99m\99m\Home\Model\UserModel.class.php 第 26 行.
NOTIC: [2] Illegal string offset 'pwd_confirm' D:\wamp\www\99m\99m\Home\Model\UserModel.class.php 第 26 行.
NOTIC: [2] Illegal string offset 'username' D:\wamp\www\99m\99m\Home\Model\UserModel.class.php 第 52 行.
NOTIC: [2] Illegal string offset 'pwd' D:\wamp\www\99m\99m\Home\Model\UserModel.class.php 第 53 行.
SQL: INSERT INTO `tp_user` (`uname`,`upwd`,`ip`,`last_time`) VALUES ('x','x','127.0.0.1','1447145672') [ RunTime:0.0000s ]

[ 2015-11-10T16:55:23+08:00 ] 127.0.0.1 /99m/index.php/Home/User/register.html
INFO: [ app_init ] --START--
INFO: Run Behavior\BuildLiteBehavior [ RunTime:0.000000s ]
INFO: [ app_init ] --END-- [ RunTime:0.001000s ]
INFO: [ app_begin ] --START--
INFO: Run Behavior\ReadHtmlCacheBehavior [ RunTime:0.002000s ]
INFO: [ app_begin ] --END-- [ RunTime:0.002000s ]
SQL: SHOW COLUMNS FROM `tp_user` [ RunTime:0.0100s ]
NOTIC: [2] Illegal string offset 'username' D:\wamp\www\99m\99m\Home\Model\UserModel.class.php 第 12 行.
SQL: SELECT * FROM `tp_user` WHERE ( uname='x' )  [ RunTime:0.0010s ]

[ 2015-11-10T16:55:44+08:00 ] 127.0.0.1 /99m/index.php/Home/User/register.html
INFO: [ app_init ] --START--
INFO: Run Behavior\BuildLiteBehavior [ RunTime:0.001000s ]
INFO: [ app_init ] --END-- [ RunTime:0.001000s ]
INFO: [ app_begin ] --START--
INFO: Run Behavior\ReadHtmlCacheBehavior [ RunTime:0.002001s ]
INFO: [ app_begin ] --END-- [ RunTime:0.002001s ]
INFO: [ view_parse ] --START--
INFO: [ template_filter ] --START--
INFO: Run Behavior\ContentReplaceBehavior [ RunTime:0.000000s ]
INFO: [ template_filter ] --END-- [ RunTime:0.000000s ]
INFO: Run Behavior\ParseTemplateBehavior [ RunTime:0.055003s ]
INFO: [ view_parse ] --END-- [ RunTime:0.055003s ]
INFO: [ view_filter ] --START--
INFO: Run Behavior\WriteHtmlCacheBehavior [ RunTime:0.008000s ]
INFO: [ view_filter ] --END-- [ RunTime:0.008000s ]
INFO: [ app_end ] --START--
INFO: Run Behavior\ShowPageTraceBehavior [ RunTime:0.007001s ]
INFO: [ app_end ] --END-- [ RunTime:0.007001s ]

[ 2015-11-10T16:55:54+08:00 ] 127.0.0.1 /99m/index.php/Home/User/register.html
INFO: [ app_init ] --START--
INFO: Run Behavior\BuildLiteBehavior [ RunTime:0.000000s ]
INFO: [ app_init ] --END-- [ RunTime:0.001000s ]
INFO: [ app_begin ] --START--
INFO: Run Behavior\ReadHtmlCacheBehavior [ RunTime:0.003000s ]
INFO: [ app_begin ] --END-- [ RunTime:0.003000s ]
SQL: SHOW COLUMNS FROM `tp_user` [ RunTime:0.0110s ]
NOTIC: [2] Illegal string offset 'username' D:\wamp\www\99m\99m\Home\Model\UserModel.class.php 第 12 行.
SQL: SELECT * FROM `tp_user` WHERE ( uname='o' )  [ RunTime:0.0010s ]
NOTIC: [2] Illegal string offset 'pwd' D:\wamp\www\99m\99m\Home\Model\UserModel.class.php 第 19 行.
NOTIC: [2] Illegal string offset 'pwd' D:\wamp\www\99m\99m\Home\Model\UserModel.class.php 第 26 行.
NOTIC: [2] Illegal string offset 'pwd_confirm' D:\wamp\www\99m\99m\Home\Model\UserModel.class.php 第 26 行.
NOTIC: [2] Illegal string offset 'username' D:\wamp\www\99m\99m\Home\Model\UserModel.class.php 第 52 行.
NOTIC: [2] Illegal string offset 'pwd' D:\wamp\www\99m\99m\Home\Model\UserModel.class.php 第 53 行.
SQL: INSERT INTO `tp_user` (`uname`,`upwd`,`ip`,`last_time`) VALUES ('o','o','127.0.0.1','1447145754') [ RunTime:0.0000s ]

[ 2015-11-10T17:00:37+08:00 ] 127.0.0.1 /99m/index.php/Home/User/register.html
INFO: [ app_init ] --START--
INFO: Run Behavior\BuildLiteBehavior [ RunTime:0.000000s ]
INFO: [ app_init ] --END-- [ RunTime:0.001000s ]
INFO: [ app_begin ] --START--
INFO: Run Behavior\ReadHtmlCacheBehavior [ RunTime:0.002000s ]
INFO: [ app_begin ] --END-- [ RunTime:0.002000s ]
INFO: [ view_parse ] --START--
INFO: [ template_filter ] --START--
INFO: Run Behavior\ContentReplaceBehavior [ RunTime:0.000000s ]
INFO: [ template_filter ] --END-- [ RunTime:0.001000s ]
INFO: Run Behavior\ParseTemplateBehavior [ RunTime:0.015001s ]
INFO: [ view_parse ] --END-- [ RunTime:0.015001s ]
INFO: [ view_filter ] --START--
INFO: Run Behavior\WriteHtmlCacheBehavior [ RunTime:0.005000s ]
INFO: [ view_filter ] --END-- [ RunTime:0.006000s ]
INFO: [ app_end ] --START--
INFO: Run Behavior\ShowPageTraceBehavior [ RunTime:0.002000s ]
INFO: [ app_end ] --END-- [ RunTime:0.002000s ]

[ 2015-11-10T17:00:52+08:00 ] 127.0.0.1 /99m/index.php/Home/User/register.html
INFO: [ app_init ] --START--
INFO: Run Behavior\BuildLiteBehavior [ RunTime:0.000000s ]
INFO: [ app_init ] --END-- [ RunTime:0.001000s ]
INFO: [ app_begin ] --START--
INFO: Run Behavior\ReadHtmlCacheBehavior [ RunTime:0.001000s ]
INFO: [ app_begin ] --END-- [ RunTime:0.002000s ]
SQL: SHOW COLUMNS FROM `tp_user` [ RunTime:0.0120s ]
NOTIC: [2] Illegal string offset 'username' D:\wamp\www\99m\99m\Home\Model\UserModel.class.php 第 12 行.
SQL: SELECT * FROM `tp_user` WHERE ( uname='u' )  [ RunTime:0.0010s ]
NOTIC: [2] Illegal string offset 'pwd' D:\wamp\www\99m\99m\Home\Model\UserModel.class.php 第 19 行.
NOTIC: [2] Illegal string offset 'pwd' D:\wamp\www\99m\99m\Home\Model\UserModel.class.php 第 26 行.
NOTIC: [2] Illegal string offset 'pwd_confirm' D:\wamp\www\99m\99m\Home\Model\UserModel.class.php 第 26 行.
NOTIC: [2] Illegal string offset 'username' D:\wamp\www\99m\99m\Home\Model\UserModel.class.php 第 52 行.
NOTIC: [2] Illegal string offset 'pwd' D:\wamp\www\99m\99m\Home\Model\UserModel.class.php 第 53 行.
SQL: INSERT INTO `tp_user` (`uname`,`upwd`,`ip`,`last_time`) VALUES ('u','u','127.0.0.1','1447146052') [ RunTime:0.0070s ]

[ 2015-11-10T17:03:04+08:00 ] 127.0.0.1 /99m/index.php/Home/User/register.html
INFO: [ app_init ] --START--
INFO: Run Behavior\BuildLiteBehavior [ RunTime:0.000000s ]
INFO: [ app_init ] --END-- [ RunTime:0.001000s ]
INFO: [ app_begin ] --START--
INFO: Run Behavior\ReadHtmlCacheBehavior [ RunTime:0.001000s ]
INFO: [ app_begin ] --END-- [ RunTime:0.001000s ]
SQL: SHOW COLUMNS FROM `tp_user` [ RunTime:0.0140s ]
NOTIC: [2] Illegal string offset 'username' D:\wamp\www\99m\99m\Home\Model\UserModel.class.php 第 15 行.
SQL: SELECT * FROM `tp_user` WHERE ( uname='u' )  [ RunTime:0.0010s ]

[ 2015-11-10T17:03:10+08:00 ] 127.0.0.1 /99m/index.php/Home/User/register.html
INFO: [ app_init ] --START--
INFO: Run Behavior\BuildLiteBehavior [ RunTime:0.000000s ]
INFO: [ app_init ] --END-- [ RunTime:0.001000s ]
INFO: [ app_begin ] --START--
INFO: Run Behavior\ReadHtmlCacheBehavior [ RunTime:0.001000s ]
INFO: [ app_begin ] --END-- [ RunTime:0.002000s ]
INFO: [ view_parse ] --START--
INFO: [ template_filter ] --START--
INFO: Run Behavior\ContentReplaceBehavior [ RunTime:0.000000s ]
INFO: [ template_filter ] --END-- [ RunTime:0.001001s ]
INFO: Run Behavior\ParseTemplateBehavior [ RunTime:0.010001s ]
INFO: [ view_parse ] --END-- [ RunTime:0.010001s ]
INFO: [ view_filter ] --START--
INFO: Run Behavior\WriteHtmlCacheBehavior [ RunTime:0.002000s ]
INFO: [ view_filter ] --END-- [ RunTime:0.003000s ]
INFO: [ app_end ] --START--
INFO: Run Behavior\ShowPageTraceBehavior [ RunTime:0.001000s ]
INFO: [ app_end ] --END-- [ RunTime:0.002000s ]

[ 2015-11-10T17:03:18+08:00 ] 127.0.0.1 /99m/index.php/Home/User/register.html
INFO: [ app_init ] --START--
INFO: Run Behavior\BuildLiteBehavior [ RunTime:0.000000s ]
INFO: [ app_init ] --END-- [ RunTime:0.001000s ]
INFO: [ app_begin ] --START--
INFO: Run Behavior\ReadHtmlCacheBehavior [ RunTime:0.002000s ]
INFO: [ app_begin ] --END-- [ RunTime:0.002000s ]
SQL: SHOW COLUMNS FROM `tp_user` [ RunTime:0.0100s ]
NOTIC: [2] Illegal string offset 'username' D:\wamp\www\99m\99m\Home\Model\UserModel.class.php 第 15 行.
SQL: SELECT * FROM `tp_user` WHERE ( uname='w' )  [ RunTime:0.0010s ]
NOTIC: [2] Illegal string offset 'pwd' D:\wamp\www\99m\99m\Home\Model\UserModel.class.php 第 22 行.
NOTIC: [2] Illegal string offset 'pwd' D:\wamp\www\99m\99m\Home\Model\UserModel.class.php 第 29 行.
NOTIC: [2] Illegal string offset 'pwd_confirm' D:\wamp\www\99m\99m\Home\Model\UserModel.class.php 第 29 行.
NOTIC: [2] Illegal string offset 'username' D:\wamp\www\99m\99m\Home\Model\UserModel.class.php 第 55 行.
NOTIC: [2] Illegal string offset 'pwd' D:\wamp\www\99m\99m\Home\Model\UserModel.class.php 第 56 行.
SQL: INSERT INTO `tp_user` (`uname`,`upwd`,`ip`,`last_time`) VALUES ('w','w','127.0.0.1','1447146198') [ RunTime:0.0000s ]

[ 2015-11-10T17:05:48+08:00 ] 127.0.0.1 /99m/index.php/Home/User/register.html
INFO: [ app_init ] --START--
INFO: Run Behavior\BuildLiteBehavior [ RunTime:0.000000s ]
INFO: [ app_init ] --END-- [ RunTime:0.001001s ]
INFO: [ app_begin ] --START--
INFO: Run Behavior\ReadHtmlCacheBehavior [ RunTime:0.001000s ]
INFO: [ app_begin ] --END-- [ RunTime:0.001000s ]
INFO: [ view_parse ] --START--
INFO: [ template_filter ] --START--
INFO: Run Behavior\ContentReplaceBehavior [ RunTime:0.000000s ]
INFO: [ template_filter ] --END-- [ RunTime:0.001001s ]
INFO: Run Behavior\ParseTemplateBehavior [ RunTime:0.010001s ]
INFO: [ view_parse ] --END-- [ RunTime:0.010001s ]
INFO: [ view_filter ] --START--
INFO: Run Behavior\WriteHtmlCacheBehavior [ RunTime:0.001000s ]
INFO: [ view_filter ] --END-- [ RunTime:0.002000s ]
INFO: [ app_end ] --START--
INFO: Run Behavior\ShowPageTraceBehavior [ RunTime:0.002000s ]
INFO: [ app_end ] --END-- [ RunTime:0.002000s ]

[ 2015-11-10T17:06:01+08:00 ] 127.0.0.1 /99m/index.php/Home/User/register.html
INFO: [ app_init ] --START--
INFO: Run Behavior\BuildLiteBehavior [ RunTime:0.000000s ]
INFO: [ app_init ] --END-- [ RunTime:0.001000s ]
INFO: [ app_begin ] --START--
INFO: Run Behavior\ReadHtmlCacheBehavior [ RunTime:0.002000s ]
INFO: [ app_begin ] --END-- [ RunTime:0.002000s ]
SQL: SHOW COLUMNS FROM `tp_user` [ RunTime:0.0130s ]
NOTIC: [2] Illegal string offset 'username' D:\wamp\www\99m\99m\Home\Model\UserModel.class.php 第 13 行.
SQL: SELECT * FROM `tp_user` WHERE ( uname='s' )  [ RunTime:0.0010s ]
NOTIC: [2] Illegal string offset 'pwd' D:\wamp\www\99m\99m\Home\Model\UserModel.class.php 第 19 行.
NOTIC: [2] Illegal string offset 'pwd' D:\wamp\www\99m\99m\Home\Model\UserModel.class.php 第 25 行.
NOTIC: [2] Illegal string offset 'pwd_confirm' D:\wamp\www\99m\99m\Home\Model\UserModel.class.php 第 25 行.
NOTIC: [2] Illegal string offset 'username' D:\wamp\www\99m\99m\Home\Model\UserModel.class.php 第 51 行.
NOTIC: [2] Illegal string offset 'pwd' D:\wamp\www\99m\99m\Home\Model\UserModel.class.php 第 52 行.
SQL: INSERT INTO `tp_user` (`uname`,`upwd`,`ip`,`last_time`) VALUES ('s','s','127.0.0.1','1447146361') [ RunTime:0.0000s ]

[ 2015-11-10T17:06:57+08:00 ] 127.0.0.1 /99m/index.php/Home/User/register.html
INFO: [ app_init ] --START--
INFO: Run Behavior\BuildLiteBehavior [ RunTime:0.000000s ]
INFO: [ app_init ] --END-- [ RunTime:0.000000s ]
INFO: [ app_begin ] --START--
INFO: Run Behavior\ReadHtmlCacheBehavior [ RunTime:0.001000s ]
INFO: [ app_begin ] --END-- [ RunTime:0.001000s ]
INFO: [ view_parse ] --START--
INFO: [ template_filter ] --START--
INFO: Run Behavior\ContentReplaceBehavior [ RunTime:0.000000s ]
INFO: [ template_filter ] --END-- [ RunTime:0.000000s ]
INFO: Run Behavior\ParseTemplateBehavior [ RunTime:0.009001s ]
INFO: [ view_parse ] --END-- [ RunTime:0.009001s ]
INFO: [ view_filter ] --START--
INFO: Run Behavior\WriteHtmlCacheBehavior [ RunTime:0.000000s ]
INFO: [ view_filter ] --END-- [ RunTime:0.001000s ]
INFO: [ app_end ] --START--
INFO: Run Behavior\ShowPageTraceBehavior [ RunTime:0.001000s ]
INFO: [ app_end ] --END-- [ RunTime:0.001000s ]

[ 2015-11-10T17:07:07+08:00 ] 127.0.0.1 /99m/index.php/Home/User/register.html
INFO: [ app_init ] --START--
INFO: Run Behavior\BuildLiteBehavior [ RunTime:0.000000s ]
INFO: [ app_init ] --END-- [ RunTime:0.001000s ]
INFO: [ app_begin ] --START--
INFO: Run Behavior\ReadHtmlCacheBehavior [ RunTime:0.000000s ]
INFO: [ app_begin ] --END-- [ RunTime:0.001000s ]
SQL: SHOW COLUMNS FROM `tp_user` [ RunTime:0.0090s ]
NOTIC: [2] Illegal string offset 'username' D:\wamp\www\99m\99m\Home\Model\UserModel.class.php 第 13 行.
SQL: SELECT * FROM `tp_user` WHERE ( uname='k' )  [ RunTime:0.0000s ]
NOTIC: [2] Illegal string offset 'pwd' D:\wamp\www\99m\99m\Home\Model\UserModel.class.php 第 19 行.
NOTIC: [2] Illegal string offset 'pwd' D:\wamp\www\99m\99m\Home\Model\UserModel.class.php 第 25 行.
NOTIC: [2] Illegal string offset 'pwd_confirm' D:\wamp\www\99m\99m\Home\Model\UserModel.class.php 第 25 行.
NOTIC: [2] Illegal string offset 'username' D:\wamp\www\99m\99m\Home\Model\UserModel.class.php 第 51 行.
NOTIC: [2] Illegal string offset 'pwd' D:\wamp\www\99m\99m\Home\Model\UserModel.class.php 第 52 行.
SQL: INSERT INTO `tp_user` (`uname`,`upwd`,`ip`,`last_time`) VALUES ('k','k','127.0.0.1','1447146427') [ RunTime:0.0000s ]

[ 2015-11-10T17:07:18+08:00 ] 127.0.0.1 /99m/index.php/Home/User/register.html
INFO: [ app_init ] --START--
INFO: Run Behavior\BuildLiteBehavior [ RunTime:0.000000s ]
INFO: [ app_init ] --END-- [ RunTime:0.001001s ]
INFO: [ app_begin ] --START--
INFO: Run Behavior\ReadHtmlCacheBehavior [ RunTime:0.001000s ]
INFO: [ app_begin ] --END-- [ RunTime:0.001000s ]
SQL: SHOW COLUMNS FROM `tp_user` [ RunTime:0.0130s ]
NOTIC: [2] Illegal string offset 'username' D:\wamp\www\99m\99m\Home\Model\UserModel.class.php 第 13 行.
SQL: SELECT * FROM `tp_user` WHERE ( uname='k' )  [ RunTime:0.0000s ]
NOTIC: [2] Illegal string offset 'pwd' D:\wamp\www\99m\99m\Home\Model\UserModel.class.php 第 19 行.
NOTIC: [2] Illegal string offset 'pwd' D:\wamp\www\99m\99m\Home\Model\UserModel.class.php 第 25 行.
NOTIC: [2] Illegal string offset 'pwd_confirm' D:\wamp\www\99m\99m\Home\Model\UserModel.class.php 第 25 行.
NOTIC: [2] Illegal string offset 'username' D:\wamp\www\99m\99m\Home\Model\UserModel.class.php 第 51 行.
NOTIC: [2] Illegal string offset 'pwd' D:\wamp\www\99m\99m\Home\Model\UserModel.class.php 第 52 行.
SQL: INSERT INTO `tp_user` (`uname`,`upwd`,`ip`,`last_time`) VALUES ('k','k','127.0.0.1','1447146438') [ RunTime:0.0010s ]

[ 2015-11-10T17:11:16+08:00 ] 127.0.0.1 /99m/index.php/Home/User/register.html
INFO: [ app_init ] --START--
INFO: Run Behavior\BuildLiteBehavior [ RunTime:0.000000s ]
INFO: [ app_init ] --END-- [ RunTime:0.001000s ]
INFO: [ app_begin ] --START--
INFO: Run Behavior\ReadHtmlCacheBehavior [ RunTime:0.002000s ]
INFO: [ app_begin ] --END-- [ RunTime:0.002000s ]
SQL: SHOW COLUMNS FROM `tp_user` [ RunTime:0.0100s ]
NOTIC: [2] Illegal string offset 'username' D:\wamp\www\99m\99m\Home\Model\UserModel.class.php 第 13 行.
SQL: SELECT * FROM `tp_user` WHERE ( uname='k' )  [ RunTime:0.0010s ]

[ 2015-11-10T17:11:30+08:00 ] 127.0.0.1 /99m/index.php/Home/User/register.html
INFO: [ app_init ] --START--
INFO: Run Behavior\BuildLiteBehavior [ RunTime:0.000000s ]
INFO: [ app_init ] --END-- [ RunTime:0.001000s ]
INFO: [ app_begin ] --START--
INFO: Run Behavior\ReadHtmlCacheBehavior [ RunTime:0.002001s ]
INFO: [ app_begin ] --END-- [ RunTime:0.002001s ]
SQL: SHOW COLUMNS FROM `tp_user` [ RunTime:0.0130s ]
NOTIC: [2] Illegal string offset 'username' D:\wamp\www\99m\99m\Home\Model\UserModel.class.php 第 13 行.
SQL: SELECT * FROM `tp_user` WHERE ( uname='c' )  [ RunTime:0.0010s ]
NOTIC: [2] Illegal string offset 'pwd' D:\wamp\www\99m\99m\Home\Model\UserModel.class.php 第 20 行.
NOTIC: [2] Illegal string offset 'pwd' D:\wamp\www\99m\99m\Home\Model\UserModel.class.php 第 27 行.
NOTIC: [2] Illegal string offset 'pwd_confirm' D:\wamp\www\99m\99m\Home\Model\UserModel.class.php 第 27 行.
NOTIC: [2] Illegal string offset 'username' D:\wamp\www\99m\99m\Home\Model\UserModel.class.php 第 53 行.
NOTIC: [2] Illegal string offset 'pwd' D:\wamp\www\99m\99m\Home\Model\UserModel.class.php 第 54 行.

[ 2015-11-10T17:12:32+08:00 ] 127.0.0.1 /99m/index.php/Home/User/register.html
INFO: [ app_init ] --START--
INFO: Run Behavior\BuildLiteBehavior [ RunTime:0.000000s ]
INFO: [ app_init ] --END-- [ RunTime:0.001000s ]
INFO: [ app_begin ] --START--
INFO: Run Behavior\ReadHtmlCacheBehavior [ RunTime:0.002000s ]
INFO: [ app_begin ] --END-- [ RunTime:0.002000s ]
INFO: [ view_parse ] --START--
INFO: [ template_filter ] --START--
INFO: Run Behavior\ContentReplaceBehavior [ RunTime:0.000000s ]
INFO: [ template_filter ] --END-- [ RunTime:0.000000s ]
INFO: Run Behavior\ParseTemplateBehavior [ RunTime:0.013000s ]
INFO: [ view_parse ] --END-- [ RunTime:0.013000s ]
INFO: [ view_filter ] --START--
INFO: Run Behavior\WriteHtmlCacheBehavior [ RunTime:0.002000s ]
INFO: [ view_filter ] --END-- [ RunTime:0.002000s ]
INFO: [ app_end ] --START--
INFO: Run Behavior\ShowPageTraceBehavior [ RunTime:0.002001s ]
INFO: [ app_end ] --END-- [ RunTime:0.002001s ]

[ 2015-11-10T17:12:40+08:00 ] 127.0.0.1 /99m/index.php/Home/User/register.html
INFO: [ app_init ] --START--
INFO: Run Behavior\BuildLiteBehavior [ RunTime:0.000000s ]
INFO: [ app_init ] --END-- [ RunTime:0.001000s ]
INFO: [ app_begin ] --START--
INFO: Run Behavior\ReadHtmlCacheBehavior [ RunTime:0.007000s ]
INFO: [ app_begin ] --END-- [ RunTime:0.007000s ]
SQL: SHOW COLUMNS FROM `tp_user` [ RunTime:0.0090s ]

[ 2015-11-10T17:17:24+08:00 ] 127.0.0.1 /99m/index.php/Home/User/register.html
INFO: [ app_init ] --START--
INFO: Run Behavior\BuildLiteBehavior [ RunTime:0.000000s ]
INFO: [ app_init ] --END-- [ RunTime:0.001000s ]
INFO: [ app_begin ] --START--
INFO: Run Behavior\ReadHtmlCacheBehavior [ RunTime:0.001001s ]
INFO: [ app_begin ] --END-- [ RunTime:0.002001s ]
INFO: [ view_parse ] --START--
INFO: [ template_filter ] --START--
INFO: Run Behavior\ContentReplaceBehavior [ RunTime:0.000000s ]
INFO: [ template_filter ] --END-- [ RunTime:0.001000s ]
INFO: Run Behavior\ParseTemplateBehavior [ RunTime:0.013000s ]
INFO: [ view_parse ] --END-- [ RunTime:0.013000s ]
INFO: [ view_filter ] --START--
INFO: Run Behavior\WriteHtmlCacheBehavior [ RunTime:0.002001s ]
INFO: [ view_filter ] --END-- [ RunTime:0.002001s ]
INFO: [ app_end ] --START--
INFO: Run Behavior\ShowPageTraceBehavior [ RunTime:0.002000s ]
INFO: [ app_end ] --END-- [ RunTime:0.002000s ]

[ 2015-11-10T17:17:35+08:00 ] 127.0.0.1 /99m/index.php/Home/User/register.html
INFO: [ app_init ] --START--
INFO: Run Behavior\BuildLiteBehavior [ RunTime:0.000000s ]
INFO: [ app_init ] --END-- [ RunTime:0.001000s ]
INFO: [ app_begin ] --START--
INFO: Run Behavior\ReadHtmlCacheBehavior [ RunTime:0.002001s ]
INFO: [ app_begin ] --END-- [ RunTime:0.002001s ]
SQL: SHOW COLUMNS FROM `tp_user` [ RunTime:0.0090s ]

[ 2015-11-10T17:17:52+08:00 ] 127.0.0.1 /99m/index.php/Home/User/register.html
INFO: [ app_init ] --START--
INFO: Run Behavior\BuildLiteBehavior [ RunTime:0.000000s ]
INFO: [ app_init ] --END-- [ RunTime:0.001000s ]
INFO: [ app_begin ] --START--
INFO: Run Behavior\ReadHtmlCacheBehavior [ RunTime:0.002000s ]
INFO: [ app_begin ] --END-- [ RunTime:0.002000s ]
SQL: SHOW COLUMNS FROM `tp_user` [ RunTime:0.0080s ]
NOTIC: [2] Illegal string offset 'username' D:\wamp\www\99m\99m\Home\Model\UserModel.class.php 第 14 行.
SQL: SELECT * FROM `tp_user` WHERE ( uname='y' )  [ RunTime:0.0000s ]
NOTIC: [2] Illegal string offset 'pwd' D:\wamp\www\99m\99m\Home\Model\UserModel.class.php 第 21 行.
NOTIC: [2] Illegal string offset 'pwd' D:\wamp\www\99m\99m\Home\Model\UserModel.class.php 第 28 行.
NOTIC: [2] Illegal string offset 'pwd_confirm' D:\wamp\www\99m\99m\Home\Model\UserModel.class.php 第 28 行.
NOTIC: [2] Illegal string offset 'username' D:\wamp\www\99m\99m\Home\Model\UserModel.class.php 第 54 行.
NOTIC: [2] Illegal string offset 'pwd' D:\wamp\www\99m\99m\Home\Model\UserModel.class.php 第 55 行.

[ 2015-11-10T17:20:07+08:00 ] 127.0.0.1 /99m/index.php/Home/User/register.html
INFO: [ app_init ] --START--
INFO: Run Behavior\BuildLiteBehavior [ RunTime:0.000000s ]
INFO: [ app_init ] --END-- [ RunTime:0.001000s ]
INFO: [ app_begin ] --START--
INFO: Run Behavior\ReadHtmlCacheBehavior [ RunTime:0.002000s ]
INFO: [ app_begin ] --END-- [ RunTime:0.003000s ]
INFO: [ view_parse ] --START--
INFO: [ template_filter ] --START--
INFO: Run Behavior\ContentReplaceBehavior [ RunTime:0.000000s ]
INFO: [ template_filter ] --END-- [ RunTime:0.000000s ]
INFO: Run Behavior\ParseTemplateBehavior [ RunTime:0.014000s ]
INFO: [ view_parse ] --END-- [ RunTime:0.014000s ]
INFO: [ view_filter ] --START--
INFO: Run Behavior\WriteHtmlCacheBehavior [ RunTime:0.002000s ]
INFO: [ view_filter ] --END-- [ RunTime:0.003001s ]
INFO: [ app_end ] --START--
INFO: Run Behavior\ShowPageTraceBehavior [ RunTime:0.002000s ]
INFO: [ app_end ] --END-- [ RunTime:0.002000s ]

[ 2015-11-10T17:20:16+08:00 ] 127.0.0.1 /99m/index.php/Home/User/register.html
INFO: [ app_init ] --START--
INFO: Run Behavior\BuildLiteBehavior [ RunTime:0.000000s ]
INFO: [ app_init ] --END-- [ RunTime:0.001000s ]
INFO: [ app_begin ] --START--
INFO: Run Behavior\ReadHtmlCacheBehavior [ RunTime:0.002000s ]
INFO: [ app_begin ] --END-- [ RunTime:0.002000s ]
SQL: SHOW COLUMNS FROM `tp_user` [ RunTime:0.0090s ]
NOTIC: [2] Illegal string offset 'username' D:\wamp\www\99m\99m\Home\Model\UserModel.class.php 第 14 行.
SQL: SELECT * FROM `tp_user` WHERE ( uname='h' )  [ RunTime:0.0010s ]
NOTIC: [2] Illegal string offset 'pwd' D:\wamp\www\99m\99m\Home\Model\UserModel.class.php 第 21 行.
NOTIC: [2] Illegal string offset 'pwd' D:\wamp\www\99m\99m\Home\Model\UserModel.class.php 第 28 行.
NOTIC: [2] Illegal string offset 'pwd_confirm' D:\wamp\www\99m\99m\Home\Model\UserModel.class.php 第 28 行.
NOTIC: [2] Illegal string offset 'username' D:\wamp\www\99m\99m\Home\Model\UserModel.class.php 第 54 行.
NOTIC: [2] Illegal string offset 'pwd' D:\wamp\www\99m\99m\Home\Model\UserModel.class.php 第 55 行.

