[ 2016-01-27T11:58:28+08:00 ] 127.0.0.1 /99m/index.php/Admin/User/lists.html
INFO: [ app_init ] --START--
INFO: Run Behavior\BuildLiteBehavior [ RunTime:0.000000s ]
INFO: [ app_init ] --END-- [ RunTime:0.082005s ]
INFO: [ app_begin ] --START--
INFO: Run Behavior\ReadHtmlCacheBehavior [ RunTime:0.003000s ]
INFO: [ app_begin ] --END-- [ RunTime:0.003000s ]
SQL: SHOW COLUMNS FROM `tp_user` [ RunTime:0.1000s ]
NOTIC: [8] Undefined index: p D:\wamp\www\99m\App\Admin\Model\UserModel.class.php 第 6 行.
SQL: SELECT * FROM `tp_user` ORDER BY last_time DESC LIMIT 0,5   [ RunTime:0.0020s ]
SQL: SELECT COUNT(*) AS tp_count FROM `tp_user` LIMIT 1   [ RunTime:0.0020s ]
INFO: [ view_parse ] --START--
INFO: [ template_filter ] --START--
INFO: Run Behavior\ContentReplaceBehavior [ RunTime:0.021001s ]
INFO: [ template_filter ] --END-- [ RunTime:0.021001s ]
INFO: Run Behavior\ParseTemplateBehavior [ RunTime:0.131007s ]
INFO: [ view_parse ] --END-- [ RunTime:0.131007s ]
INFO: [ view_filter ] --START--
INFO: Run Behavior\WriteHtmlCacheBehavior [ RunTime:0.007001s ]
INFO: [ view_filter ] --END-- [ RunTime:0.007001s ]
INFO: [ app_end ] --START--
INFO: Run Behavior\ShowPageTraceBehavior [ RunTime:0.005000s ]
INFO: [ app_end ] --END-- [ RunTime:0.005000s ]

