[ 2016-03-14T14:40:05+08:00 ] 127.0.0.1 /99m/index.php/Admin/
INFO: [ app_init ] --START--
INFO: Run Behavior\BuildLiteBehavior [ RunTime:0.000000s ]
INFO: [ app_init ] --END-- [ RunTime:0.057003s ]
INFO: [ app_begin ] --START--
INFO: Run Behavior\ReadHtmlCacheBehavior [ RunTime:0.002000s ]
INFO: [ app_begin ] --END-- [ RunTime:0.003000s ]
INFO: [ app_end ] --START--
INFO: Run Behavior\ShowPageTraceBehavior [ RunTime:0.006000s ]
INFO: [ app_end ] --END-- [ RunTime:0.007000s ]

[ 2016-03-14T14:40:05+08:00 ] 127.0.0.1 /99m/index.php/Admin/lists
INFO: [ app_init ] --START--
INFO: Run Behavior\BuildLiteBehavior [ RunTime:0.000000s ]
INFO: [ app_init ] --END-- [ RunTime:0.001000s ]
INFO: [ app_begin ] --START--
INFO: Run Behavior\ReadHtmlCacheBehavior [ RunTime:0.001000s ]
INFO: [ app_begin ] --END-- [ RunTime:0.001000s ]
ERR: 无法加载控制器:Lists

[ 2016-03-14T14:40:09+08:00 ] 127.0.0.1 /99m/index.php/Admin/lists
INFO: [ app_init ] --START--
INFO: Run Behavior\BuildLiteBehavior [ RunTime:0.000000s ]
INFO: [ app_init ] --END-- [ RunTime:0.001000s ]
INFO: [ app_begin ] --START--
INFO: Run Behavior\ReadHtmlCacheBehavior [ RunTime:0.001000s ]
INFO: [ app_begin ] --END-- [ RunTime:0.001000s ]
ERR: 无法加载控制器:Lists

[ 2016-03-14T14:40:13+08:00 ] 127.0.0.1 /99m/index.php/Admin/list
INFO: [ app_init ] --START--
INFO: Run Behavior\BuildLiteBehavior [ RunTime:0.000000s ]
INFO: [ app_init ] --END-- [ RunTime:0.000000s ]
INFO: [ app_begin ] --START--
INFO: Run Behavior\ReadHtmlCacheBehavior [ RunTime:0.000000s ]
INFO: [ app_begin ] --END-- [ RunTime:0.001000s ]
ERR: 无法加载控制器:List

[ 2016-03-14T14:40:17+08:00 ] 127.0.0.1 /99m/index.php/Admin/User
INFO: [ app_init ] --START--
INFO: Run Behavior\BuildLiteBehavior [ RunTime:0.000000s ]
INFO: [ app_init ] --END-- [ RunTime:0.001000s ]
INFO: [ app_begin ] --START--
INFO: Run Behavior\ReadHtmlCacheBehavior [ RunTime:0.001000s ]
INFO: [ app_begin ] --END-- [ RunTime:0.001000s ]
INFO: [ app_end ] --START--
INFO: Run Behavior\ShowPageTraceBehavior [ RunTime:0.001000s ]
INFO: [ app_end ] --END-- [ RunTime:0.002000s ]

[ 2016-03-14T14:40:17+08:00 ] 127.0.0.1 /99m/index.php/Admin/lists
INFO: [ app_init ] --START--
INFO: Run Behavior\BuildLiteBehavior [ RunTime:0.000000s ]
INFO: [ app_init ] --END-- [ RunTime:0.001000s ]
INFO: [ app_begin ] --START--
INFO: Run Behavior\ReadHtmlCacheBehavior [ RunTime:0.001000s ]
INFO: [ app_begin ] --END-- [ RunTime:0.001000s ]
ERR: 无法加载控制器:Lists

[ 2016-03-14T14:40:28+08:00 ] 127.0.0.1 /99m/index.php/Admin/Index
INFO: [ app_init ] --START--
INFO: Run Behavior\BuildLiteBehavior [ RunTime:0.000000s ]
INFO: [ app_init ] --END-- [ RunTime:0.000000s ]
INFO: [ app_begin ] --START--
INFO: Run Behavior\ReadHtmlCacheBehavior [ RunTime:0.001000s ]
INFO: [ app_begin ] --END-- [ RunTime:0.001000s ]
INFO: [ app_end ] --START--
INFO: Run Behavior\ShowPageTraceBehavior [ RunTime:0.001000s ]
INFO: [ app_end ] --END-- [ RunTime:0.001000s ]

[ 2016-03-14T14:40:28+08:00 ] 127.0.0.1 /99m/index.php/Admin/lists
INFO: [ app_init ] --START--
INFO: Run Behavior\BuildLiteBehavior [ RunTime:0.000000s ]
INFO: [ app_init ] --END-- [ RunTime:0.001000s ]
INFO: [ app_begin ] --START--
INFO: Run Behavior\ReadHtmlCacheBehavior [ RunTime:0.001000s ]
INFO: [ app_begin ] --END-- [ RunTime:0.001000s ]
ERR: 无法加载控制器:Lists

[ 2016-03-14T14:41:30+08:00 ] 127.0.0.1 /99m/index.php/Admin/user
INFO: [ app_init ] --START--
INFO: Run Behavior\BuildLiteBehavior [ RunTime:0.000000s ]
INFO: [ app_init ] --END-- [ RunTime:0.001000s ]
INFO: [ app_begin ] --START--
INFO: Run Behavior\ReadHtmlCacheBehavior [ RunTime:0.000000s ]
INFO: [ app_begin ] --END-- [ RunTime:0.001000s ]
INFO: [ app_end ] --START--
INFO: Run Behavior\ShowPageTraceBehavior [ RunTime:0.001000s ]
INFO: [ app_end ] --END-- [ RunTime:0.001000s ]

[ 2016-03-14T14:41:30+08:00 ] 127.0.0.1 /99m/index.php/Admin/lists
INFO: [ app_init ] --START--
INFO: Run Behavior\BuildLiteBehavior [ RunTime:0.000000s ]
INFO: [ app_init ] --END-- [ RunTime:0.001000s ]
INFO: [ app_begin ] --START--
INFO: Run Behavior\ReadHtmlCacheBehavior [ RunTime:0.001000s ]
INFO: [ app_begin ] --END-- [ RunTime:0.001000s ]
ERR: 无法加载控制器:Lists

[ 2016-03-14T14:41:59+08:00 ] 127.0.0.1 /99m/index.php/Admin/User/index
INFO: [ app_init ] --START--
INFO: Run Behavior\BuildLiteBehavior [ RunTime:0.000000s ]
INFO: [ app_init ] --END-- [ RunTime:0.001000s ]
INFO: [ app_begin ] --START--
INFO: Run Behavior\ReadHtmlCacheBehavior [ RunTime:0.001000s ]
INFO: [ app_begin ] --END-- [ RunTime:0.002000s ]
INFO: [ app_end ] --START--
INFO: Run Behavior\ShowPageTraceBehavior [ RunTime:0.000000s ]
INFO: [ app_end ] --END-- [ RunTime:0.002001s ]

[ 2016-03-14T14:42:00+08:00 ] 127.0.0.1 /99m/index.php/Admin/User/lists
INFO: [ app_init ] --START--
INFO: Run Behavior\BuildLiteBehavior [ RunTime:0.000000s ]
INFO: [ app_init ] --END-- [ RunTime:0.000000s ]
INFO: [ app_begin ] --START--
INFO: Run Behavior\ReadHtmlCacheBehavior [ RunTime:0.001000s ]
INFO: [ app_begin ] --END-- [ RunTime:0.001000s ]
SQL: SHOW COLUMNS FROM `tp_user` [ RunTime:0.0830s ]
NOTIC: [8] Undefined index: p D:\wamp\www\99m\App\Admin\Model\UserModel.class.php 第 6 行.
SQL: SELECT * FROM `tp_user` ORDER BY last_time DESC LIMIT 0,5   [ RunTime:0.0140s ]
SQL: SELECT COUNT(*) AS tp_count FROM `tp_user` LIMIT 1   [ RunTime:0.0010s ]
INFO: [ view_parse ] --START--
INFO: [ template_filter ] --START--
INFO: Run Behavior\ContentReplaceBehavior [ RunTime:0.001000s ]
INFO: [ template_filter ] --END-- [ RunTime:0.001000s ]
INFO: Run Behavior\ParseTemplateBehavior [ RunTime:0.078005s ]
INFO: [ view_parse ] --END-- [ RunTime:0.078005s ]
INFO: [ view_filter ] --START--
INFO: Run Behavior\WriteHtmlCacheBehavior [ RunTime:0.012000s ]
INFO: [ view_filter ] --END-- [ RunTime:0.012000s ]
INFO: [ app_end ] --START--
INFO: Run Behavior\ShowPageTraceBehavior [ RunTime:0.001000s ]
INFO: [ app_end ] --END-- [ RunTime:0.001000s ]

[ 2016-03-14T14:42:24+08:00 ] 127.0.0.1 /99m/index.php/Admin/Goods/lists.html
INFO: [ app_init ] --START--
INFO: Run Behavior\BuildLiteBehavior [ RunTime:0.000000s ]
INFO: [ app_init ] --END-- [ RunTime:0.000000s ]
INFO: [ app_begin ] --START--
INFO: Run Behavior\ReadHtmlCacheBehavior [ RunTime:0.001000s ]
INFO: [ app_begin ] --END-- [ RunTime:0.001000s ]
INFO: [ view_parse ] --START--
INFO: [ template_filter ] --START--
INFO: Run Behavior\ContentReplaceBehavior [ RunTime:0.000000s ]
INFO: [ template_filter ] --END-- [ RunTime:0.000000s ]
NOTIC: [8] Undefined variable: User_list D:\wamp\www\99m\App\Runtime\Cache\Admin\e41513e1507008fae6cf053c6314883e.php 第 103 行.
INFO: Run Behavior\ParseTemplateBehavior [ RunTime:0.023001s ]
INFO: [ view_parse ] --END-- [ RunTime:0.023001s ]
INFO: [ view_filter ] --START--
INFO: Run Behavior\WriteHtmlCacheBehavior [ RunTime:0.001000s ]
INFO: [ view_filter ] --END-- [ RunTime:0.001000s ]
INFO: [ app_end ] --START--
INFO: Run Behavior\ShowPageTraceBehavior [ RunTime:0.001000s ]
INFO: [ app_end ] --END-- [ RunTime:0.001000s ]

[ 2016-03-14T14:42:26+08:00 ] 127.0.0.1 /99m/index.php/Admin/Goods/add.html
INFO: [ app_init ] --START--
INFO: Run Behavior\BuildLiteBehavior [ RunTime:0.000000s ]
INFO: [ app_init ] --END-- [ RunTime:0.000000s ]
INFO: [ app_begin ] --START--
INFO: Run Behavior\ReadHtmlCacheBehavior [ RunTime:0.001000s ]
INFO: [ app_begin ] --END-- [ RunTime:0.001000s ]
INFO: [ view_parse ] --START--
INFO: [ template_filter ] --START--
INFO: Run Behavior\ContentReplaceBehavior [ RunTime:0.001000s ]
INFO: [ template_filter ] --END-- [ RunTime:0.001000s ]
INFO: Run Behavior\ParseTemplateBehavior [ RunTime:0.019001s ]
INFO: [ view_parse ] --END-- [ RunTime:0.020001s ]
INFO: [ view_filter ] --START--
INFO: Run Behavior\WriteHtmlCacheBehavior [ RunTime:0.000000s ]
INFO: [ view_filter ] --END-- [ RunTime:0.000000s ]
INFO: [ app_end ] --START--
INFO: Run Behavior\ShowPageTraceBehavior [ RunTime:0.000000s ]
INFO: [ app_end ] --END-- [ RunTime:0.000000s ]

[ 2016-03-14T14:42:36+08:00 ] 127.0.0.1 /99m/index.php/Admin/Goods/add.html
INFO: [ app_init ] --START--
INFO: Run Behavior\BuildLiteBehavior [ RunTime:0.000000s ]
INFO: [ app_init ] --END-- [ RunTime:0.001000s ]
INFO: [ app_begin ] --START--
INFO: Run Behavior\ReadHtmlCacheBehavior [ RunTime:0.002000s ]
INFO: [ app_begin ] --END-- [ RunTime:0.003000s ]
INFO: [ app_end ] --START--
INFO: Run Behavior\ShowPageTraceBehavior [ RunTime:0.001000s ]
INFO: [ app_end ] --END-- [ RunTime:0.001000s ]

[ 2016-03-14T15:27:12+08:00 ] 127.0.0.1 /99m/index.php/Admin/Goods/add.html
INFO: [ app_init ] --START--
INFO: Run Behavior\BuildLiteBehavior [ RunTime:0.000000s ]
INFO: [ app_init ] --END-- [ RunTime:0.003000s ]
INFO: [ app_begin ] --START--
INFO: Run Behavior\ReadHtmlCacheBehavior [ RunTime:0.002000s ]
INFO: [ app_begin ] --END-- [ RunTime:0.002000s ]
SQL: SHOW COLUMNS FROM `tp_goods` [ RunTime:0.0330s ]
ERR: Think\Model:addGooods方法不存在！

[ 2016-03-14T15:28:52+08:00 ] 127.0.0.1 /99m/index.php/Admin/Goods/add.html
INFO: [ app_init ] --START--
INFO: Run Behavior\BuildLiteBehavior [ RunTime:0.000000s ]
INFO: [ app_init ] --END-- [ RunTime:0.001000s ]
INFO: [ app_begin ] --START--
INFO: Run Behavior\ReadHtmlCacheBehavior [ RunTime:0.001000s ]
INFO: [ app_begin ] --END-- [ RunTime:0.001000s ]
SQL: SHOW COLUMNS FROM `tp_goods` [ RunTime:0.0060s ]
SQL: INSERT INTO `tp_goods` (`title`,`price`) VALUES ('裤子','1.2') [ RunTime:0.1080s ]
INFO: [ app_end ] --START--
INFO: Run Behavior\ShowPageTraceBehavior [ RunTime:0.011001s ]
INFO: [ app_end ] --END-- [ RunTime:0.011001s ]

[ 2016-03-14T15:28:52+08:00 ] 127.0.0.1 /99m/index.php/Admin/Goods/lists.html
INFO: [ app_init ] --START--
INFO: Run Behavior\BuildLiteBehavior [ RunTime:0.000000s ]
INFO: [ app_init ] --END-- [ RunTime:0.001001s ]
INFO: [ app_begin ] --START--
INFO: Run Behavior\ReadHtmlCacheBehavior [ RunTime:0.000000s ]
INFO: [ app_begin ] --END-- [ RunTime:0.001000s ]
INFO: [ view_parse ] --START--
INFO: [ template_filter ] --START--
INFO: Run Behavior\ContentReplaceBehavior [ RunTime:0.000000s ]
INFO: [ template_filter ] --END-- [ RunTime:0.000000s ]
NOTIC: [8] Undefined variable: User_list D:\wamp\www\99m\App\Runtime\Cache\Admin\e41513e1507008fae6cf053c6314883e.php 第 103 行.
INFO: Run Behavior\ParseTemplateBehavior [ RunTime:0.066004s ]
INFO: [ view_parse ] --END-- [ RunTime:0.067004s ]
INFO: [ view_filter ] --START--
INFO: Run Behavior\WriteHtmlCacheBehavior [ RunTime:0.002000s ]
INFO: [ view_filter ] --END-- [ RunTime:0.002000s ]
INFO: [ app_end ] --START--
INFO: Run Behavior\ShowPageTraceBehavior [ RunTime:0.001000s ]
INFO: [ app_end ] --END-- [ RunTime:0.001000s ]

[ 2016-03-14T15:28:55+08:00 ] 127.0.0.1 /99m/index.php/Admin/Goods/add.html
INFO: [ app_init ] --START--
INFO: Run Behavior\BuildLiteBehavior [ RunTime:0.000000s ]
INFO: [ app_init ] --END-- [ RunTime:0.001000s ]
INFO: [ app_begin ] --START--
INFO: Run Behavior\ReadHtmlCacheBehavior [ RunTime:0.001000s ]
INFO: [ app_begin ] --END-- [ RunTime:0.001000s ]
INFO: [ view_parse ] --START--
INFO: [ template_filter ] --START--
INFO: Run Behavior\ContentReplaceBehavior [ RunTime:0.001000s ]
INFO: [ template_filter ] --END-- [ RunTime:0.001000s ]
INFO: Run Behavior\ParseTemplateBehavior [ RunTime:0.028002s ]
INFO: [ view_parse ] --END-- [ RunTime:0.028002s ]
INFO: [ view_filter ] --START--
INFO: Run Behavior\WriteHtmlCacheBehavior [ RunTime:0.000000s ]
INFO: [ view_filter ] --END-- [ RunTime:0.000000s ]
INFO: [ app_end ] --START--
INFO: Run Behavior\ShowPageTraceBehavior [ RunTime:0.001000s ]
INFO: [ app_end ] --END-- [ RunTime:0.001000s ]

[ 2016-03-14T15:30:52+08:00 ] 127.0.0.1 /99m/index.php/Admin/Goods/add.html
INFO: [ app_init ] --START--
INFO: Run Behavior\BuildLiteBehavior [ RunTime:0.000000s ]
INFO: [ app_init ] --END-- [ RunTime:0.000000s ]
INFO: [ app_begin ] --START--
INFO: Run Behavior\ReadHtmlCacheBehavior [ RunTime:0.001000s ]
INFO: [ app_begin ] --END-- [ RunTime:0.001000s ]
SQL: SHOW COLUMNS FROM `tp_goods` [ RunTime:0.0050s ]
ERR: 1062:Duplicate entry '0' for key 'PRIMARY'
 [ SQL语句 ] : INSERT INTO `tp_goods` (`title`,`price`) VALUES ('测试1','60')
ERR: 1062:Duplicate entry '0' for key 'PRIMARY'
 [ SQL语句 ] : INSERT INTO `tp_goods` (`title`,`price`) VALUES ('测试1','60')

[ 2016-03-14T15:32:16+08:00 ] 127.0.0.1 /99m/index.php/Admin/Goods/add.html
INFO: [ app_init ] --START--
INFO: Run Behavior\BuildLiteBehavior [ RunTime:0.000000s ]
INFO: [ app_init ] --END-- [ RunTime:0.001000s ]
INFO: [ app_begin ] --START--
INFO: Run Behavior\ReadHtmlCacheBehavior [ RunTime:0.001000s ]
INFO: [ app_begin ] --END-- [ RunTime:0.001000s ]
SQL: SHOW COLUMNS FROM `tp_goods` [ RunTime:0.0070s ]
ERR: 1062:Duplicate entry '0' for key 'PRIMARY'
 [ SQL语句 ] : INSERT INTO `tp_goods` (`title`,`price`) VALUES ('测试1','60')
ERR: 1062:Duplicate entry '0' for key 'PRIMARY'
 [ SQL语句 ] : INSERT INTO `tp_goods` (`title`,`price`) VALUES ('测试1','60')

[ 2016-03-14T15:32:27+08:00 ] 127.0.0.1 /99m/index.php/Admin/Goods/add.html
INFO: [ app_init ] --START--
INFO: Run Behavior\BuildLiteBehavior [ RunTime:0.000000s ]
INFO: [ app_init ] --END-- [ RunTime:0.000000s ]
INFO: [ app_begin ] --START--
INFO: Run Behavior\ReadHtmlCacheBehavior [ RunTime:0.001000s ]
INFO: [ app_begin ] --END-- [ RunTime:0.001000s ]
SQL: SHOW COLUMNS FROM `tp_goods` [ RunTime:0.0060s ]
ERR: 1062:Duplicate entry '0' for key 'PRIMARY'
 [ SQL语句 ] : INSERT INTO `tp_goods` (`title`,`price`) VALUES ('测试3','12.5')
ERR: 1062:Duplicate entry '0' for key 'PRIMARY'
 [ SQL语句 ] : INSERT INTO `tp_goods` (`title`,`price`) VALUES ('测试3','12.5')

[ 2016-03-14T15:36:19+08:00 ] 127.0.0.1 /99m/index.php/Admin/Goods/add.html
INFO: [ app_init ] --START--
INFO: Run Behavior\BuildLiteBehavior [ RunTime:0.000000s ]
INFO: [ app_init ] --END-- [ RunTime:0.001000s ]
INFO: [ app_begin ] --START--
INFO: Run Behavior\ReadHtmlCacheBehavior [ RunTime:0.002000s ]
INFO: [ app_begin ] --END-- [ RunTime:0.002000s ]
INFO: [ view_parse ] --START--
INFO: [ template_filter ] --START--
INFO: Run Behavior\ContentReplaceBehavior [ RunTime:0.000000s ]
INFO: [ template_filter ] --END-- [ RunTime:0.000000s ]
INFO: Run Behavior\ParseTemplateBehavior [ RunTime:0.062004s ]
INFO: [ view_parse ] --END-- [ RunTime:0.062004s ]
INFO: [ view_filter ] --START--
INFO: Run Behavior\WriteHtmlCacheBehavior [ RunTime:0.005000s ]
INFO: [ view_filter ] --END-- [ RunTime:0.005000s ]
INFO: [ app_end ] --START--
INFO: Run Behavior\ShowPageTraceBehavior [ RunTime:0.006000s ]
INFO: [ app_end ] --END-- [ RunTime:0.006000s ]

[ 2016-03-14T15:36:27+08:00 ] 127.0.0.1 /99m/index.php/Admin/Goods/add.html
INFO: [ app_init ] --START--
INFO: Run Behavior\BuildLiteBehavior [ RunTime:0.000000s ]
INFO: [ app_init ] --END-- [ RunTime:0.001001s ]
INFO: [ app_begin ] --START--
INFO: Run Behavior\ReadHtmlCacheBehavior [ RunTime:0.001000s ]
INFO: [ app_begin ] --END-- [ RunTime:0.002000s ]
SQL: SHOW COLUMNS FROM `tp_goods` [ RunTime:0.0060s ]
ERR: 1062:Duplicate entry '0' for key 'PRIMARY'
 [ SQL语句 ] : INSERT INTO `tp_goods` (`title`,`price`) VALUES ('王二小','12.3')
ERR: 1062:Duplicate entry '0' for key 'PRIMARY'
 [ SQL语句 ] : INSERT INTO `tp_goods` (`title`,`price`) VALUES ('王二小','12.3')

[ 2016-03-14T15:40:01+08:00 ] 127.0.0.1 /99m/index.php/Admin/Goods/add.html
INFO: [ app_init ] --START--
INFO: Run Behavior\BuildLiteBehavior [ RunTime:0.000000s ]
INFO: [ app_init ] --END-- [ RunTime:0.034002s ]
INFO: [ app_begin ] --START--
INFO: Run Behavior\ReadHtmlCacheBehavior [ RunTime:0.002000s ]
INFO: [ app_begin ] --END-- [ RunTime:0.003000s ]
INFO: [ view_parse ] --START--
INFO: [ template_filter ] --START--
INFO: Run Behavior\ContentReplaceBehavior [ RunTime:0.000000s ]
INFO: [ template_filter ] --END-- [ RunTime:0.001000s ]
INFO: Run Behavior\ParseTemplateBehavior [ RunTime:0.051003s ]
INFO: [ view_parse ] --END-- [ RunTime:0.052003s ]
INFO: [ view_filter ] --START--
INFO: Run Behavior\WriteHtmlCacheBehavior [ RunTime:0.002000s ]
INFO: [ view_filter ] --END-- [ RunTime:0.002000s ]
INFO: [ app_end ] --START--
INFO: Run Behavior\ShowPageTraceBehavior [ RunTime:0.002000s ]
INFO: [ app_end ] --END-- [ RunTime:0.002000s ]

[ 2016-03-14T15:40:19+08:00 ] 127.0.0.1 /99m/index.php/Admin/Goods/add.html
INFO: [ app_init ] --START--
INFO: Run Behavior\BuildLiteBehavior [ RunTime:0.000000s ]
INFO: [ app_init ] --END-- [ RunTime:0.001000s ]
INFO: [ app_begin ] --START--
INFO: Run Behavior\ReadHtmlCacheBehavior [ RunTime:0.003000s ]
INFO: [ app_begin ] --END-- [ RunTime:0.003000s ]
SQL: SHOW COLUMNS FROM `tp_goods` [ RunTime:0.0060s ]
ERR: 1062:Duplicate entry '0' for key 'PRIMARY'
 [ SQL语句 ] : INSERT INTO `tp_goods` (`title`,`price`) VALUES ('衬衣','50.3')
ERR: 1062:Duplicate entry '0' for key 'PRIMARY'
 [ SQL语句 ] : INSERT INTO `tp_goods` (`title`,`price`) VALUES ('衬衣','50.3')

[ 2016-03-14T15:43:12+08:00 ] 127.0.0.1 /99m/index.php/Admin/Goods/add.html
INFO: [ app_init ] --START--
INFO: Run Behavior\BuildLiteBehavior [ RunTime:0.000000s ]
INFO: [ app_init ] --END-- [ RunTime:0.009001s ]
INFO: [ app_begin ] --START--
INFO: Run Behavior\ReadHtmlCacheBehavior [ RunTime:0.002000s ]
INFO: [ app_begin ] --END-- [ RunTime:0.002000s ]
INFO: [ view_parse ] --START--
INFO: [ template_filter ] --START--
INFO: Run Behavior\ContentReplaceBehavior [ RunTime:0.001000s ]
INFO: [ template_filter ] --END-- [ RunTime:0.001000s ]
INFO: Run Behavior\ParseTemplateBehavior [ RunTime:0.049002s ]
INFO: [ view_parse ] --END-- [ RunTime:0.049002s ]
INFO: [ view_filter ] --START--
INFO: Run Behavior\WriteHtmlCacheBehavior [ RunTime:0.002000s ]
INFO: [ view_filter ] --END-- [ RunTime:0.002000s ]
INFO: [ app_end ] --START--
INFO: Run Behavior\ShowPageTraceBehavior [ RunTime:0.002001s ]
INFO: [ app_end ] --END-- [ RunTime:0.002001s ]

[ 2016-03-14T15:43:23+08:00 ] 127.0.0.1 /99m/index.php/Admin/Goods/add.html
INFO: [ app_init ] --START--
INFO: Run Behavior\BuildLiteBehavior [ RunTime:0.000000s ]
INFO: [ app_init ] --END-- [ RunTime:0.001000s ]
INFO: [ app_begin ] --START--
INFO: Run Behavior\ReadHtmlCacheBehavior [ RunTime:0.001000s ]
INFO: [ app_begin ] --END-- [ RunTime:0.002000s ]
SQL: SHOW COLUMNS FROM `tp_goods` [ RunTime:0.0070s ]
ERR: 1062:Duplicate entry '0' for key 'PRIMARY'
 [ SQL语句 ] : INSERT INTO `tp_goods` (`title`,`price`) VALUES ('华谊','12.6')
ERR: 1062:Duplicate entry '0' for key 'PRIMARY'
 [ SQL语句 ] : INSERT INTO `tp_goods` (`title`,`price`) VALUES ('华谊','12.6')

[ 2016-03-14T15:44:32+08:00 ] 127.0.0.1 /99m/index.php/Admin/Goods/add.html
INFO: [ app_init ] --START--
INFO: Run Behavior\BuildLiteBehavior [ RunTime:0.001000s ]
INFO: [ app_init ] --END-- [ RunTime:0.001000s ]
INFO: [ app_begin ] --START--
INFO: Run Behavior\ReadHtmlCacheBehavior [ RunTime:0.001000s ]
INFO: [ app_begin ] --END-- [ RunTime:0.001000s ]
INFO: [ view_parse ] --START--
INFO: [ template_filter ] --START--
INFO: Run Behavior\ContentReplaceBehavior [ RunTime:0.000000s ]
INFO: [ template_filter ] --END-- [ RunTime:0.001000s ]
INFO: Run Behavior\ParseTemplateBehavior [ RunTime:0.065004s ]
INFO: [ view_parse ] --END-- [ RunTime:0.065004s ]
INFO: [ view_filter ] --START--
INFO: Run Behavior\WriteHtmlCacheBehavior [ RunTime:0.012001s ]
INFO: [ view_filter ] --END-- [ RunTime:0.012001s ]
INFO: [ app_end ] --START--
INFO: Run Behavior\ShowPageTraceBehavior [ RunTime:0.006000s ]
INFO: [ app_end ] --END-- [ RunTime:0.006000s ]

[ 2016-03-14T15:44:41+08:00 ] 127.0.0.1 /99m/index.php/Admin/Goods/add.html
INFO: [ app_init ] --START--
INFO: Run Behavior\BuildLiteBehavior [ RunTime:0.000000s ]
INFO: [ app_init ] --END-- [ RunTime:0.001000s ]
INFO: [ app_begin ] --START--
INFO: Run Behavior\ReadHtmlCacheBehavior [ RunTime:0.001000s ]
INFO: [ app_begin ] --END-- [ RunTime:0.001000s ]
SQL: SHOW COLUMNS FROM `tp_goods` [ RunTime:0.0060s ]
ERR: 1062:Duplicate entry '0' for key 'PRIMARY'
 [ SQL语句 ] : INSERT INTO `tp_goods` (`title`,`price`) VALUES ('卧槽','11.5')
ERR: 1062:Duplicate entry '0' for key 'PRIMARY'
 [ SQL语句 ] : INSERT INTO `tp_goods` (`title`,`price`) VALUES ('卧槽','11.5')

[ 2016-03-14T15:45:34+08:00 ] 127.0.0.1 /99m/index.php/Admin/Goods/add.html
INFO: [ app_init ] --START--
INFO: Run Behavior\BuildLiteBehavior [ RunTime:0.000000s ]
INFO: [ app_init ] --END-- [ RunTime:0.000000s ]
INFO: [ app_begin ] --START--
INFO: Run Behavior\ReadHtmlCacheBehavior [ RunTime:0.001000s ]
INFO: [ app_begin ] --END-- [ RunTime:0.001000s ]
SQL: SHOW COLUMNS FROM `tp_goods` [ RunTime:0.0070s ]
ERR: 1062:Duplicate entry '0' for key 'PRIMARY'
 [ SQL语句 ] : INSERT INTO `tp_goods` (`title`,`price`) VALUES ('卧槽','11.5')
ERR: 1062:Duplicate entry '0' for key 'PRIMARY'
 [ SQL语句 ] : INSERT INTO `tp_goods` (`title`,`price`) VALUES ('卧槽','11.5')

[ 2016-03-14T15:46:55+08:00 ] 127.0.0.1 /99m/index.php/Admin/Goods/lists.html
INFO: [ app_init ] --START--
INFO: Run Behavior\BuildLiteBehavior [ RunTime:0.000000s ]
INFO: [ app_init ] --END-- [ RunTime:0.001000s ]
INFO: [ app_begin ] --START--
INFO: Run Behavior\ReadHtmlCacheBehavior [ RunTime:0.003000s ]
INFO: [ app_begin ] --END-- [ RunTime:0.003000s ]
INFO: [ view_parse ] --START--
INFO: [ template_filter ] --START--
INFO: Run Behavior\ContentReplaceBehavior [ RunTime:0.000000s ]
INFO: [ template_filter ] --END-- [ RunTime:0.000000s ]
NOTIC: [8] Undefined variable: User_list D:\wamp\www\99m\App\Runtime\Cache\Admin\e41513e1507008fae6cf053c6314883e.php 第 103 行.
INFO: Run Behavior\ParseTemplateBehavior [ RunTime:0.038002s ]
INFO: [ view_parse ] --END-- [ RunTime:0.039003s ]
INFO: [ view_filter ] --START--
INFO: Run Behavior\WriteHtmlCacheBehavior [ RunTime:0.003000s ]
INFO: [ view_filter ] --END-- [ RunTime:0.003000s ]
INFO: [ app_end ] --START--
INFO: Run Behavior\ShowPageTraceBehavior [ RunTime:0.003000s ]
INFO: [ app_end ] --END-- [ RunTime:0.004000s ]

[ 2016-03-14T15:50:02+08:00 ] 127.0.0.1 /99m/index.php/Admin/Goods/add.html
INFO: [ app_init ] --START--
INFO: Run Behavior\BuildLiteBehavior [ RunTime:0.000000s ]
INFO: [ app_init ] --END-- [ RunTime:0.001000s ]
INFO: [ app_begin ] --START--
INFO: Run Behavior\ReadHtmlCacheBehavior [ RunTime:0.003000s ]
INFO: [ app_begin ] --END-- [ RunTime:0.003000s ]
INFO: [ view_parse ] --START--
INFO: [ template_filter ] --START--
INFO: Run Behavior\ContentReplaceBehavior [ RunTime:0.000000s ]
INFO: [ template_filter ] --END-- [ RunTime:0.000000s ]
INFO: Run Behavior\ParseTemplateBehavior [ RunTime:0.020002s ]
INFO: [ view_parse ] --END-- [ RunTime:0.020002s ]
INFO: [ view_filter ] --START--
INFO: Run Behavior\WriteHtmlCacheBehavior [ RunTime:0.003000s ]
INFO: [ view_filter ] --END-- [ RunTime:0.003000s ]
INFO: [ app_end ] --START--
INFO: Run Behavior\ShowPageTraceBehavior [ RunTime:0.003000s ]
INFO: [ app_end ] --END-- [ RunTime:0.003000s ]

[ 2016-03-14T15:50:11+08:00 ] 127.0.0.1 /99m/index.php/Admin/Goods/add.html
INFO: [ app_init ] --START--
INFO: Run Behavior\BuildLiteBehavior [ RunTime:0.000000s ]
INFO: [ app_init ] --END-- [ RunTime:0.003000s ]
INFO: [ app_begin ] --START--
INFO: Run Behavior\ReadHtmlCacheBehavior [ RunTime:0.002000s ]
INFO: [ app_begin ] --END-- [ RunTime:0.002000s ]
SQL: SHOW COLUMNS FROM `tp_goods` [ RunTime:0.0070s ]
ERR: 1062:Duplicate entry '0' for key 'PRIMARY'
 [ SQL语句 ] : INSERT INTO `tp_goods` (`title`,`price`) VALUES ('衣服','111.6')
ERR: 1062:Duplicate entry '0' for key 'PRIMARY'
 [ SQL语句 ] : INSERT INTO `tp_goods` (`title`,`price`) VALUES ('衣服','111.6')

[ 2016-03-14T15:51:45+08:00 ] 127.0.0.1 /99m/index.php/Admin/Goods/add.html
INFO: [ app_init ] --START--
INFO: Run Behavior\BuildLiteBehavior [ RunTime:0.000000s ]
INFO: [ app_init ] --END-- [ RunTime:0.001000s ]
INFO: [ app_begin ] --START--
INFO: Run Behavior\ReadHtmlCacheBehavior [ RunTime:0.002000s ]
INFO: [ app_begin ] --END-- [ RunTime:0.002000s ]
SQL: SHOW COLUMNS FROM `tp_goods` [ RunTime:0.0050s ]
SQL: INSERT INTO `tp_goods` (`title`,`price`) VALUES ('衣服','111.6') [ RunTime:0.0010s ]
INFO: [ app_end ] --START--
INFO: Run Behavior\ShowPageTraceBehavior [ RunTime:0.002000s ]
INFO: [ app_end ] --END-- [ RunTime:0.002000s ]

[ 2016-03-14T15:51:45+08:00 ] 127.0.0.1 /99m/index.php/Admin/Goods/lists.html
INFO: [ app_init ] --START--
INFO: Run Behavior\BuildLiteBehavior [ RunTime:0.000000s ]
INFO: [ app_init ] --END-- [ RunTime:0.001000s ]
INFO: [ app_begin ] --START--
INFO: Run Behavior\ReadHtmlCacheBehavior [ RunTime:0.001001s ]
INFO: [ app_begin ] --END-- [ RunTime:0.001001s ]
INFO: [ view_parse ] --START--
INFO: [ template_filter ] --START--
INFO: Run Behavior\ContentReplaceBehavior [ RunTime:0.000000s ]
INFO: [ template_filter ] --END-- [ RunTime:0.000000s ]
NOTIC: [8] Undefined variable: User_list D:\wamp\www\99m\App\Runtime\Cache\Admin\e41513e1507008fae6cf053c6314883e.php 第 103 行.
INFO: Run Behavior\ParseTemplateBehavior [ RunTime:0.033002s ]
INFO: [ view_parse ] --END-- [ RunTime:0.033002s ]
INFO: [ view_filter ] --START--
INFO: Run Behavior\WriteHtmlCacheBehavior [ RunTime:0.002000s ]
INFO: [ view_filter ] --END-- [ RunTime:0.002000s ]
INFO: [ app_end ] --START--
INFO: Run Behavior\ShowPageTraceBehavior [ RunTime:0.002000s ]
INFO: [ app_end ] --END-- [ RunTime:0.002000s ]

[ 2016-03-14T15:51:57+08:00 ] 127.0.0.1 /99m/index.php/Admin/Goods/add.html
INFO: [ app_init ] --START--
INFO: Run Behavior\BuildLiteBehavior [ RunTime:0.000000s ]
INFO: [ app_init ] --END-- [ RunTime:0.001000s ]
INFO: [ app_begin ] --START--
INFO: Run Behavior\ReadHtmlCacheBehavior [ RunTime:0.001001s ]
INFO: [ app_begin ] --END-- [ RunTime:0.002001s ]
INFO: [ view_parse ] --START--
INFO: [ template_filter ] --START--
INFO: Run Behavior\ContentReplaceBehavior [ RunTime:0.000000s ]
INFO: [ template_filter ] --END-- [ RunTime:0.001000s ]
INFO: Run Behavior\ParseTemplateBehavior [ RunTime:0.016001s ]
INFO: [ view_parse ] --END-- [ RunTime:0.017001s ]
INFO: [ view_filter ] --START--
INFO: Run Behavior\WriteHtmlCacheBehavior [ RunTime:0.001000s ]
INFO: [ view_filter ] --END-- [ RunTime:0.001000s ]
INFO: [ app_end ] --START--
INFO: Run Behavior\ShowPageTraceBehavior [ RunTime:0.001000s ]
INFO: [ app_end ] --END-- [ RunTime:0.002000s ]

[ 2016-03-14T15:52:04+08:00 ] 127.0.0.1 /99m/index.php/Admin/Goods/add.html
INFO: [ app_init ] --START--
INFO: Run Behavior\BuildLiteBehavior [ RunTime:0.000000s ]
INFO: [ app_init ] --END-- [ RunTime:0.000000s ]
INFO: [ app_begin ] --START--
INFO: Run Behavior\ReadHtmlCacheBehavior [ RunTime:0.001000s ]
INFO: [ app_begin ] --END-- [ RunTime:0.002000s ]
SQL: SHOW COLUMNS FROM `tp_goods` [ RunTime:0.0080s ]
SQL: INSERT INTO `tp_goods` (`title`,`price`) VALUES ('体恤衫','58.45') [ RunTime:0.0010s ]
INFO: [ app_end ] --START--
INFO: Run Behavior\ShowPageTraceBehavior [ RunTime:0.001000s ]
INFO: [ app_end ] --END-- [ RunTime:0.001000s ]

[ 2016-03-14T15:52:04+08:00 ] 127.0.0.1 /99m/index.php/Admin/Goods/lists.html
INFO: [ app_init ] --START--
INFO: Run Behavior\BuildLiteBehavior [ RunTime:0.000000s ]
INFO: [ app_init ] --END-- [ RunTime:0.001000s ]
INFO: [ app_begin ] --START--
INFO: Run Behavior\ReadHtmlCacheBehavior [ RunTime:0.002000s ]
INFO: [ app_begin ] --END-- [ RunTime:0.002000s ]
INFO: [ view_parse ] --START--
INFO: [ template_filter ] --START--
INFO: Run Behavior\ContentReplaceBehavior [ RunTime:0.001000s ]
INFO: [ template_filter ] --END-- [ RunTime:0.001000s ]
NOTIC: [8] Undefined variable: User_list D:\wamp\www\99m\App\Runtime\Cache\Admin\e41513e1507008fae6cf053c6314883e.php 第 103 行.
INFO: Run Behavior\ParseTemplateBehavior [ RunTime:0.016001s ]
INFO: [ view_parse ] --END-- [ RunTime:0.016001s ]
INFO: [ view_filter ] --START--
INFO: Run Behavior\WriteHtmlCacheBehavior [ RunTime:0.001000s ]
INFO: [ view_filter ] --END-- [ RunTime:0.001000s ]
INFO: [ app_end ] --START--
INFO: Run Behavior\ShowPageTraceBehavior [ RunTime:0.001000s ]
INFO: [ app_end ] --END-- [ RunTime:0.001000s ]

[ 2016-03-14T16:03:24+08:00 ] 127.0.0.1 /99m/index.php/Admin/Goods/add.html
INFO: [ app_init ] --START--
INFO: Run Behavior\BuildLiteBehavior [ RunTime:0.000000s ]
INFO: [ app_init ] --END-- [ RunTime:0.001000s ]
INFO: [ app_begin ] --START--
INFO: Run Behavior\ReadHtmlCacheBehavior [ RunTime:0.001000s ]
INFO: [ app_begin ] --END-- [ RunTime:0.002000s ]
INFO: [ view_parse ] --START--
INFO: [ template_filter ] --START--
INFO: Run Behavior\ContentReplaceBehavior [ RunTime:0.000000s ]
INFO: [ template_filter ] --END-- [ RunTime:0.001000s ]
INFO: Run Behavior\ParseTemplateBehavior [ RunTime:0.017001s ]
INFO: [ view_parse ] --END-- [ RunTime:0.018001s ]
INFO: [ view_filter ] --START--
INFO: Run Behavior\WriteHtmlCacheBehavior [ RunTime:0.001000s ]
INFO: [ view_filter ] --END-- [ RunTime:0.001000s ]
INFO: [ app_end ] --START--
INFO: Run Behavior\ShowPageTraceBehavior [ RunTime:0.001000s ]
INFO: [ app_end ] --END-- [ RunTime:0.001000s ]

[ 2016-03-14T16:03:36+08:00 ] 127.0.0.1 /99m/index.php/Admin/Goods/add.html
INFO: [ app_init ] --START--
INFO: Run Behavior\BuildLiteBehavior [ RunTime:0.001000s ]
INFO: [ app_init ] --END-- [ RunTime:0.001000s ]
INFO: [ app_begin ] --START--
INFO: Run Behavior\ReadHtmlCacheBehavior [ RunTime:0.001000s ]
INFO: [ app_begin ] --END-- [ RunTime:0.001000s ]
SQL: SHOW COLUMNS FROM `tp_goods` [ RunTime:0.0050s ]
SQL: INSERT INTO `tp_goods` (`title`,`price`,`create_time`,`update_time`) VALUES ('半身裙','45.8','1457942616','1457942616') [ RunTime:0.0010s ]
INFO: [ app_end ] --START--
INFO: Run Behavior\ShowPageTraceBehavior [ RunTime:0.002000s ]
INFO: [ app_end ] --END-- [ RunTime:0.002000s ]

[ 2016-03-14T16:03:36+08:00 ] 127.0.0.1 /99m/index.php/Admin/Goods/lists.html
INFO: [ app_init ] --START--
INFO: Run Behavior\BuildLiteBehavior [ RunTime:0.000000s ]
INFO: [ app_init ] --END-- [ RunTime:0.001000s ]
INFO: [ app_begin ] --START--
INFO: Run Behavior\ReadHtmlCacheBehavior [ RunTime:0.002000s ]
INFO: [ app_begin ] --END-- [ RunTime:0.002000s ]
INFO: [ view_parse ] --START--
INFO: [ template_filter ] --START--
INFO: Run Behavior\ContentReplaceBehavior [ RunTime:0.000000s ]
INFO: [ template_filter ] --END-- [ RunTime:0.000000s ]
NOTIC: [8] Undefined variable: User_list D:\wamp\www\99m\App\Runtime\Cache\Admin\e41513e1507008fae6cf053c6314883e.php 第 103 行.
INFO: Run Behavior\ParseTemplateBehavior [ RunTime:0.015001s ]
INFO: [ view_parse ] --END-- [ RunTime:0.017001s ]
INFO: [ view_filter ] --START--
INFO: Run Behavior\WriteHtmlCacheBehavior [ RunTime:0.001000s ]
INFO: [ view_filter ] --END-- [ RunTime:0.001000s ]
INFO: [ app_end ] --START--
INFO: Run Behavior\ShowPageTraceBehavior [ RunTime:0.001000s ]
INFO: [ app_end ] --END-- [ RunTime:0.001000s ]

[ 2016-03-14T16:04:12+08:00 ] 127.0.0.1 /99m/index.php/Admin/Goods/lists.html
INFO: [ app_init ] --START--
INFO: Run Behavior\BuildLiteBehavior [ RunTime:0.000000s ]
INFO: [ app_init ] --END-- [ RunTime:0.001000s ]
INFO: [ app_begin ] --START--
INFO: Run Behavior\ReadHtmlCacheBehavior [ RunTime:0.002000s ]
INFO: [ app_begin ] --END-- [ RunTime:0.002000s ]
INFO: [ view_parse ] --START--
INFO: [ template_filter ] --START--
INFO: Run Behavior\ContentReplaceBehavior [ RunTime:0.000000s ]
INFO: [ template_filter ] --END-- [ RunTime:0.000000s ]
NOTIC: [8] Undefined variable: User_list D:\wamp\www\99m\App\Runtime\Cache\Admin\e41513e1507008fae6cf053c6314883e.php 第 103 行.
INFO: Run Behavior\ParseTemplateBehavior [ RunTime:0.017001s ]
INFO: [ view_parse ] --END-- [ RunTime:0.017001s ]
INFO: [ view_filter ] --START--
INFO: Run Behavior\WriteHtmlCacheBehavior [ RunTime:0.001000s ]
INFO: [ view_filter ] --END-- [ RunTime:0.002000s ]
INFO: [ app_end ] --START--
INFO: Run Behavior\ShowPageTraceBehavior [ RunTime:0.002000s ]
INFO: [ app_end ] --END-- [ RunTime:0.002000s ]

[ 2016-03-14T16:04:14+08:00 ] 127.0.0.1 /99m/index.php/Admin/Goods/add.html
INFO: [ app_init ] --START--
INFO: Run Behavior\BuildLiteBehavior [ RunTime:0.000000s ]
INFO: [ app_init ] --END-- [ RunTime:0.001000s ]
INFO: [ app_begin ] --START--
INFO: Run Behavior\ReadHtmlCacheBehavior [ RunTime:0.001000s ]
INFO: [ app_begin ] --END-- [ RunTime:0.002000s ]
INFO: [ view_parse ] --START--
INFO: [ template_filter ] --START--
INFO: Run Behavior\ContentReplaceBehavior [ RunTime:0.000000s ]
INFO: [ template_filter ] --END-- [ RunTime:0.001000s ]
INFO: Run Behavior\ParseTemplateBehavior [ RunTime:0.015001s ]
INFO: [ view_parse ] --END-- [ RunTime:0.015001s ]
INFO: [ view_filter ] --START--
INFO: Run Behavior\WriteHtmlCacheBehavior [ RunTime:0.001000s ]
INFO: [ view_filter ] --END-- [ RunTime:0.001000s ]
INFO: [ app_end ] --START--
INFO: Run Behavior\ShowPageTraceBehavior [ RunTime:0.002000s ]
INFO: [ app_end ] --END-- [ RunTime:0.002000s ]

[ 2016-03-14T16:04:28+08:00 ] 127.0.0.1 /99m/index.php/Admin/Goods/add.html
INFO: [ app_init ] --START--
INFO: Run Behavior\BuildLiteBehavior [ RunTime:0.000000s ]
INFO: [ app_init ] --END-- [ RunTime:0.001000s ]
INFO: [ app_begin ] --START--
INFO: Run Behavior\ReadHtmlCacheBehavior [ RunTime:0.001000s ]
INFO: [ app_begin ] --END-- [ RunTime:0.001000s ]
SQL: SHOW COLUMNS FROM `tp_goods` [ RunTime:0.0070s ]
SQL: INSERT INTO `tp_goods` (`title`,`price`,`create_time`,`update_time`) VALUES ('外衣','88.95','1457942668','1457942668') [ RunTime:0.0000s ]
INFO: [ app_end ] --START--
INFO: Run Behavior\ShowPageTraceBehavior [ RunTime:0.001000s ]
INFO: [ app_end ] --END-- [ RunTime:0.002000s ]

[ 2016-03-14T16:04:28+08:00 ] 127.0.0.1 /99m/index.php/Admin/Goods/lists.html
INFO: [ app_init ] --START--
INFO: Run Behavior\BuildLiteBehavior [ RunTime:0.000000s ]
INFO: [ app_init ] --END-- [ RunTime:0.000000s ]
INFO: [ app_begin ] --START--
INFO: Run Behavior\ReadHtmlCacheBehavior [ RunTime:0.001000s ]
INFO: [ app_begin ] --END-- [ RunTime:0.002000s ]
INFO: [ view_parse ] --START--
INFO: [ template_filter ] --START--
INFO: Run Behavior\ContentReplaceBehavior [ RunTime:0.000000s ]
INFO: [ template_filter ] --END-- [ RunTime:0.001000s ]
NOTIC: [8] Undefined variable: User_list D:\wamp\www\99m\App\Runtime\Cache\Admin\e41513e1507008fae6cf053c6314883e.php 第 103 行.
INFO: Run Behavior\ParseTemplateBehavior [ RunTime:0.017001s ]
INFO: [ view_parse ] --END-- [ RunTime:0.017001s ]
INFO: [ view_filter ] --START--
INFO: Run Behavior\WriteHtmlCacheBehavior [ RunTime:0.001000s ]
INFO: [ view_filter ] --END-- [ RunTime:0.001000s ]
INFO: [ app_end ] --START--
INFO: Run Behavior\ShowPageTraceBehavior [ RunTime:0.001000s ]
INFO: [ app_end ] --END-- [ RunTime:0.001000s ]

[ 2016-03-14T16:25:25+08:00 ] 127.0.0.1 /99m/index.php/Admin/Goods/lists.html
INFO: [ app_init ] --START--
INFO: Run Behavior\BuildLiteBehavior [ RunTime:0.000000s ]
INFO: [ app_init ] --END-- [ RunTime:0.000000s ]
INFO: [ app_begin ] --START--
INFO: Run Behavior\ReadHtmlCacheBehavior [ RunTime:0.001000s ]
INFO: [ app_begin ] --END-- [ RunTime:0.001000s ]
INFO: [ view_parse ] --START--
INFO: [ template_filter ] --START--
INFO: Run Behavior\ContentReplaceBehavior [ RunTime:0.000000s ]
INFO: [ template_filter ] --END-- [ RunTime:0.000000s ]
NOTIC: [8] Undefined variable: User_list D:\wamp\www\99m\App\Runtime\Cache\Admin\e41513e1507008fae6cf053c6314883e.php 第 103 行.
INFO: Run Behavior\ParseTemplateBehavior [ RunTime:0.017001s ]
INFO: [ view_parse ] --END-- [ RunTime:0.018001s ]
INFO: [ view_filter ] --START--
INFO: Run Behavior\WriteHtmlCacheBehavior [ RunTime:0.002000s ]
INFO: [ view_filter ] --END-- [ RunTime:0.002000s ]
INFO: [ app_end ] --START--
INFO: Run Behavior\ShowPageTraceBehavior [ RunTime:0.001000s ]
INFO: [ app_end ] --END-- [ RunTime:0.001000s ]

[ 2016-03-14T16:25:26+08:00 ] 127.0.0.1 /99m/index.php/Admin/Goods/add.html
INFO: [ app_init ] --START--
INFO: Run Behavior\BuildLiteBehavior [ RunTime:0.000000s ]
INFO: [ app_init ] --END-- [ RunTime:0.000000s ]
INFO: [ app_begin ] --START--
INFO: Run Behavior\ReadHtmlCacheBehavior [ RunTime:0.001000s ]
INFO: [ app_begin ] --END-- [ RunTime:0.002000s ]
INFO: [ view_parse ] --START--
INFO: [ template_filter ] --START--
INFO: Run Behavior\ContentReplaceBehavior [ RunTime:0.000000s ]
INFO: [ template_filter ] --END-- [ RunTime:0.000000s ]
INFO: Run Behavior\ParseTemplateBehavior [ RunTime:0.015000s ]
INFO: [ view_parse ] --END-- [ RunTime:0.015000s ]
INFO: [ view_filter ] --START--
INFO: Run Behavior\WriteHtmlCacheBehavior [ RunTime:0.001001s ]
INFO: [ view_filter ] --END-- [ RunTime:0.001001s ]
INFO: [ app_end ] --START--
INFO: Run Behavior\ShowPageTraceBehavior [ RunTime:0.001000s ]
INFO: [ app_end ] --END-- [ RunTime:0.002000s ]

[ 2016-03-14T16:25:30+08:00 ] 127.0.0.1 /99m/index.php/Admin/Goods/add.html
INFO: [ app_init ] --START--
INFO: Run Behavior\BuildLiteBehavior [ RunTime:0.000000s ]
INFO: [ app_init ] --END-- [ RunTime:0.001000s ]
INFO: [ app_begin ] --START--
INFO: Run Behavior\ReadHtmlCacheBehavior [ RunTime:0.001000s ]
INFO: [ app_begin ] --END-- [ RunTime:0.001000s ]
SQL: SHOW COLUMNS FROM `tp_goods` [ RunTime:0.0060s ]

[ 2016-03-14T16:25:48+08:00 ] 127.0.0.1 /99m/index.php/Admin/Goods/add.html
INFO: [ app_init ] --START--
INFO: Run Behavior\BuildLiteBehavior [ RunTime:0.000000s ]
INFO: [ app_init ] --END-- [ RunTime:0.000000s ]
INFO: [ app_begin ] --START--
INFO: Run Behavior\ReadHtmlCacheBehavior [ RunTime:0.002000s ]
INFO: [ app_begin ] --END-- [ RunTime:0.002000s ]
INFO: [ view_parse ] --START--
INFO: [ template_filter ] --START--
INFO: Run Behavior\ContentReplaceBehavior [ RunTime:0.000000s ]
INFO: [ template_filter ] --END-- [ RunTime:0.001000s ]
INFO: Run Behavior\ParseTemplateBehavior [ RunTime:0.014001s ]
INFO: [ view_parse ] --END-- [ RunTime:0.015001s ]
INFO: [ view_filter ] --START--
INFO: Run Behavior\WriteHtmlCacheBehavior [ RunTime:0.001000s ]
INFO: [ view_filter ] --END-- [ RunTime:0.001000s ]
INFO: [ app_end ] --START--
INFO: Run Behavior\ShowPageTraceBehavior [ RunTime:0.001000s ]
INFO: [ app_end ] --END-- [ RunTime:0.001000s ]

[ 2016-03-14T16:25:49+08:00 ] 127.0.0.1 /99m/index.php/Admin/Goods/add.html
INFO: [ app_init ] --START--
INFO: Run Behavior\BuildLiteBehavior [ RunTime:0.000000s ]
INFO: [ app_init ] --END-- [ RunTime:0.001000s ]
INFO: [ app_begin ] --START--
INFO: Run Behavior\ReadHtmlCacheBehavior [ RunTime:0.001000s ]
INFO: [ app_begin ] --END-- [ RunTime:0.001000s ]
INFO: [ view_parse ] --START--
INFO: [ template_filter ] --START--
INFO: Run Behavior\ContentReplaceBehavior [ RunTime:0.001000s ]
INFO: [ template_filter ] --END-- [ RunTime:0.001000s ]
INFO: Run Behavior\ParseTemplateBehavior [ RunTime:0.018001s ]
INFO: [ view_parse ] --END-- [ RunTime:0.019002s ]
INFO: [ view_filter ] --START--
INFO: Run Behavior\WriteHtmlCacheBehavior [ RunTime:0.001000s ]
INFO: [ view_filter ] --END-- [ RunTime:0.002000s ]
INFO: [ app_end ] --START--
INFO: Run Behavior\ShowPageTraceBehavior [ RunTime:0.002000s ]
INFO: [ app_end ] --END-- [ RunTime:0.002000s ]

[ 2016-03-14T16:26:00+08:00 ] 127.0.0.1 /99m/index.php/Admin/Goods/add.html
INFO: [ app_init ] --START--
INFO: Run Behavior\BuildLiteBehavior [ RunTime:0.000000s ]
INFO: [ app_init ] --END-- [ RunTime:0.000000s ]
INFO: [ app_begin ] --START--
INFO: Run Behavior\ReadHtmlCacheBehavior [ RunTime:0.001000s ]
INFO: [ app_begin ] --END-- [ RunTime:0.002000s ]
SQL: SHOW COLUMNS FROM `tp_goods` [ RunTime:0.0060s ]
SQL: INSERT INTO `tp_goods` (`title`,`price`,`create_time`,`update_time`) VALUES ('玛利亚','563.2','1457943959','1457943959') [ RunTime:0.0010s ]
INFO: [ app_end ] --START--
INFO: Run Behavior\ShowPageTraceBehavior [ RunTime:0.002000s ]
INFO: [ app_end ] --END-- [ RunTime:0.002000s ]

[ 2016-03-14T16:26:00+08:00 ] 127.0.0.1 /99m/index.php/Admin/Goods/lists.html
INFO: [ app_init ] --START--
INFO: Run Behavior\BuildLiteBehavior [ RunTime:0.000000s ]
INFO: [ app_init ] --END-- [ RunTime:0.001000s ]
INFO: [ app_begin ] --START--
INFO: Run Behavior\ReadHtmlCacheBehavior [ RunTime:0.002000s ]
INFO: [ app_begin ] --END-- [ RunTime:0.002000s ]
INFO: [ view_parse ] --START--
INFO: [ template_filter ] --START--
INFO: Run Behavior\ContentReplaceBehavior [ RunTime:0.000000s ]
INFO: [ template_filter ] --END-- [ RunTime:0.000000s ]
NOTIC: [8] Undefined variable: User_list D:\wamp\www\99m\App\Runtime\Cache\Admin\e41513e1507008fae6cf053c6314883e.php 第 103 行.
INFO: Run Behavior\ParseTemplateBehavior [ RunTime:0.016001s ]
INFO: [ view_parse ] --END-- [ RunTime:0.017001s ]
INFO: [ view_filter ] --START--
INFO: Run Behavior\WriteHtmlCacheBehavior [ RunTime:0.001000s ]
INFO: [ view_filter ] --END-- [ RunTime:0.002000s ]
INFO: [ app_end ] --START--
INFO: Run Behavior\ShowPageTraceBehavior [ RunTime:0.001000s ]
INFO: [ app_end ] --END-- [ RunTime:0.002000s ]

[ 2016-03-14T16:26:51+08:00 ] 127.0.0.1 /99m/index.php/Admin/Goods/add.html
INFO: [ app_init ] --START--
INFO: Run Behavior\BuildLiteBehavior [ RunTime:0.000000s ]
INFO: [ app_init ] --END-- [ RunTime:0.001000s ]
INFO: [ app_begin ] --START--
INFO: Run Behavior\ReadHtmlCacheBehavior [ RunTime:0.003001s ]
INFO: [ app_begin ] --END-- [ RunTime:0.004001s ]
INFO: [ view_parse ] --START--
INFO: [ template_filter ] --START--
INFO: Run Behavior\ContentReplaceBehavior [ RunTime:0.000000s ]
INFO: [ template_filter ] --END-- [ RunTime:0.000000s ]
INFO: Run Behavior\ParseTemplateBehavior [ RunTime:0.022001s ]
INFO: [ view_parse ] --END-- [ RunTime:0.022001s ]
INFO: [ view_filter ] --START--
INFO: Run Behavior\WriteHtmlCacheBehavior [ RunTime:0.003000s ]
INFO: [ view_filter ] --END-- [ RunTime:0.003000s ]
INFO: [ app_end ] --START--
INFO: Run Behavior\ShowPageTraceBehavior [ RunTime:0.003001s ]
INFO: [ app_end ] --END-- [ RunTime:0.004001s ]

[ 2016-03-14T16:26:55+08:00 ] 127.0.0.1 /99m/index.php/Admin/Goods/add.html
INFO: [ app_init ] --START--
INFO: Run Behavior\BuildLiteBehavior [ RunTime:0.000000s ]
INFO: [ app_init ] --END-- [ RunTime:0.001000s ]
INFO: [ app_begin ] --START--
INFO: Run Behavior\ReadHtmlCacheBehavior [ RunTime:0.003000s ]
INFO: [ app_begin ] --END-- [ RunTime:0.003000s ]
SQL: SHOW COLUMNS FROM `tp_goods` [ RunTime:0.0060s ]

[ 2016-03-14T16:27:20+08:00 ] 127.0.0.1 /99m/index.php/Admin/Goods/add.html
INFO: [ app_init ] --START--
INFO: Run Behavior\BuildLiteBehavior [ RunTime:0.001001s ]
INFO: [ app_init ] --END-- [ RunTime:0.002001s ]
INFO: [ app_begin ] --START--
INFO: Run Behavior\ReadHtmlCacheBehavior [ RunTime:0.003000s ]
INFO: [ app_begin ] --END-- [ RunTime:0.003000s ]
SQL: SHOW COLUMNS FROM `tp_goods` [ RunTime:0.0060s ]

[ 2016-03-14T16:29:08+08:00 ] 127.0.0.1 /99m/index.php/Admin/Goods/add.html
INFO: [ app_init ] --START--
INFO: Run Behavior\BuildLiteBehavior [ RunTime:0.000000s ]
INFO: [ app_init ] --END-- [ RunTime:0.000000s ]
INFO: [ app_begin ] --START--
INFO: Run Behavior\ReadHtmlCacheBehavior [ RunTime:0.001000s ]
INFO: [ app_begin ] --END-- [ RunTime:0.002000s ]
INFO: [ view_parse ] --START--
INFO: [ template_filter ] --START--
INFO: Run Behavior\ContentReplaceBehavior [ RunTime:0.000000s ]
INFO: [ template_filter ] --END-- [ RunTime:0.001000s ]
INFO: Run Behavior\ParseTemplateBehavior [ RunTime:0.014001s ]
INFO: [ view_parse ] --END-- [ RunTime:0.015001s ]
INFO: [ view_filter ] --START--
INFO: Run Behavior\WriteHtmlCacheBehavior [ RunTime:0.001000s ]
INFO: [ view_filter ] --END-- [ RunTime:0.001000s ]
INFO: [ app_end ] --START--
INFO: Run Behavior\ShowPageTraceBehavior [ RunTime:0.001000s ]
INFO: [ app_end ] --END-- [ RunTime:0.001000s ]

[ 2016-03-14T16:29:11+08:00 ] 127.0.0.1 /99m/index.php/Admin/Goods/add.html
INFO: [ app_init ] --START--
INFO: Run Behavior\BuildLiteBehavior [ RunTime:0.000000s ]
INFO: [ app_init ] --END-- [ RunTime:0.000000s ]
INFO: [ app_begin ] --START--
INFO: Run Behavior\ReadHtmlCacheBehavior [ RunTime:0.001000s ]
INFO: [ app_begin ] --END-- [ RunTime:0.001000s ]
SQL: SHOW COLUMNS FROM `tp_goods` [ RunTime:0.0060s ]

[ 2016-03-14T16:29:12+08:00 ] 127.0.0.1 /99m/index.php/Admin/Goods/add.html
INFO: [ app_init ] --START--
INFO: Run Behavior\BuildLiteBehavior [ RunTime:0.001000s ]
INFO: [ app_init ] --END-- [ RunTime:0.001000s ]
INFO: [ app_begin ] --START--
INFO: Run Behavior\ReadHtmlCacheBehavior [ RunTime:0.001000s ]
INFO: [ app_begin ] --END-- [ RunTime:0.002000s ]
INFO: [ view_parse ] --START--
INFO: [ template_filter ] --START--
INFO: Run Behavior\ContentReplaceBehavior [ RunTime:0.000000s ]
INFO: [ template_filter ] --END-- [ RunTime:0.000000s ]
INFO: Run Behavior\ParseTemplateBehavior [ RunTime:0.015001s ]
INFO: [ view_parse ] --END-- [ RunTime:0.015001s ]
INFO: [ view_filter ] --START--
INFO: Run Behavior\WriteHtmlCacheBehavior [ RunTime:0.001000s ]
INFO: [ view_filter ] --END-- [ RunTime:0.002000s ]
INFO: [ app_end ] --START--
INFO: Run Behavior\ShowPageTraceBehavior [ RunTime:0.001000s ]
INFO: [ app_end ] --END-- [ RunTime:0.001000s ]

[ 2016-03-14T16:29:16+08:00 ] 127.0.0.1 /99m/index.php/Admin/Goods/add.html
INFO: [ app_init ] --START--
INFO: Run Behavior\BuildLiteBehavior [ RunTime:0.000000s ]
INFO: [ app_init ] --END-- [ RunTime:0.001000s ]
INFO: [ app_begin ] --START--
INFO: Run Behavior\ReadHtmlCacheBehavior [ RunTime:0.001000s ]
INFO: [ app_begin ] --END-- [ RunTime:0.001000s ]
SQL: SHOW COLUMNS FROM `tp_goods` [ RunTime:0.0060s ]

[ 2016-03-14T16:29:18+08:00 ] 127.0.0.1 /99m/index.php/Admin/Goods/add.html
INFO: [ app_init ] --START--
INFO: Run Behavior\BuildLiteBehavior [ RunTime:0.000000s ]
INFO: [ app_init ] --END-- [ RunTime:0.000000s ]
INFO: [ app_begin ] --START--
INFO: Run Behavior\ReadHtmlCacheBehavior [ RunTime:0.002000s ]
INFO: [ app_begin ] --END-- [ RunTime:0.002000s ]
INFO: [ view_parse ] --START--
INFO: [ template_filter ] --START--
INFO: Run Behavior\ContentReplaceBehavior [ RunTime:0.000000s ]
INFO: [ template_filter ] --END-- [ RunTime:0.000000s ]
INFO: Run Behavior\ParseTemplateBehavior [ RunTime:0.014001s ]
INFO: [ view_parse ] --END-- [ RunTime:0.015001s ]
INFO: [ view_filter ] --START--
INFO: Run Behavior\WriteHtmlCacheBehavior [ RunTime:0.001000s ]
INFO: [ view_filter ] --END-- [ RunTime:0.001000s ]
INFO: [ app_end ] --START--
INFO: Run Behavior\ShowPageTraceBehavior [ RunTime:0.002000s ]
INFO: [ app_end ] --END-- [ RunTime:0.002000s ]

[ 2016-03-14T16:29:20+08:00 ] 127.0.0.1 /99m/index.php/Admin/Goods/add.html
INFO: [ app_init ] --START--
INFO: Run Behavior\BuildLiteBehavior [ RunTime:0.000000s ]
INFO: [ app_init ] --END-- [ RunTime:0.000000s ]
INFO: [ app_begin ] --START--
INFO: Run Behavior\ReadHtmlCacheBehavior [ RunTime:0.001000s ]
INFO: [ app_begin ] --END-- [ RunTime:0.001000s ]
SQL: SHOW COLUMNS FROM `tp_goods` [ RunTime:0.0050s ]

[ 2016-03-14T16:29:22+08:00 ] 127.0.0.1 /99m/index.php/Admin/Goods/add.html
INFO: [ app_init ] --START--
INFO: Run Behavior\BuildLiteBehavior [ RunTime:0.000000s ]
INFO: [ app_init ] --END-- [ RunTime:0.001000s ]
INFO: [ app_begin ] --START--
INFO: Run Behavior\ReadHtmlCacheBehavior [ RunTime:0.001000s ]
INFO: [ app_begin ] --END-- [ RunTime:0.002000s ]
INFO: [ view_parse ] --START--
INFO: [ template_filter ] --START--
INFO: Run Behavior\ContentReplaceBehavior [ RunTime:0.000000s ]
INFO: [ template_filter ] --END-- [ RunTime:0.000000s ]
INFO: Run Behavior\ParseTemplateBehavior [ RunTime:0.014001s ]
INFO: [ view_parse ] --END-- [ RunTime:0.015001s ]
INFO: [ view_filter ] --START--
INFO: Run Behavior\WriteHtmlCacheBehavior [ RunTime:0.001000s ]
INFO: [ view_filter ] --END-- [ RunTime:0.001000s ]
INFO: [ app_end ] --START--
INFO: Run Behavior\ShowPageTraceBehavior [ RunTime:0.001000s ]
INFO: [ app_end ] --END-- [ RunTime:0.001000s ]

[ 2016-03-14T16:29:34+08:00 ] 127.0.0.1 /99m/index.php/Admin/Goods/add.html
INFO: [ app_init ] --START--
INFO: Run Behavior\BuildLiteBehavior [ RunTime:0.000000s ]
INFO: [ app_init ] --END-- [ RunTime:0.001000s ]
INFO: [ app_begin ] --START--
INFO: Run Behavior\ReadHtmlCacheBehavior [ RunTime:0.001000s ]
INFO: [ app_begin ] --END-- [ RunTime:0.002000s ]
SQL: SHOW COLUMNS FROM `tp_goods` [ RunTime:0.0060s ]

[ 2016-03-14T16:29:35+08:00 ] 127.0.0.1 /99m/index.php/Admin/Goods/add.html
INFO: [ app_init ] --START--
INFO: Run Behavior\BuildLiteBehavior [ RunTime:0.000000s ]
INFO: [ app_init ] --END-- [ RunTime:0.001000s ]
INFO: [ app_begin ] --START--
INFO: Run Behavior\ReadHtmlCacheBehavior [ RunTime:0.001000s ]
INFO: [ app_begin ] --END-- [ RunTime:0.001000s ]
INFO: [ view_parse ] --START--
INFO: [ template_filter ] --START--
INFO: Run Behavior\ContentReplaceBehavior [ RunTime:0.001000s ]
INFO: [ template_filter ] --END-- [ RunTime:0.001000s ]
INFO: Run Behavior\ParseTemplateBehavior [ RunTime:0.015001s ]
INFO: [ view_parse ] --END-- [ RunTime:0.016001s ]
INFO: [ view_filter ] --START--
INFO: Run Behavior\WriteHtmlCacheBehavior [ RunTime:0.001000s ]
INFO: [ view_filter ] --END-- [ RunTime:0.001000s ]
INFO: [ app_end ] --START--
INFO: Run Behavior\ShowPageTraceBehavior [ RunTime:0.001000s ]
INFO: [ app_end ] --END-- [ RunTime:0.002000s ]

[ 2016-03-14T17:02:11+08:00 ] 127.0.0.1 /99m/index.php/Admin/Goods/lists.html
INFO: [ app_init ] --START--
INFO: Run Behavior\BuildLiteBehavior [ RunTime:0.000000s ]
INFO: [ app_init ] --END-- [ RunTime:0.009001s ]
INFO: [ app_begin ] --START--
INFO: Run Behavior\ReadHtmlCacheBehavior [ RunTime:0.002000s ]
INFO: [ app_begin ] --END-- [ RunTime:0.002000s ]
SQL: SHOW COLUMNS FROM `tp_goods` [ RunTime:0.0070s ]
SQL: SELECT * FROM `tp_goods`  [ RunTime:0.0010s ]
INFO: [ view_parse ] --START--
INFO: [ template_filter ] --START--
INFO: Run Behavior\ContentReplaceBehavior [ RunTime:0.000000s ]
INFO: [ template_filter ] --END-- [ RunTime:0.000000s ]
NOTIC: [8] Undefined index: lists D:\wamp\www\99m\App\Runtime\Cache\Admin\e41513e1507008fae6cf053c6314883e.php 第 104 行.
INFO: Run Behavior\ParseTemplateBehavior [ RunTime:0.041002s ]
INFO: [ view_parse ] --END-- [ RunTime:0.041002s ]
INFO: [ view_filter ] --START--
INFO: Run Behavior\WriteHtmlCacheBehavior [ RunTime:0.001000s ]
INFO: [ view_filter ] --END-- [ RunTime:0.001000s ]
INFO: [ app_end ] --START--
INFO: Run Behavior\ShowPageTraceBehavior [ RunTime:0.001000s ]
INFO: [ app_end ] --END-- [ RunTime:0.001000s ]

[ 2016-03-14T17:03:10+08:00 ] 127.0.0.1 /99m/index.php/Admin/Goods/lists.html
INFO: [ app_init ] --START--
INFO: Run Behavior\BuildLiteBehavior [ RunTime:0.001000s ]
INFO: [ app_init ] --END-- [ RunTime:0.001000s ]
INFO: [ app_begin ] --START--
INFO: Run Behavior\ReadHtmlCacheBehavior [ RunTime:0.001000s ]
INFO: [ app_begin ] --END-- [ RunTime:0.001000s ]
SQL: SHOW COLUMNS FROM `tp_goods` [ RunTime:0.0060s ]
SQL: SELECT * FROM `tp_goods`  [ RunTime:0.0010s ]
INFO: [ view_parse ] --START--
INFO: [ template_filter ] --START--
INFO: Run Behavior\ContentReplaceBehavior [ RunTime:0.000000s ]
INFO: [ template_filter ] --END-- [ RunTime:0.001000s ]
NOTIC: [8] Undefined variable: ul D:\wamp\www\99m\App\Runtime\Cache\Admin\e41513e1507008fae6cf053c6314883e.php 第 110 行.
NOTIC: [8] Undefined variable: ul D:\wamp\www\99m\App\Runtime\Cache\Admin\e41513e1507008fae6cf053c6314883e.php 第 110 行.
NOTIC: [8] Undefined variable: ul D:\wamp\www\99m\App\Runtime\Cache\Admin\e41513e1507008fae6cf053c6314883e.php 第 110 行.
NOTIC: [8] Undefined variable: ul D:\wamp\www\99m\App\Runtime\Cache\Admin\e41513e1507008fae6cf053c6314883e.php 第 110 行.
NOTIC: [8] Undefined variable: ul D:\wamp\www\99m\App\Runtime\Cache\Admin\e41513e1507008fae6cf053c6314883e.php 第 110 行.
NOTIC: [8] Undefined variable: ul D:\wamp\www\99m\App\Runtime\Cache\Admin\e41513e1507008fae6cf053c6314883e.php 第 110 行.
NOTIC: [8] Undefined variable: ul D:\wamp\www\99m\App\Runtime\Cache\Admin\e41513e1507008fae6cf053c6314883e.php 第 110 行.
NOTIC: [8] Undefined variable: ul D:\wamp\www\99m\App\Runtime\Cache\Admin\e41513e1507008fae6cf053c6314883e.php 第 110 行.
NOTIC: [8] Undefined variable: ul D:\wamp\www\99m\App\Runtime\Cache\Admin\e41513e1507008fae6cf053c6314883e.php 第 110 行.
NOTIC: [8] Undefined variable: ul D:\wamp\www\99m\App\Runtime\Cache\Admin\e41513e1507008fae6cf053c6314883e.php 第 110 行.
NOTIC: [8] Undefined variable: ul D:\wamp\www\99m\App\Runtime\Cache\Admin\e41513e1507008fae6cf053c6314883e.php 第 110 行.
NOTIC: [8] Undefined variable: ul D:\wamp\www\99m\App\Runtime\Cache\Admin\e41513e1507008fae6cf053c6314883e.php 第 110 行.
INFO: Run Behavior\ParseTemplateBehavior [ RunTime:0.022002s ]
INFO: [ view_parse ] --END-- [ RunTime:0.023002s ]
INFO: [ view_filter ] --START--
INFO: Run Behavior\WriteHtmlCacheBehavior [ RunTime:0.002000s ]
INFO: [ view_filter ] --END-- [ RunTime:0.002000s ]
INFO: [ app_end ] --START--
INFO: Run Behavior\ShowPageTraceBehavior [ RunTime:0.001000s ]
INFO: [ app_end ] --END-- [ RunTime:0.001000s ]

[ 2016-03-14T17:07:22+08:00 ] 127.0.0.1 /99m/index.php/Admin/Goods/lists.html
INFO: [ app_init ] --START--
INFO: Run Behavior\BuildLiteBehavior [ RunTime:0.000000s ]
INFO: [ app_init ] --END-- [ RunTime:0.000000s ]
INFO: [ app_begin ] --START--
INFO: Run Behavior\ReadHtmlCacheBehavior [ RunTime:0.002000s ]
INFO: [ app_begin ] --END-- [ RunTime:0.002000s ]
SQL: SHOW COLUMNS FROM `tp_goods` [ RunTime:0.0050s ]
SQL: SELECT * FROM `tp_goods`  [ RunTime:0.0010s ]
INFO: [ view_parse ] --START--
INFO: [ template_filter ] --START--
INFO: Run Behavior\ContentReplaceBehavior [ RunTime:0.000000s ]
INFO: [ template_filter ] --END-- [ RunTime:0.000000s ]
NOTIC: [8] Undefined variable: ul D:\wamp\www\99m\App\Runtime\Cache\Admin\e41513e1507008fae6cf053c6314883e.php 第 110 行.
NOTIC: [8] Undefined variable: ul D:\wamp\www\99m\App\Runtime\Cache\Admin\e41513e1507008fae6cf053c6314883e.php 第 110 行.
NOTIC: [8] Undefined variable: ul D:\wamp\www\99m\App\Runtime\Cache\Admin\e41513e1507008fae6cf053c6314883e.php 第 110 行.
NOTIC: [8] Undefined variable: ul D:\wamp\www\99m\App\Runtime\Cache\Admin\e41513e1507008fae6cf053c6314883e.php 第 110 行.
NOTIC: [8] Undefined variable: ul D:\wamp\www\99m\App\Runtime\Cache\Admin\e41513e1507008fae6cf053c6314883e.php 第 110 行.
NOTIC: [8] Undefined variable: ul D:\wamp\www\99m\App\Runtime\Cache\Admin\e41513e1507008fae6cf053c6314883e.php 第 110 行.
NOTIC: [8] Undefined variable: ul D:\wamp\www\99m\App\Runtime\Cache\Admin\e41513e1507008fae6cf053c6314883e.php 第 110 行.
NOTIC: [8] Undefined variable: ul D:\wamp\www\99m\App\Runtime\Cache\Admin\e41513e1507008fae6cf053c6314883e.php 第 110 行.
NOTIC: [8] Undefined variable: ul D:\wamp\www\99m\App\Runtime\Cache\Admin\e41513e1507008fae6cf053c6314883e.php 第 110 行.
NOTIC: [8] Undefined variable: ul D:\wamp\www\99m\App\Runtime\Cache\Admin\e41513e1507008fae6cf053c6314883e.php 第 110 行.
NOTIC: [8] Undefined variable: ul D:\wamp\www\99m\App\Runtime\Cache\Admin\e41513e1507008fae6cf053c6314883e.php 第 110 行.
NOTIC: [8] Undefined variable: ul D:\wamp\www\99m\App\Runtime\Cache\Admin\e41513e1507008fae6cf053c6314883e.php 第 110 行.
INFO: Run Behavior\ParseTemplateBehavior [ RunTime:0.021002s ]
INFO: [ view_parse ] --END-- [ RunTime:0.022002s ]
INFO: [ view_filter ] --START--
INFO: Run Behavior\WriteHtmlCacheBehavior [ RunTime:0.001000s ]
INFO: [ view_filter ] --END-- [ RunTime:0.001000s ]
INFO: [ app_end ] --START--
INFO: Run Behavior\ShowPageTraceBehavior [ RunTime:0.002000s ]
INFO: [ app_end ] --END-- [ RunTime:0.002000s ]

[ 2016-03-14T17:08:15+08:00 ] 127.0.0.1 /99m/index.php/Admin/Goods/lists.html
INFO: [ app_init ] --START--
INFO: Run Behavior\BuildLiteBehavior [ RunTime:0.000000s ]
INFO: [ app_init ] --END-- [ RunTime:0.001000s ]
INFO: [ app_begin ] --START--
INFO: Run Behavior\ReadHtmlCacheBehavior [ RunTime:0.002000s ]
INFO: [ app_begin ] --END-- [ RunTime:0.002000s ]
SQL: SHOW COLUMNS FROM `tp_goods` [ RunTime:0.0060s ]
SQL: SELECT * FROM `tp_goods`  [ RunTime:0.0020s ]
INFO: [ view_parse ] --START--
INFO: [ template_filter ] --START--
INFO: Run Behavior\ContentReplaceBehavior [ RunTime:0.000000s ]
INFO: [ template_filter ] --END-- [ RunTime:0.000000s ]
NOTIC: [8] Undefined variable: ul D:\wamp\www\99m\App\Runtime\Cache\Admin\e41513e1507008fae6cf053c6314883e.php 第 110 行.
NOTIC: [8] Undefined variable: ul D:\wamp\www\99m\App\Runtime\Cache\Admin\e41513e1507008fae6cf053c6314883e.php 第 110 行.
NOTIC: [8] Undefined variable: ul D:\wamp\www\99m\App\Runtime\Cache\Admin\e41513e1507008fae6cf053c6314883e.php 第 110 行.
NOTIC: [8] Undefined variable: ul D:\wamp\www\99m\App\Runtime\Cache\Admin\e41513e1507008fae6cf053c6314883e.php 第 110 行.
NOTIC: [8] Undefined variable: ul D:\wamp\www\99m\App\Runtime\Cache\Admin\e41513e1507008fae6cf053c6314883e.php 第 110 行.
NOTIC: [8] Undefined variable: ul D:\wamp\www\99m\App\Runtime\Cache\Admin\e41513e1507008fae6cf053c6314883e.php 第 110 行.
NOTIC: [8] Undefined variable: ul D:\wamp\www\99m\App\Runtime\Cache\Admin\e41513e1507008fae6cf053c6314883e.php 第 110 行.
NOTIC: [8] Undefined variable: ul D:\wamp\www\99m\App\Runtime\Cache\Admin\e41513e1507008fae6cf053c6314883e.php 第 110 行.
NOTIC: [8] Undefined variable: ul D:\wamp\www\99m\App\Runtime\Cache\Admin\e41513e1507008fae6cf053c6314883e.php 第 110 行.
NOTIC: [8] Undefined variable: ul D:\wamp\www\99m\App\Runtime\Cache\Admin\e41513e1507008fae6cf053c6314883e.php 第 110 行.
NOTIC: [8] Undefined variable: ul D:\wamp\www\99m\App\Runtime\Cache\Admin\e41513e1507008fae6cf053c6314883e.php 第 110 行.
NOTIC: [8] Undefined variable: ul D:\wamp\www\99m\App\Runtime\Cache\Admin\e41513e1507008fae6cf053c6314883e.php 第 110 行.
INFO: Run Behavior\ParseTemplateBehavior [ RunTime:0.021001s ]
INFO: [ view_parse ] --END-- [ RunTime:0.022001s ]
INFO: [ view_filter ] --START--
INFO: Run Behavior\WriteHtmlCacheBehavior [ RunTime:0.001000s ]
INFO: [ view_filter ] --END-- [ RunTime:0.001000s ]
INFO: [ app_end ] --START--
INFO: Run Behavior\ShowPageTraceBehavior [ RunTime:0.002000s ]
INFO: [ app_end ] --END-- [ RunTime:0.002000s ]

[ 2016-03-14T17:08:51+08:00 ] 127.0.0.1 /99m/index.php/Admin/Goods/lists.html
INFO: [ app_init ] --START--
INFO: Run Behavior\BuildLiteBehavior [ RunTime:0.000000s ]
INFO: [ app_init ] --END-- [ RunTime:0.001000s ]
INFO: [ app_begin ] --START--
INFO: Run Behavior\ReadHtmlCacheBehavior [ RunTime:0.001000s ]
INFO: [ app_begin ] --END-- [ RunTime:0.002000s ]
SQL: SHOW COLUMNS FROM `tp_goods` [ RunTime:0.0060s ]
SQL: SELECT * FROM `tp_goods`  [ RunTime:0.0010s ]
INFO: [ view_parse ] --START--
INFO: [ template_filter ] --START--
INFO: Run Behavior\ContentReplaceBehavior [ RunTime:0.001000s ]
INFO: [ template_filter ] --END-- [ RunTime:0.001000s ]
NOTIC: [8] Undefined variable: ul D:\wamp\www\99m\App\Runtime\Cache\Admin\e41513e1507008fae6cf053c6314883e.php 第 110 行.
NOTIC: [8] Undefined variable: ul D:\wamp\www\99m\App\Runtime\Cache\Admin\e41513e1507008fae6cf053c6314883e.php 第 110 行.
NOTIC: [8] Undefined variable: ul D:\wamp\www\99m\App\Runtime\Cache\Admin\e41513e1507008fae6cf053c6314883e.php 第 110 行.
NOTIC: [8] Undefined variable: ul D:\wamp\www\99m\App\Runtime\Cache\Admin\e41513e1507008fae6cf053c6314883e.php 第 110 行.
NOTIC: [8] Undefined variable: ul D:\wamp\www\99m\App\Runtime\Cache\Admin\e41513e1507008fae6cf053c6314883e.php 第 110 行.
NOTIC: [8] Undefined variable: ul D:\wamp\www\99m\App\Runtime\Cache\Admin\e41513e1507008fae6cf053c6314883e.php 第 110 行.
NOTIC: [8] Undefined variable: ul D:\wamp\www\99m\App\Runtime\Cache\Admin\e41513e1507008fae6cf053c6314883e.php 第 110 行.
NOTIC: [8] Undefined variable: ul D:\wamp\www\99m\App\Runtime\Cache\Admin\e41513e1507008fae6cf053c6314883e.php 第 110 行.
NOTIC: [8] Undefined variable: ul D:\wamp\www\99m\App\Runtime\Cache\Admin\e41513e1507008fae6cf053c6314883e.php 第 110 行.
NOTIC: [8] Undefined variable: ul D:\wamp\www\99m\App\Runtime\Cache\Admin\e41513e1507008fae6cf053c6314883e.php 第 110 行.
NOTIC: [8] Undefined variable: ul D:\wamp\www\99m\App\Runtime\Cache\Admin\e41513e1507008fae6cf053c6314883e.php 第 110 行.
NOTIC: [8] Undefined variable: ul D:\wamp\www\99m\App\Runtime\Cache\Admin\e41513e1507008fae6cf053c6314883e.php 第 110 行.
INFO: Run Behavior\ParseTemplateBehavior [ RunTime:0.022002s ]
INFO: [ view_parse ] --END-- [ RunTime:0.022002s ]
INFO: [ view_filter ] --START--
INFO: Run Behavior\WriteHtmlCacheBehavior [ RunTime:0.002000s ]
INFO: [ view_filter ] --END-- [ RunTime:0.002000s ]
INFO: [ app_end ] --START--
INFO: Run Behavior\ShowPageTraceBehavior [ RunTime:0.001000s ]
INFO: [ app_end ] --END-- [ RunTime:0.001000s ]

[ 2016-03-14T17:08:53+08:00 ] 127.0.0.1 /99m/index.php/Admin/Goods/lists.html
INFO: [ app_init ] --START--
INFO: Run Behavior\BuildLiteBehavior [ RunTime:0.000000s ]
INFO: [ app_init ] --END-- [ RunTime:0.001000s ]
INFO: [ app_begin ] --START--
INFO: Run Behavior\ReadHtmlCacheBehavior [ RunTime:0.001000s ]
INFO: [ app_begin ] --END-- [ RunTime:0.001000s ]
SQL: SHOW COLUMNS FROM `tp_goods` [ RunTime:0.0060s ]
SQL: SELECT * FROM `tp_goods`  [ RunTime:0.0010s ]
INFO: [ view_parse ] --START--
INFO: [ template_filter ] --START--
INFO: Run Behavior\ContentReplaceBehavior [ RunTime:0.001000s ]
INFO: [ template_filter ] --END-- [ RunTime:0.001000s ]
NOTIC: [8] Undefined variable: ul D:\wamp\www\99m\App\Runtime\Cache\Admin\e41513e1507008fae6cf053c6314883e.php 第 110 行.
NOTIC: [8] Undefined variable: ul D:\wamp\www\99m\App\Runtime\Cache\Admin\e41513e1507008fae6cf053c6314883e.php 第 110 行.
NOTIC: [8] Undefined variable: ul D:\wamp\www\99m\App\Runtime\Cache\Admin\e41513e1507008fae6cf053c6314883e.php 第 110 行.
NOTIC: [8] Undefined variable: ul D:\wamp\www\99m\App\Runtime\Cache\Admin\e41513e1507008fae6cf053c6314883e.php 第 110 行.
NOTIC: [8] Undefined variable: ul D:\wamp\www\99m\App\Runtime\Cache\Admin\e41513e1507008fae6cf053c6314883e.php 第 110 行.
NOTIC: [8] Undefined variable: ul D:\wamp\www\99m\App\Runtime\Cache\Admin\e41513e1507008fae6cf053c6314883e.php 第 110 行.
NOTIC: [8] Undefined variable: ul D:\wamp\www\99m\App\Runtime\Cache\Admin\e41513e1507008fae6cf053c6314883e.php 第 110 行.
NOTIC: [8] Undefined variable: ul D:\wamp\www\99m\App\Runtime\Cache\Admin\e41513e1507008fae6cf053c6314883e.php 第 110 行.
NOTIC: [8] Undefined variable: ul D:\wamp\www\99m\App\Runtime\Cache\Admin\e41513e1507008fae6cf053c6314883e.php 第 110 行.
NOTIC: [8] Undefined variable: ul D:\wamp\www\99m\App\Runtime\Cache\Admin\e41513e1507008fae6cf053c6314883e.php 第 110 行.
NOTIC: [8] Undefined variable: ul D:\wamp\www\99m\App\Runtime\Cache\Admin\e41513e1507008fae6cf053c6314883e.php 第 110 行.
NOTIC: [8] Undefined variable: ul D:\wamp\www\99m\App\Runtime\Cache\Admin\e41513e1507008fae6cf053c6314883e.php 第 110 行.
INFO: Run Behavior\ParseTemplateBehavior [ RunTime:0.022001s ]
INFO: [ view_parse ] --END-- [ RunTime:0.022001s ]
INFO: [ view_filter ] --START--
INFO: Run Behavior\WriteHtmlCacheBehavior [ RunTime:0.001000s ]
INFO: [ view_filter ] --END-- [ RunTime:0.001000s ]
INFO: [ app_end ] --START--
INFO: Run Behavior\ShowPageTraceBehavior [ RunTime:0.001000s ]
INFO: [ app_end ] --END-- [ RunTime:0.002000s ]

[ 2016-03-14T17:08:55+08:00 ] 127.0.0.1 /99m/index.php/Admin/Goods/lists.html
INFO: [ app_init ] --START--
INFO: Run Behavior\BuildLiteBehavior [ RunTime:0.000000s ]
INFO: [ app_init ] --END-- [ RunTime:0.001000s ]
INFO: [ app_begin ] --START--
INFO: Run Behavior\ReadHtmlCacheBehavior [ RunTime:0.002000s ]
INFO: [ app_begin ] --END-- [ RunTime:0.002000s ]
SQL: SHOW COLUMNS FROM `tp_goods` [ RunTime:0.0060s ]
SQL: SELECT * FROM `tp_goods`  [ RunTime:0.0010s ]
INFO: [ view_parse ] --START--
INFO: [ template_filter ] --START--
INFO: Run Behavior\ContentReplaceBehavior [ RunTime:0.001000s ]
INFO: [ template_filter ] --END-- [ RunTime:0.001000s ]
NOTIC: [8] Undefined variable: ul D:\wamp\www\99m\App\Runtime\Cache\Admin\e41513e1507008fae6cf053c6314883e.php 第 110 行.
NOTIC: [8] Undefined variable: ul D:\wamp\www\99m\App\Runtime\Cache\Admin\e41513e1507008fae6cf053c6314883e.php 第 110 行.
NOTIC: [8] Undefined variable: ul D:\wamp\www\99m\App\Runtime\Cache\Admin\e41513e1507008fae6cf053c6314883e.php 第 110 行.
NOTIC: [8] Undefined variable: ul D:\wamp\www\99m\App\Runtime\Cache\Admin\e41513e1507008fae6cf053c6314883e.php 第 110 行.
NOTIC: [8] Undefined variable: ul D:\wamp\www\99m\App\Runtime\Cache\Admin\e41513e1507008fae6cf053c6314883e.php 第 110 行.
NOTIC: [8] Undefined variable: ul D:\wamp\www\99m\App\Runtime\Cache\Admin\e41513e1507008fae6cf053c6314883e.php 第 110 行.
NOTIC: [8] Undefined variable: ul D:\wamp\www\99m\App\Runtime\Cache\Admin\e41513e1507008fae6cf053c6314883e.php 第 110 行.
NOTIC: [8] Undefined variable: ul D:\wamp\www\99m\App\Runtime\Cache\Admin\e41513e1507008fae6cf053c6314883e.php 第 110 行.
NOTIC: [8] Undefined variable: ul D:\wamp\www\99m\App\Runtime\Cache\Admin\e41513e1507008fae6cf053c6314883e.php 第 110 行.
NOTIC: [8] Undefined variable: ul D:\wamp\www\99m\App\Runtime\Cache\Admin\e41513e1507008fae6cf053c6314883e.php 第 110 行.
NOTIC: [8] Undefined variable: ul D:\wamp\www\99m\App\Runtime\Cache\Admin\e41513e1507008fae6cf053c6314883e.php 第 110 行.
NOTIC: [8] Undefined variable: ul D:\wamp\www\99m\App\Runtime\Cache\Admin\e41513e1507008fae6cf053c6314883e.php 第 110 行.
INFO: Run Behavior\ParseTemplateBehavior [ RunTime:0.022001s ]
INFO: [ view_parse ] --END-- [ RunTime:0.022001s ]
INFO: [ view_filter ] --START--
INFO: Run Behavior\WriteHtmlCacheBehavior [ RunTime:0.001000s ]
INFO: [ view_filter ] --END-- [ RunTime:0.001000s ]
INFO: [ app_end ] --START--
INFO: Run Behavior\ShowPageTraceBehavior [ RunTime:0.002000s ]
INFO: [ app_end ] --END-- [ RunTime:0.003000s ]

[ 2016-03-14T17:08:55+08:00 ] 127.0.0.1 /99m/index.php/Admin/Goods/lists.html
INFO: [ app_init ] --START--
INFO: Run Behavior\BuildLiteBehavior [ RunTime:0.000000s ]
INFO: [ app_init ] --END-- [ RunTime:0.001000s ]
INFO: [ app_begin ] --START--
INFO: Run Behavior\ReadHtmlCacheBehavior [ RunTime:0.001000s ]
INFO: [ app_begin ] --END-- [ RunTime:0.001000s ]
SQL: SHOW COLUMNS FROM `tp_goods` [ RunTime:0.0080s ]
SQL: SELECT * FROM `tp_goods`  [ RunTime:0.0000s ]
INFO: [ view_parse ] --START--
INFO: [ template_filter ] --START--
INFO: Run Behavior\ContentReplaceBehavior [ RunTime:0.000000s ]
INFO: [ template_filter ] --END-- [ RunTime:0.001000s ]
NOTIC: [8] Undefined variable: ul D:\wamp\www\99m\App\Runtime\Cache\Admin\e41513e1507008fae6cf053c6314883e.php 第 110 行.
NOTIC: [8] Undefined variable: ul D:\wamp\www\99m\App\Runtime\Cache\Admin\e41513e1507008fae6cf053c6314883e.php 第 110 行.
NOTIC: [8] Undefined variable: ul D:\wamp\www\99m\App\Runtime\Cache\Admin\e41513e1507008fae6cf053c6314883e.php 第 110 行.
NOTIC: [8] Undefined variable: ul D:\wamp\www\99m\App\Runtime\Cache\Admin\e41513e1507008fae6cf053c6314883e.php 第 110 行.
NOTIC: [8] Undefined variable: ul D:\wamp\www\99m\App\Runtime\Cache\Admin\e41513e1507008fae6cf053c6314883e.php 第 110 行.
NOTIC: [8] Undefined variable: ul D:\wamp\www\99m\App\Runtime\Cache\Admin\e41513e1507008fae6cf053c6314883e.php 第 110 行.
NOTIC: [8] Undefined variable: ul D:\wamp\www\99m\App\Runtime\Cache\Admin\e41513e1507008fae6cf053c6314883e.php 第 110 行.
NOTIC: [8] Undefined variable: ul D:\wamp\www\99m\App\Runtime\Cache\Admin\e41513e1507008fae6cf053c6314883e.php 第 110 行.
NOTIC: [8] Undefined variable: ul D:\wamp\www\99m\App\Runtime\Cache\Admin\e41513e1507008fae6cf053c6314883e.php 第 110 行.
NOTIC: [8] Undefined variable: ul D:\wamp\www\99m\App\Runtime\Cache\Admin\e41513e1507008fae6cf053c6314883e.php 第 110 行.
NOTIC: [8] Undefined variable: ul D:\wamp\www\99m\App\Runtime\Cache\Admin\e41513e1507008fae6cf053c6314883e.php 第 110 行.
NOTIC: [8] Undefined variable: ul D:\wamp\www\99m\App\Runtime\Cache\Admin\e41513e1507008fae6cf053c6314883e.php 第 110 行.
INFO: Run Behavior\ParseTemplateBehavior [ RunTime:0.022001s ]
INFO: [ view_parse ] --END-- [ RunTime:0.022001s ]
INFO: [ view_filter ] --START--
INFO: Run Behavior\WriteHtmlCacheBehavior [ RunTime:0.001000s ]
INFO: [ view_filter ] --END-- [ RunTime:0.001000s ]
INFO: [ app_end ] --START--
INFO: Run Behavior\ShowPageTraceBehavior [ RunTime:0.001000s ]
INFO: [ app_end ] --END-- [ RunTime:0.001000s ]

[ 2016-03-14T17:08:55+08:00 ] 127.0.0.1 /99m/index.php/Admin/Goods/lists.html
INFO: [ app_init ] --START--
INFO: Run Behavior\BuildLiteBehavior [ RunTime:0.000000s ]
INFO: [ app_init ] --END-- [ RunTime:0.000000s ]
INFO: [ app_begin ] --START--
INFO: Run Behavior\ReadHtmlCacheBehavior [ RunTime:0.001000s ]
INFO: [ app_begin ] --END-- [ RunTime:0.001000s ]
SQL: SHOW COLUMNS FROM `tp_goods` [ RunTime:0.0070s ]
SQL: SELECT * FROM `tp_goods`  [ RunTime:0.0010s ]
INFO: [ view_parse ] --START--
INFO: [ template_filter ] --START--
INFO: Run Behavior\ContentReplaceBehavior [ RunTime:0.000000s ]
INFO: [ template_filter ] --END-- [ RunTime:0.001000s ]
NOTIC: [8] Undefined variable: ul D:\wamp\www\99m\App\Runtime\Cache\Admin\e41513e1507008fae6cf053c6314883e.php 第 110 行.
NOTIC: [8] Undefined variable: ul D:\wamp\www\99m\App\Runtime\Cache\Admin\e41513e1507008fae6cf053c6314883e.php 第 110 行.
NOTIC: [8] Undefined variable: ul D:\wamp\www\99m\App\Runtime\Cache\Admin\e41513e1507008fae6cf053c6314883e.php 第 110 行.
NOTIC: [8] Undefined variable: ul D:\wamp\www\99m\App\Runtime\Cache\Admin\e41513e1507008fae6cf053c6314883e.php 第 110 行.
NOTIC: [8] Undefined variable: ul D:\wamp\www\99m\App\Runtime\Cache\Admin\e41513e1507008fae6cf053c6314883e.php 第 110 行.
NOTIC: [8] Undefined variable: ul D:\wamp\www\99m\App\Runtime\Cache\Admin\e41513e1507008fae6cf053c6314883e.php 第 110 行.
NOTIC: [8] Undefined variable: ul D:\wamp\www\99m\App\Runtime\Cache\Admin\e41513e1507008fae6cf053c6314883e.php 第 110 行.
NOTIC: [8] Undefined variable: ul D:\wamp\www\99m\App\Runtime\Cache\Admin\e41513e1507008fae6cf053c6314883e.php 第 110 行.
NOTIC: [8] Undefined variable: ul D:\wamp\www\99m\App\Runtime\Cache\Admin\e41513e1507008fae6cf053c6314883e.php 第 110 行.
NOTIC: [8] Undefined variable: ul D:\wamp\www\99m\App\Runtime\Cache\Admin\e41513e1507008fae6cf053c6314883e.php 第 110 行.
NOTIC: [8] Undefined variable: ul D:\wamp\www\99m\App\Runtime\Cache\Admin\e41513e1507008fae6cf053c6314883e.php 第 110 行.
NOTIC: [8] Undefined variable: ul D:\wamp\www\99m\App\Runtime\Cache\Admin\e41513e1507008fae6cf053c6314883e.php 第 110 行.
INFO: Run Behavior\ParseTemplateBehavior [ RunTime:0.022001s ]
INFO: [ view_parse ] --END-- [ RunTime:0.022001s ]
INFO: [ view_filter ] --START--
INFO: Run Behavior\WriteHtmlCacheBehavior [ RunTime:0.002000s ]
INFO: [ view_filter ] --END-- [ RunTime:0.002000s ]
INFO: [ app_end ] --START--
INFO: Run Behavior\ShowPageTraceBehavior [ RunTime:0.002000s ]
INFO: [ app_end ] --END-- [ RunTime:0.002000s ]

[ 2016-03-14T17:09:07+08:00 ] 127.0.0.1 /99m/index.php/Admin/Goods/add.html
INFO: [ app_init ] --START--
INFO: Run Behavior\BuildLiteBehavior [ RunTime:0.001000s ]
INFO: [ app_init ] --END-- [ RunTime:0.001000s ]
INFO: [ app_begin ] --START--
INFO: Run Behavior\ReadHtmlCacheBehavior [ RunTime:0.001000s ]
INFO: [ app_begin ] --END-- [ RunTime:0.001000s ]
SQL: SHOW COLUMNS FROM `tp_goods` [ RunTime:0.0070s ]
SQL: INSERT INTO `tp_goods` (`title`,`price`,`create_time`,`update_time`) VALUES ('鞋子','58.69','1457946547','1457946547') [ RunTime:0.0000s ]
INFO: [ app_end ] --START--
INFO: Run Behavior\ShowPageTraceBehavior [ RunTime:0.001000s ]
INFO: [ app_end ] --END-- [ RunTime:0.001000s ]

[ 2016-03-14T17:13:32+08:00 ] 127.0.0.1 /99m/index.php/Admin/Goods/lists.html
INFO: [ app_init ] --START--
INFO: Run Behavior\BuildLiteBehavior [ RunTime:0.000000s ]
INFO: [ app_init ] --END-- [ RunTime:0.000000s ]
INFO: [ app_begin ] --START--
INFO: Run Behavior\ReadHtmlCacheBehavior [ RunTime:0.002000s ]
INFO: [ app_begin ] --END-- [ RunTime:0.002000s ]
SQL: SHOW COLUMNS FROM `tp_goods` [ RunTime:0.0060s ]
SQL: SELECT * FROM `tp_goods`  [ RunTime:0.0010s ]
INFO: [ view_parse ] --START--
INFO: [ template_filter ] --START--
INFO: Run Behavior\ContentReplaceBehavior [ RunTime:0.000000s ]
INFO: [ template_filter ] --END-- [ RunTime:0.000000s ]
NOTIC: [8] Undefined index: id D:\wamp\www\99m\App\Runtime\Cache\Admin\e41513e1507008fae6cf053c6314883e.php 第 105 行.
NOTIC: [8] Undefined variable: ul D:\wamp\www\99m\App\Runtime\Cache\Admin\e41513e1507008fae6cf053c6314883e.php 第 110 行.
NOTIC: [8] Undefined variable: ul D:\wamp\www\99m\App\Runtime\Cache\Admin\e41513e1507008fae6cf053c6314883e.php 第 110 行.
NOTIC: [8] Undefined index: id D:\wamp\www\99m\App\Runtime\Cache\Admin\e41513e1507008fae6cf053c6314883e.php 第 105 行.
NOTIC: [8] Undefined variable: ul D:\wamp\www\99m\App\Runtime\Cache\Admin\e41513e1507008fae6cf053c6314883e.php 第 110 行.
NOTIC: [8] Undefined variable: ul D:\wamp\www\99m\App\Runtime\Cache\Admin\e41513e1507008fae6cf053c6314883e.php 第 110 行.
NOTIC: [8] Undefined index: id D:\wamp\www\99m\App\Runtime\Cache\Admin\e41513e1507008fae6cf053c6314883e.php 第 105 行.
NOTIC: [8] Undefined variable: ul D:\wamp\www\99m\App\Runtime\Cache\Admin\e41513e1507008fae6cf053c6314883e.php 第 110 行.
NOTIC: [8] Undefined variable: ul D:\wamp\www\99m\App\Runtime\Cache\Admin\e41513e1507008fae6cf053c6314883e.php 第 110 行.
NOTIC: [8] Undefined index: id D:\wamp\www\99m\App\Runtime\Cache\Admin\e41513e1507008fae6cf053c6314883e.php 第 105 行.
NOTIC: [8] Undefined variable: ul D:\wamp\www\99m\App\Runtime\Cache\Admin\e41513e1507008fae6cf053c6314883e.php 第 110 行.
NOTIC: [8] Undefined variable: ul D:\wamp\www\99m\App\Runtime\Cache\Admin\e41513e1507008fae6cf053c6314883e.php 第 110 行.
NOTIC: [8] Undefined index: id D:\wamp\www\99m\App\Runtime\Cache\Admin\e41513e1507008fae6cf053c6314883e.php 第 105 行.
NOTIC: [8] Undefined variable: ul D:\wamp\www\99m\App\Runtime\Cache\Admin\e41513e1507008fae6cf053c6314883e.php 第 110 行.
NOTIC: [8] Undefined variable: ul D:\wamp\www\99m\App\Runtime\Cache\Admin\e41513e1507008fae6cf053c6314883e.php 第 110 行.
NOTIC: [8] Undefined index: id D:\wamp\www\99m\App\Runtime\Cache\Admin\e41513e1507008fae6cf053c6314883e.php 第 105 行.
NOTIC: [8] Undefined variable: ul D:\wamp\www\99m\App\Runtime\Cache\Admin\e41513e1507008fae6cf053c6314883e.php 第 110 行.
NOTIC: [8] Undefined variable: ul D:\wamp\www\99m\App\Runtime\Cache\Admin\e41513e1507008fae6cf053c6314883e.php 第 110 行.
NOTIC: [8] Undefined index: id D:\wamp\www\99m\App\Runtime\Cache\Admin\e41513e1507008fae6cf053c6314883e.php 第 105 行.
NOTIC: [8] Undefined variable: ul D:\wamp\www\99m\App\Runtime\Cache\Admin\e41513e1507008fae6cf053c6314883e.php 第 110 行.
NOTIC: [8] Undefined variable: ul D:\wamp\www\99m\App\Runtime\Cache\Admin\e41513e1507008fae6cf053c6314883e.php 第 110 行.
INFO: Run Behavior\ParseTemplateBehavior [ RunTime:0.023002s ]
INFO: [ view_parse ] --END-- [ RunTime:0.023002s ]
INFO: [ view_filter ] --START--
INFO: Run Behavior\WriteHtmlCacheBehavior [ RunTime:0.001000s ]
INFO: [ view_filter ] --END-- [ RunTime:0.001000s ]
INFO: [ app_end ] --START--
INFO: Run Behavior\ShowPageTraceBehavior [ RunTime:0.001000s ]
INFO: [ app_end ] --END-- [ RunTime:0.001000s ]

[ 2016-03-14T17:13:33+08:00 ] 127.0.0.1 /99m/index.php/Admin/Goods/lists.html
INFO: [ app_init ] --START--
INFO: Run Behavior\BuildLiteBehavior [ RunTime:0.000000s ]
INFO: [ app_init ] --END-- [ RunTime:0.000000s ]
INFO: [ app_begin ] --START--
INFO: Run Behavior\ReadHtmlCacheBehavior [ RunTime:0.002000s ]
INFO: [ app_begin ] --END-- [ RunTime:0.002000s ]
SQL: SHOW COLUMNS FROM `tp_goods` [ RunTime:0.0050s ]
SQL: SELECT * FROM `tp_goods`  [ RunTime:0.0010s ]
INFO: [ view_parse ] --START--
INFO: [ template_filter ] --START--
INFO: Run Behavior\ContentReplaceBehavior [ RunTime:0.000000s ]
INFO: [ template_filter ] --END-- [ RunTime:0.000000s ]
NOTIC: [8] Undefined index: id D:\wamp\www\99m\App\Runtime\Cache\Admin\e41513e1507008fae6cf053c6314883e.php 第 105 行.
NOTIC: [8] Undefined variable: ul D:\wamp\www\99m\App\Runtime\Cache\Admin\e41513e1507008fae6cf053c6314883e.php 第 110 行.
NOTIC: [8] Undefined variable: ul D:\wamp\www\99m\App\Runtime\Cache\Admin\e41513e1507008fae6cf053c6314883e.php 第 110 行.
NOTIC: [8] Undefined index: id D:\wamp\www\99m\App\Runtime\Cache\Admin\e41513e1507008fae6cf053c6314883e.php 第 105 行.
NOTIC: [8] Undefined variable: ul D:\wamp\www\99m\App\Runtime\Cache\Admin\e41513e1507008fae6cf053c6314883e.php 第 110 行.
NOTIC: [8] Undefined variable: ul D:\wamp\www\99m\App\Runtime\Cache\Admin\e41513e1507008fae6cf053c6314883e.php 第 110 行.
NOTIC: [8] Undefined index: id D:\wamp\www\99m\App\Runtime\Cache\Admin\e41513e1507008fae6cf053c6314883e.php 第 105 行.
NOTIC: [8] Undefined variable: ul D:\wamp\www\99m\App\Runtime\Cache\Admin\e41513e1507008fae6cf053c6314883e.php 第 110 行.
NOTIC: [8] Undefined variable: ul D:\wamp\www\99m\App\Runtime\Cache\Admin\e41513e1507008fae6cf053c6314883e.php 第 110 行.
NOTIC: [8] Undefined index: id D:\wamp\www\99m\App\Runtime\Cache\Admin\e41513e1507008fae6cf053c6314883e.php 第 105 行.
NOTIC: [8] Undefined variable: ul D:\wamp\www\99m\App\Runtime\Cache\Admin\e41513e1507008fae6cf053c6314883e.php 第 110 行.
NOTIC: [8] Undefined variable: ul D:\wamp\www\99m\App\Runtime\Cache\Admin\e41513e1507008fae6cf053c6314883e.php 第 110 行.
NOTIC: [8] Undefined index: id D:\wamp\www\99m\App\Runtime\Cache\Admin\e41513e1507008fae6cf053c6314883e.php 第 105 行.
NOTIC: [8] Undefined variable: ul D:\wamp\www\99m\App\Runtime\Cache\Admin\e41513e1507008fae6cf053c6314883e.php 第 110 行.
NOTIC: [8] Undefined variable: ul D:\wamp\www\99m\App\Runtime\Cache\Admin\e41513e1507008fae6cf053c6314883e.php 第 110 行.
NOTIC: [8] Undefined index: id D:\wamp\www\99m\App\Runtime\Cache\Admin\e41513e1507008fae6cf053c6314883e.php 第 105 行.
NOTIC: [8] Undefined variable: ul D:\wamp\www\99m\App\Runtime\Cache\Admin\e41513e1507008fae6cf053c6314883e.php 第 110 行.
NOTIC: [8] Undefined variable: ul D:\wamp\www\99m\App\Runtime\Cache\Admin\e41513e1507008fae6cf053c6314883e.php 第 110 行.
NOTIC: [8] Undefined index: id D:\wamp\www\99m\App\Runtime\Cache\Admin\e41513e1507008fae6cf053c6314883e.php 第 105 行.
NOTIC: [8] Undefined variable: ul D:\wamp\www\99m\App\Runtime\Cache\Admin\e41513e1507008fae6cf053c6314883e.php 第 110 行.
NOTIC: [8] Undefined variable: ul D:\wamp\www\99m\App\Runtime\Cache\Admin\e41513e1507008fae6cf053c6314883e.php 第 110 行.
INFO: Run Behavior\ParseTemplateBehavior [ RunTime:0.023001s ]
INFO: [ view_parse ] --END-- [ RunTime:0.023001s ]
INFO: [ view_filter ] --START--
INFO: Run Behavior\WriteHtmlCacheBehavior [ RunTime:0.001000s ]
INFO: [ view_filter ] --END-- [ RunTime:0.001000s ]
INFO: [ app_end ] --START--
INFO: Run Behavior\ShowPageTraceBehavior [ RunTime:0.002000s ]
INFO: [ app_end ] --END-- [ RunTime:0.002000s ]

[ 2016-03-14T17:13:43+08:00 ] 127.0.0.1 /99m/index.php/Admin/Goods/lists.html
INFO: [ app_init ] --START--
INFO: Run Behavior\BuildLiteBehavior [ RunTime:0.000000s ]
INFO: [ app_init ] --END-- [ RunTime:0.001000s ]
INFO: [ app_begin ] --START--
INFO: Run Behavior\ReadHtmlCacheBehavior [ RunTime:0.001000s ]
INFO: [ app_begin ] --END-- [ RunTime:0.001000s ]
SQL: SHOW COLUMNS FROM `tp_goods` [ RunTime:0.0060s ]
SQL: SELECT * FROM `tp_goods`  [ RunTime:0.0010s ]
INFO: [ view_parse ] --START--
INFO: [ template_filter ] --START--
INFO: Run Behavior\ContentReplaceBehavior [ RunTime:0.000000s ]
INFO: [ template_filter ] --END-- [ RunTime:0.001000s ]
NOTIC: [8] Undefined variable: ul D:\wamp\www\99m\App\Runtime\Cache\Admin\e41513e1507008fae6cf053c6314883e.php 第 110 行.
NOTIC: [8] Undefined variable: ul D:\wamp\www\99m\App\Runtime\Cache\Admin\e41513e1507008fae6cf053c6314883e.php 第 110 行.
NOTIC: [8] Undefined variable: ul D:\wamp\www\99m\App\Runtime\Cache\Admin\e41513e1507008fae6cf053c6314883e.php 第 110 行.
NOTIC: [8] Undefined variable: ul D:\wamp\www\99m\App\Runtime\Cache\Admin\e41513e1507008fae6cf053c6314883e.php 第 110 行.
NOTIC: [8] Undefined variable: ul D:\wamp\www\99m\App\Runtime\Cache\Admin\e41513e1507008fae6cf053c6314883e.php 第 110 行.
NOTIC: [8] Undefined variable: ul D:\wamp\www\99m\App\Runtime\Cache\Admin\e41513e1507008fae6cf053c6314883e.php 第 110 行.
NOTIC: [8] Undefined variable: ul D:\wamp\www\99m\App\Runtime\Cache\Admin\e41513e1507008fae6cf053c6314883e.php 第 110 行.
NOTIC: [8] Undefined variable: ul D:\wamp\www\99m\App\Runtime\Cache\Admin\e41513e1507008fae6cf053c6314883e.php 第 110 行.
NOTIC: [8] Undefined variable: ul D:\wamp\www\99m\App\Runtime\Cache\Admin\e41513e1507008fae6cf053c6314883e.php 第 110 行.
NOTIC: [8] Undefined variable: ul D:\wamp\www\99m\App\Runtime\Cache\Admin\e41513e1507008fae6cf053c6314883e.php 第 110 行.
NOTIC: [8] Undefined variable: ul D:\wamp\www\99m\App\Runtime\Cache\Admin\e41513e1507008fae6cf053c6314883e.php 第 110 行.
NOTIC: [8] Undefined variable: ul D:\wamp\www\99m\App\Runtime\Cache\Admin\e41513e1507008fae6cf053c6314883e.php 第 110 行.
NOTIC: [8] Undefined variable: ul D:\wamp\www\99m\App\Runtime\Cache\Admin\e41513e1507008fae6cf053c6314883e.php 第 110 行.
NOTIC: [8] Undefined variable: ul D:\wamp\www\99m\App\Runtime\Cache\Admin\e41513e1507008fae6cf053c6314883e.php 第 110 行.
INFO: Run Behavior\ParseTemplateBehavior [ RunTime:0.022001s ]
INFO: [ view_parse ] --END-- [ RunTime:0.023001s ]
INFO: [ view_filter ] --START--
INFO: Run Behavior\WriteHtmlCacheBehavior [ RunTime:0.001000s ]
INFO: [ view_filter ] --END-- [ RunTime:0.001000s ]
INFO: [ app_end ] --START--
INFO: Run Behavior\ShowPageTraceBehavior [ RunTime:0.001000s ]
INFO: [ app_end ] --END-- [ RunTime:0.001000s ]

[ 2016-03-14T17:17:04+08:00 ] 127.0.0.1 /99m/index.php/Admin/Goods/lists.html
INFO: [ app_init ] --START--
INFO: Run Behavior\BuildLiteBehavior [ RunTime:0.000000s ]
INFO: [ app_init ] --END-- [ RunTime:0.000000s ]
INFO: [ app_begin ] --START--
INFO: Run Behavior\ReadHtmlCacheBehavior [ RunTime:0.002000s ]
INFO: [ app_begin ] --END-- [ RunTime:0.002000s ]
SQL: SHOW COLUMNS FROM `tp_goods` [ RunTime:0.0060s ]
SQL: SELECT * FROM `tp_goods`  [ RunTime:0.0000s ]
INFO: [ view_parse ] --START--
INFO: [ template_filter ] --START--
INFO: Run Behavior\ContentReplaceBehavior [ RunTime:0.000000s ]
INFO: [ template_filter ] --END-- [ RunTime:0.000000s ]
NOTIC: [8] Undefined variable: goods_list D:\wamp\www\99m\App\Runtime\Cache\Admin\e41513e1507008fae6cf053c6314883e.php 第 104 行.
INFO: Run Behavior\ParseTemplateBehavior [ RunTime:0.019001s ]
INFO: [ view_parse ] --END-- [ RunTime:0.019001s ]
INFO: [ view_filter ] --START--
INFO: Run Behavior\WriteHtmlCacheBehavior [ RunTime:0.001000s ]
INFO: [ view_filter ] --END-- [ RunTime:0.001000s ]
INFO: [ app_end ] --START--
INFO: Run Behavior\ShowPageTraceBehavior [ RunTime:0.001000s ]
INFO: [ app_end ] --END-- [ RunTime:0.002000s ]

[ 2016-03-14T17:17:10+08:00 ] 127.0.0.1 /99m/index.php/Admin/Goods/lists.html
INFO: [ app_init ] --START--
INFO: Run Behavior\BuildLiteBehavior [ RunTime:0.000000s ]
INFO: [ app_init ] --END-- [ RunTime:0.000000s ]
INFO: [ app_begin ] --START--
INFO: Run Behavior\ReadHtmlCacheBehavior [ RunTime:0.002000s ]
INFO: [ app_begin ] --END-- [ RunTime:0.002000s ]
SQL: SHOW COLUMNS FROM `tp_goods` [ RunTime:0.0050s ]
SQL: SELECT * FROM `tp_goods`  [ RunTime:0.0000s ]
INFO: [ view_parse ] --START--
INFO: [ template_filter ] --START--
INFO: Run Behavior\ContentReplaceBehavior [ RunTime:0.000000s ]
INFO: [ template_filter ] --END-- [ RunTime:0.000000s ]
NOTIC: [8] Undefined variable: ul D:\wamp\www\99m\App\Runtime\Cache\Admin\e41513e1507008fae6cf053c6314883e.php 第 110 行.
NOTIC: [8] Undefined variable: ul D:\wamp\www\99m\App\Runtime\Cache\Admin\e41513e1507008fae6cf053c6314883e.php 第 110 行.
NOTIC: [8] Undefined variable: ul D:\wamp\www\99m\App\Runtime\Cache\Admin\e41513e1507008fae6cf053c6314883e.php 第 110 行.
NOTIC: [8] Undefined variable: ul D:\wamp\www\99m\App\Runtime\Cache\Admin\e41513e1507008fae6cf053c6314883e.php 第 110 行.
NOTIC: [8] Undefined variable: ul D:\wamp\www\99m\App\Runtime\Cache\Admin\e41513e1507008fae6cf053c6314883e.php 第 110 行.
NOTIC: [8] Undefined variable: ul D:\wamp\www\99m\App\Runtime\Cache\Admin\e41513e1507008fae6cf053c6314883e.php 第 110 行.
NOTIC: [8] Undefined variable: ul D:\wamp\www\99m\App\Runtime\Cache\Admin\e41513e1507008fae6cf053c6314883e.php 第 110 行.
NOTIC: [8] Undefined variable: ul D:\wamp\www\99m\App\Runtime\Cache\Admin\e41513e1507008fae6cf053c6314883e.php 第 110 行.
NOTIC: [8] Undefined variable: ul D:\wamp\www\99m\App\Runtime\Cache\Admin\e41513e1507008fae6cf053c6314883e.php 第 110 行.
NOTIC: [8] Undefined variable: ul D:\wamp\www\99m\App\Runtime\Cache\Admin\e41513e1507008fae6cf053c6314883e.php 第 110 行.
NOTIC: [8] Undefined variable: ul D:\wamp\www\99m\App\Runtime\Cache\Admin\e41513e1507008fae6cf053c6314883e.php 第 110 行.
NOTIC: [8] Undefined variable: ul D:\wamp\www\99m\App\Runtime\Cache\Admin\e41513e1507008fae6cf053c6314883e.php 第 110 行.
NOTIC: [8] Undefined variable: ul D:\wamp\www\99m\App\Runtime\Cache\Admin\e41513e1507008fae6cf053c6314883e.php 第 110 行.
NOTIC: [8] Undefined variable: ul D:\wamp\www\99m\App\Runtime\Cache\Admin\e41513e1507008fae6cf053c6314883e.php 第 110 行.
INFO: Run Behavior\ParseTemplateBehavior [ RunTime:0.023001s ]
INFO: [ view_parse ] --END-- [ RunTime:0.023001s ]
INFO: [ view_filter ] --START--
INFO: Run Behavior\WriteHtmlCacheBehavior [ RunTime:0.001000s ]
INFO: [ view_filter ] --END-- [ RunTime:0.001000s ]
INFO: [ app_end ] --START--
INFO: Run Behavior\ShowPageTraceBehavior [ RunTime:0.002000s ]
INFO: [ app_end ] --END-- [ RunTime:0.002000s ]

